                       :-) GROMACS - gmx mdrun, 2021 (-:

                            GROMACS is written by:
     Andrey Alekseenko              Emile Apol              Rossen Apostolov     
         Paul Bauer           Herman J.C. Berendsen           Par Bjelkmar       
       Christian Blau           Viacheslav Bolnykh             Kevin Boyd        
     Aldert van Buuren           Rudi van Drunen             Anton Feenstra      
    Gilles Gouaillardet             Alan Gray               Gerrit Groenhof      
       Anca Hamuraru            Vincent Hindriksen          M. Eric Irrgang      
      Aleksei Iupinov           Christoph Junghans             Joe Jordan        
    Dimitrios Karkoulis            Peter Kasson                Jiri Kraus        
      Carsten Kutzner              Per Larsson              Justin A. Lemkul     
       Viveca Lindahl            Magnus Lundborg             Erik Marklund       
        Pascal Merz             Pieter Meulenhoff            Teemu Murtola       
        Szilard Pall               Sander Pronk              Roland Schulz       
       Michael Shirts            Alexey Shvetsov             Alfons Sijbers      
       Peter Tieleman              Jon Vincent              Teemu Virolainen     
     Christian Wennberg            Maarten Wolf              Artem Zhmurov       
                           and the project leaders:
        Mark Abraham, Berk Hess, Erik Lindahl, and David van der Spoel

Copyright (c) 1991-2000, University of Groningen, The Netherlands.
Copyright (c) 2001-2019, The GROMACS development team at
Uppsala University, Stockholm University and
the Royal Institute of Technology, Sweden.
check out http://www.gromacs.org for more information.

GROMACS is free software; you can redistribute it and/or modify it
under the terms of the GNU Lesser General Public License
as published by the Free Software Foundation; either version 2.1
of the License, or (at your option) any later version.

GROMACS:      gmx mdrun, version 2021
Executable:   /usr/local/gromacs/bin/gmx
Data prefix:  /usr/local/gromacs
Working dir:  /Users/samiransen23/BILAYERMIX_PROJECT/examples/ecoli/prepare_gromacs/ecoli-curved
Process ID:   11954
Command line:
  gmx mdrun -deffnm out/step6.3_equilibration -nsteps 100000 -rdd 1.3 -v

GROMACS version:    2021
Verified release checksum is 3e06a5865d6ff726fc417dea8d55afd37ac3cbb94c02c54c76d7a881c49c5dd8
Precision:          mixed
Memory model:       64 bit
MPI library:        thread_mpi
OpenMP support:     disabled
GPU support:        disabled
SIMD instructions:  AVX2_256
FFT library:        fftw-3.3.8-sse2
RDTSCP usage:       enabled
TNG support:        enabled
Hwloc support:      disabled
Tracing support:    disabled
C compiler:         /Library/Developer/CommandLineTools/usr/bin/cc AppleClang 12.0.5.12050022
C compiler flags:   -mavx2 -mfma -Wno-unknown-pragmas -Wno-missing-field-initializers -fno-stack-check -fno-stack-check -O3 -DNDEBUG
C++ compiler:       /Library/Developer/CommandLineTools/usr/bin/c++ AppleClang 12.0.5.12050022
C++ compiler flags: -mavx2 -mfma -Wno-unknown-pragmas -Wno-missing-field-initializers -fno-stack-check -fno-stack-check -Weverything -Wno-c++98-compat -Wno-c++98-compat-pedantic -Wno-source-uses-openmp -Wno-c++17-extensions -Wno-documentation-unknown-command -Wno-covered-switch-default -Wno-switch-enum -Wno-extra-semi-stmt -Wno-disabled-macro-expansion -Wno-cast-align -Wno-reserved-id-macro -Wno-global-constructors -Wno-exit-time-destructors -Wno-unused-macros -Wno-weak-vtables -Wno-conditional-uninitialized -Wno-format-nonliteral -Wno-shadow -Wno-cast-qual -Wno-documentation -Wno-used-but-marked-unused -Wno-padded -Wno-float-equal -Wno-old-style-cast -Wno-conversion -Wno-double-promotion -O3 -DNDEBUG


Running on 1 node with total 8 cores, 8 logical cores
Hardware detected:
  CPU info:
    Vendor: Intel
    Brand:  Intel(R) Core(TM) i7-8557U CPU @ 1.70GHz
    Family: 6   Model: 142   Stepping: 10
    Features: aes apic avx avx2 clfsh cmov cx8 cx16 f16c fma htt intel lahf mmx msr nonstop_tsc pcid pclmuldq pdcm pdpe1gb popcnt pse rdrnd rdtscp sse2 sse3 sse4.1 sse4.2 ssse3 tdt x2apic
  Hardware topology: Only logical processor count


++++ PLEASE READ AND CITE THE FOLLOWING REFERENCE ++++
M. J. Abraham, T. Murtola, R. Schulz, S. Páll, J. C. Smith, B. Hess, E.
Lindahl
GROMACS: High performance molecular simulations through multi-level
parallelism from laptops to supercomputers
SoftwareX 1 (2015) pp. 19-25
-------- -------- --- Thank You --- -------- --------


++++ PLEASE READ AND CITE THE FOLLOWING REFERENCE ++++
S. Páll, M. J. Abraham, C. Kutzner, B. Hess, E. Lindahl
Tackling Exascale Software Challenges in Molecular Dynamics Simulations with
GROMACS
In S. Markidis & E. Laure (Eds.), Solving Software Challenges for Exascale 8759 (2015) pp. 3-27
-------- -------- --- Thank You --- -------- --------


++++ PLEASE READ AND CITE THE FOLLOWING REFERENCE ++++
S. Pronk, S. Páll, R. Schulz, P. Larsson, P. Bjelkmar, R. Apostolov, M. R.
Shirts, J. C. Smith, P. M. Kasson, D. van der Spoel, B. Hess, and E. Lindahl
GROMACS 4.5: a high-throughput and highly parallel open source molecular
simulation toolkit
Bioinformatics 29 (2013) pp. 845-54
-------- -------- --- Thank You --- -------- --------


++++ PLEASE READ AND CITE THE FOLLOWING REFERENCE ++++
B. Hess and C. Kutzner and D. van der Spoel and E. Lindahl
GROMACS 4: Algorithms for highly efficient, load-balanced, and scalable
molecular simulation
J. Chem. Theory Comput. 4 (2008) pp. 435-447
-------- -------- --- Thank You --- -------- --------


++++ PLEASE READ AND CITE THE FOLLOWING REFERENCE ++++
D. van der Spoel, E. Lindahl, B. Hess, G. Groenhof, A. E. Mark and H. J. C.
Berendsen
GROMACS: Fast, Flexible and Free
J. Comp. Chem. 26 (2005) pp. 1701-1719
-------- -------- --- Thank You --- -------- --------


++++ PLEASE READ AND CITE THE FOLLOWING REFERENCE ++++
E. Lindahl and B. Hess and D. van der Spoel
GROMACS 3.0: A package for molecular simulation and trajectory analysis
J. Mol. Mod. 7 (2001) pp. 306-317
-------- -------- --- Thank You --- -------- --------


++++ PLEASE READ AND CITE THE FOLLOWING REFERENCE ++++
H. J. C. Berendsen, D. van der Spoel and R. van Drunen
GROMACS: A message-passing parallel molecular dynamics implementation
Comp. Phys. Comm. 91 (1995) pp. 43-56
-------- -------- --- Thank You --- -------- --------


++++ PLEASE CITE THE DOI FOR THIS VERSION OF GROMACS ++++
https://doi.org/10.5281/zenodo.4457626
-------- -------- --- Thank You --- -------- --------

Input Parameters:
   integrator                     = md
   tinit                          = 0
   dt                             = 0.005
   nsteps                         = 200000
   init-step                      = 0
   simulation-part                = 1
   mts                            = false
   comm-mode                      = Linear
   nstcomm                        = 100
   bd-fric                        = 0
   ld-seed                        = -390891525
   emtol                          = 10
   emstep                         = 0.01
   niter                          = 20
   fcstep                         = 0
   nstcgsteep                     = 1000
   nbfgscorr                      = 10
   rtpi                           = 0.05
   nstxout                        = 1000
   nstvout                        = 0
   nstfout                        = 0
   nstlog                         = 1000
   nstcalcenergy                  = 100
   nstenergy                      = 1000
   nstxout-compressed             = 1000
   compressed-x-precision         = 100
   cutoff-scheme                  = Verlet
   nstlist                        = 20
   pbc                            = xyz
   periodic-molecules             = false
   verlet-buffer-tolerance        = 0.005
   rlist                          = 1.1
   coulombtype                    = Reaction-Field
   coulomb-modifier               = Potential-shift
   rcoulomb-switch                = 0
   rcoulomb                       = 1.1
   epsilon-r                      = 15
   epsilon-rf                     = inf
   vdw-type                       = Cut-off
   vdw-modifier                   = Potential-shift
   rvdw-switch                    = 0
   rvdw                           = 1.1
   DispCorr                       = No
   table-extension                = 1
   fourierspacing                 = 0.12
   fourier-nx                     = 0
   fourier-ny                     = 0
   fourier-nz                     = 0
   pme-order                      = 4
   ewald-rtol                     = 1e-05
   ewald-rtol-lj                  = 0.001
   lj-pme-comb-rule               = Geometric
   ewald-geometry                 = 0
   epsilon-surface                = 0
   tcoupl                         = V-rescale
   nsttcouple                     = 10
   nh-chain-length                = 0
   print-nose-hoover-chain-variables = false
   pcoupl                         = No
   pcoupltype                     = Isotropic
   nstpcouple                     = -1
   tau-p                          = 1
   compressibility (3x3):
      compressibility[    0]={ 0.00000e+00,  0.00000e+00,  0.00000e+00}
      compressibility[    1]={ 0.00000e+00,  0.00000e+00,  0.00000e+00}
      compressibility[    2]={ 0.00000e+00,  0.00000e+00,  0.00000e+00}
   ref-p (3x3):
      ref-p[    0]={ 0.00000e+00,  0.00000e+00,  0.00000e+00}
      ref-p[    1]={ 0.00000e+00,  0.00000e+00,  0.00000e+00}
      ref-p[    2]={ 0.00000e+00,  0.00000e+00,  0.00000e+00}
   refcoord-scaling               = All
   posres-com (3):
      posres-com[0]= 0.00000e+00
      posres-com[1]= 0.00000e+00
      posres-com[2]= 0.00000e+00
   posres-comB (3):
      posres-comB[0]= 0.00000e+00
      posres-comB[1]= 0.00000e+00
      posres-comB[2]= 0.00000e+00
   QMMM                           = false
qm-opts:
   ngQM                           = 0
   constraint-algorithm           = Lincs
   continuation                   = false
   Shake-SOR                      = false
   shake-tol                      = 0.0001
   lincs-order                    = 4
   lincs-iter                     = 1
   lincs-warnangle                = 30
   nwall                          = 0
   wall-type                      = 9-3
   wall-r-linpot                  = -1
   wall-atomtype[0]               = -1
   wall-atomtype[1]               = -1
   wall-density[0]                = 0
   wall-density[1]                = 0
   wall-ewald-zfac                = 3
   pull                           = false
   awh                            = false
   rotation                       = false
   interactiveMD                  = false
   disre                          = No
   disre-weighting                = Conservative
   disre-mixed                    = false
   dr-fc                          = 1000
   dr-tau                         = 0
   nstdisreout                    = 100
   orire-fc                       = 0
   orire-tau                      = 0
   nstorireout                    = 100
   free-energy                    = no
   cos-acceleration               = 0
   deform (3x3):
      deform[    0]={ 0.00000e+00,  0.00000e+00,  0.00000e+00}
      deform[    1]={ 0.00000e+00,  0.00000e+00,  0.00000e+00}
      deform[    2]={ 0.00000e+00,  0.00000e+00,  0.00000e+00}
   simulated-tempering            = false
   swapcoords                     = no
   userint1                       = 0
   userint2                       = 0
   userint3                       = 0
   userint4                       = 0
   userreal1                      = 0
   userreal2                      = 0
   userreal3                      = 0
   userreal4                      = 0
   applied-forces:
     electric-field:
       x:
         E0                       = 0
         omega                    = 0
         t0                       = 0
         sigma                    = 0
       y:
         E0                       = 0
         omega                    = 0
         t0                       = 0
         sigma                    = 0
       z:
         E0                       = 0
         omega                    = 0
         t0                       = 0
         sigma                    = 0
     density-guided-simulation:
       active                     = false
       group                      = protein
       similarity-measure         = inner-product
       atom-spreading-weight      = unity
       force-constant             = 1e+09
       gaussian-transform-spreading-width = 0.2
       gaussian-transform-spreading-range-in-multiples-of-width = 4
       reference-density-filename = reference.mrc
       nst                        = 1
       normalize-densities        = true
       adaptive-force-scaling     = false
       adaptive-force-scaling-time-constant = 4
       shift-vector               = 
       transformation-matrix      = 
grpopts:
   nrdf:     42073.6     33784.9     13166.6
   ref-t:      303.15      303.15           0
   tau-t:           1           1           1
annealing:          No          No          No
annealing-npoints:           0           0           0
   acc:	           0           0           0
   nfreeze:           N           N           N
   energygrp-flags[  0]: 0

The -nsteps functionality is deprecated, and may be removed in a future version. Consider using gmx convert-tpr -nsteps or changing the appropriate .mdp file field.

Overriding nsteps with value passed on the command line: 100000 steps, 500 ps
Changing nstlist from 20 to 100, rlist from 1.1 to 1.215


Initializing Domain Decomposition on 8 ranks
Dynamic load balancing: auto
Minimum cell size due to atom displacement: 0.630 nm
Minimum cell size due to bonded interactions: 1.300 nm
Scaling the initial minimum size with 1/0.8 (option -dds) = 1.25
Optimizing the DD grid for 8 cells with a minimum initial size of 1.625 nm
The maximum allowed number of cells is: X 6 Y 14 Z 20
Domain decomposition grid 2 x 2 x 2, separate PME ranks 0
Domain decomposition rank 0, coordinates 0 0 0

The initial number of communication pulses is: X 1 Y 1 Z 1
The initial domain decomposition cell size is: X 5.00 nm Y 12.00 nm Z 16.50 nm

The maximum allowed distance for atoms involved in interactions is:
                 non-bonded interactions           1.215 nm
            two-body bonded interactions  (-rdd)   1.300 nm
          multi-body bonded interactions  (-rdd)   1.300 nm

When dynamic load balancing gets turned on, these settings will change to:
The maximum number of communication pulses is: X 1 Y 1 Z 1
The minimum size for domain decomposition cells is 1.300 nm
The requested allowed shrink of DD cells (option -dds) is: 0.80
The allowed shrink of domain decomposition cells is: X 0.26 Y 0.11 Z 0.08
The maximum allowed distance for atoms involved in interactions is:
                 non-bonded interactions           1.215 nm
            two-body bonded interactions  (-rdd)   1.300 nm
          multi-body bonded interactions  (-rdd)   1.300 nm

Using 8 MPI threads
System total charge: -807.000
Reaction-Field:
epsRF = 0, rc = 1.1, krf = 0.375657, crf = 1.36364, epsfac = 9.26236
The electrostatics potential has its minimum at r = 1.1
Potential shift: LJ r^-12: -3.186e-01 r^-6: -5.645e-01


Using SIMD 4x8 nonbonded short-range kernels

Using a dual 4x8 pair-list setup updated with dynamic pruning:
  outer list: updated every 100 steps, buffer 0.115 nm, rlist 1.215 nm
  inner list: updated every  28 steps, buffer 0.001 nm, rlist 1.101 nm
At tolerance 0.005 kJ/mol/ps per atom, equivalent classical 1x1 list would be:
  outer list: updated every 100 steps, buffer 0.223 nm, rlist 1.323 nm
  inner list: updated every  28 steps, buffer 0.035 nm, rlist 1.135 nm

Using full Lennard-Jones parameter combination matrix
Removing pbc first time

Linking all bonded interactions to atoms


Intra-simulation communication will occur every 10 steps.

++++ PLEASE READ AND CITE THE FOLLOWING REFERENCE ++++
G. Bussi, D. Donadio and M. Parrinello
Canonical sampling through velocity rescaling
J. Chem. Phys. 126 (2007) pp. 014101
-------- -------- --- Thank You --- -------- --------

There are: 29676 Atoms
Atom distribution over 8 domains: av 3709 stddev 86 min 3607 max 3793
Center of mass motion removal mode is Linear
We have the following groups for center of mass motion removal:
  0:  rest
Initial temperature: 254.825 K

Started mdrun on rank 0 Wed Jun  8 16:12:20 2022

           Step           Time
              0        0.00000

   Energies (kJ/mol)
           Bond       G96Angle        LJ (SR)   Coulomb (SR) Position Rest.
    3.85571e+04    1.77067e+04   -4.35949e+05   -1.30742e+04    3.68407e-06
      Potential    Kinetic En.   Total Energy  Conserved En.    Temperature
   -3.92760e+05    9.43493e+04   -2.98410e+05   -2.98410e+05    2.54931e+02
 Pressure (bar)
   -5.08718e+00


DD  step 99 load imb.: force 13.5%

step 200 Turning on dynamic load balancing, because the performance loss due to load imbalance is 8.3 %.

DD  step 999  vol min/aver 0.941  load imb.: force  3.4%
           Step           Time
           1000        5.00000

   Energies (kJ/mol)
           Bond       G96Angle        LJ (SR)   Coulomb (SR) Position Rest.
    3.90927e+04    1.76804e+04   -4.36412e+05   -1.28825e+04    4.07784e+01
      Potential    Kinetic En.   Total Energy  Conserved En.    Temperature
   -3.92481e+05    9.55326e+04   -2.96948e+05   -2.99332e+05    2.58128e+02
 Pressure (bar)
   -3.28029e+00


DD  step 1999  vol min/aver 0.928  load imb.: force  3.4%
           Step           Time
           2000       10.00000

   Energies (kJ/mol)
           Bond       G96Angle        LJ (SR)   Coulomb (SR) Position Rest.
    3.94546e+04    1.80388e+04   -4.36229e+05   -1.30149e+04    3.94852e+01
      Potential    Kinetic En.   Total Energy  Conserved En.    Temperature
   -3.91711e+05    9.48154e+04   -2.96896e+05   -3.00291e+05    2.56190e+02
 Pressure (bar)
   -4.38686e+00


DD  step 2999  vol min/aver 0.923  load imb.: force  3.0%
           Step           Time
           3000       15.00000

   Energies (kJ/mol)
           Bond       G96Angle        LJ (SR)   Coulomb (SR) Position Rest.
    3.90529e+04    1.78350e+04   -4.34978e+05   -1.29801e+04    4.16981e+01
      Potential    Kinetic En.   Total Energy  Conserved En.    Temperature
   -3.91028e+05    9.60888e+04   -2.94939e+05   -3.01258e+05    2.59631e+02
 Pressure (bar)
   -2.27499e+00


DD  step 3999  vol min/aver 0.938  load imb.: force  4.2%

step 4000 Turning off dynamic load balancing, because it is degrading performance.
Atom distribution over 8 domains: av 3709 stddev 86 min 3608 max 3780
           Step           Time
           4000       20.00000

   Energies (kJ/mol)
           Bond       G96Angle        LJ (SR)   Coulomb (SR) Position Rest.
    3.89968e+04    1.77563e+04   -4.35825e+05   -1.26485e+04    6.18100e+01
      Potential    Kinetic En.   Total Energy  Conserved En.    Temperature
   -3.91658e+05    9.59536e+04   -2.95705e+05   -3.02228e+05    2.59266e+02
 Pressure (bar)
   -1.02364e+01


DD  step 4999 load imb.: force  5.1%
           Step           Time
           5000       25.00000

   Energies (kJ/mol)
           Bond       G96Angle        LJ (SR)   Coulomb (SR) Position Rest.
    3.83144e+04    1.80039e+04   -4.35097e+05   -1.26301e+04    4.33252e+01
      Potential    Kinetic En.   Total Energy  Conserved En.    Temperature
   -3.91366e+05    9.58815e+04   -2.95484e+05   -3.03193e+05    2.59071e+02
 Pressure (bar)
   -2.41113e-01


DD  step 5999 load imb.: force 14.5%
           Step           Time
           6000       30.00000

   Energies (kJ/mol)
           Bond       G96Angle        LJ (SR)   Coulomb (SR) Position Rest.
    3.87896e+04    1.82291e+04   -4.35420e+05   -1.28244e+04    5.40272e+01
      Potential    Kinetic En.   Total Energy  Conserved En.    Temperature
   -3.91171e+05    9.55950e+04   -2.95576e+05   -3.04168e+05    2.58297e+02
 Pressure (bar)
   -8.71396e+00


DD  step 6999 load imb.: force  8.0%
           Step           Time
           7000       35.00000

   Energies (kJ/mol)
           Bond       G96Angle        LJ (SR)   Coulomb (SR) Position Rest.
    3.92540e+04    1.77887e+04   -4.35973e+05   -1.29579e+04    3.50598e+01
      Potential    Kinetic En.   Total Energy  Conserved En.    Temperature
   -3.91853e+05    9.48368e+04   -2.97016e+05   -3.05147e+05    2.56248e+02
 Pressure (bar)
   -8.68316e+00


DD  step 7999 load imb.: force  6.9%
           Step           Time
           8000       40.00000

   Energies (kJ/mol)
           Bond       G96Angle        LJ (SR)   Coulomb (SR) Position Rest.
    3.89667e+04    1.76683e+04   -4.35663e+05   -1.31226e+04    4.06722e+01
      Potential    Kinetic En.   Total Energy  Conserved En.    Temperature
   -3.92110e+05    9.56045e+04   -2.96505e+05   -3.06124e+05    2.58322e+02
 Pressure (bar)
   -1.01335e+01


DD  step 8999 load imb.: force  8.7%
           Step           Time
           9000       45.00000

   Energies (kJ/mol)
           Bond       G96Angle        LJ (SR)   Coulomb (SR) Position Rest.
    3.90724e+04    1.76770e+04   -4.35151e+05   -1.29881e+04    4.18785e+01
      Potential    Kinetic En.   Total Energy  Conserved En.    Temperature
   -3.91348e+05    9.56744e+04   -2.95674e+05   -3.07090e+05    2.58511e+02
 Pressure (bar)
   -4.34163e+00


DD  step 9999 load imb.: force  8.2%

step 10000 Turning on dynamic load balancing, because the performance loss due to load imbalance is 5.7 %.
           Step           Time
          10000       50.00000

   Energies (kJ/mol)
           Bond       G96Angle        LJ (SR)   Coulomb (SR) Position Rest.
    3.87179e+04    1.76429e+04   -4.35278e+05   -1.30383e+04    2.94838e+01
      Potential    Kinetic En.   Total Energy  Conserved En.    Temperature
   -3.91926e+05    9.46880e+04   -2.97238e+05   -3.08061e+05    2.55846e+02
 Pressure (bar)
   -5.66695e+00


DD  step 10999  vol min/aver 0.925  load imb.: force  4.5%
           Step           Time
          11000       55.00000

   Energies (kJ/mol)
           Bond       G96Angle        LJ (SR)   Coulomb (SR) Position Rest.
    3.82247e+04    1.79839e+04   -4.34406e+05   -1.29800e+04    3.36823e+01
      Potential    Kinetic En.   Total Energy  Conserved En.    Temperature
   -3.91144e+05    9.52152e+04   -2.95929e+05   -3.08985e+05    2.57271e+02
 Pressure (bar)
   -1.72076e+01


DD  step 11999  vol min/aver 0.921  load imb.: force  3.4%

step 12000 Turning off dynamic load balancing, because it is degrading performance.
Atom distribution over 8 domains: av 3709 stddev 83 min 3591 max 3763
           Step           Time
          12000       60.00000

   Energies (kJ/mol)
           Bond       G96Angle        LJ (SR)   Coulomb (SR) Position Rest.
    3.86258e+04    1.76456e+04   -4.35447e+05   -1.27012e+04    5.15541e+01
      Potential    Kinetic En.   Total Energy  Conserved En.    Temperature
   -3.91826e+05    9.43939e+04   -2.97432e+05   -3.09943e+05    2.55051e+02
 Pressure (bar)
   -8.87554e+00


DD  step 12999 load imb.: force  5.5%
           Step           Time
          13000       65.00000

   Energies (kJ/mol)
           Bond       G96Angle        LJ (SR)   Coulomb (SR) Position Rest.
    3.97567e+04    1.79271e+04   -4.35796e+05   -1.26744e+04    5.30611e+01
      Potential    Kinetic En.   Total Energy  Conserved En.    Temperature
   -3.90733e+05    9.51101e+04   -2.95623e+05   -3.10914e+05    2.56987e+02
 Pressure (bar)
   -7.45784e+00


DD  step 13999 load imb.: force  9.8%
           Step           Time
          14000       70.00000

   Energies (kJ/mol)
           Bond       G96Angle        LJ (SR)   Coulomb (SR) Position Rest.
    3.86823e+04    1.75210e+04   -4.35781e+05   -1.28602e+04    4.70588e+01
      Potential    Kinetic En.   Total Energy  Conserved En.    Temperature
   -3.92391e+05    9.61464e+04   -2.96244e+05   -3.11885e+05    2.59787e+02
 Pressure (bar)
    3.43271e+00


DD  step 14999 load imb.: force  9.9%
           Step           Time
          15000       75.00000

   Energies (kJ/mol)
           Bond       G96Angle        LJ (SR)   Coulomb (SR) Position Rest.
    3.83248e+04    1.77234e+04   -4.37037e+05   -1.29517e+04    4.50143e+01
      Potential    Kinetic En.   Total Energy  Conserved En.    Temperature
   -3.93896e+05    9.55383e+04   -2.98357e+05   -3.12866e+05    2.58144e+02
 Pressure (bar)
    1.80056e+00


DD  step 15999 load imb.: force  8.6%
           Step           Time
          16000       80.00000

   Energies (kJ/mol)
           Bond       G96Angle        LJ (SR)   Coulomb (SR) Position Rest.
    3.81537e+04    1.78228e+04   -4.35939e+05   -1.30952e+04    4.51519e+01
      Potential    Kinetic En.   Total Energy  Conserved En.    Temperature
   -3.93013e+05    9.52046e+04   -2.97808e+05   -3.13843e+05    2.57242e+02
 Pressure (bar)
   -8.12918e+00


DD  step 16999 load imb.: force  6.6%
           Step           Time
          17000       85.00000

   Energies (kJ/mol)
           Bond       G96Angle        LJ (SR)   Coulomb (SR) Position Rest.
    3.90023e+04    1.79967e+04   -4.36391e+05   -1.31450e+04    5.12576e+01
      Potential    Kinetic En.   Total Energy  Conserved En.    Temperature
   -3.92485e+05    9.54128e+04   -2.97073e+05   -3.14806e+05    2.57804e+02
 Pressure (bar)
   -1.75956e+00


DD  step 17999 load imb.: force  7.7%
           Step           Time
          18000       90.00000

   Energies (kJ/mol)
           Bond       G96Angle        LJ (SR)   Coulomb (SR) Position Rest.
    3.86789e+04    1.77054e+04   -4.34965e+05   -1.31285e+04    4.85006e+01
      Potential    Kinetic En.   Total Energy  Conserved En.    Temperature
   -3.91661e+05    9.49445e+04   -2.96717e+05   -3.15771e+05    2.56539e+02
 Pressure (bar)
   -7.25614e+00


DD  step 18999 load imb.: force  5.8%
           Step           Time
          19000       95.00000

   Energies (kJ/mol)
           Bond       G96Angle        LJ (SR)   Coulomb (SR) Position Rest.
    3.85793e+04    1.78679e+04   -4.35446e+05   -1.30568e+04    4.75999e+01
      Potential    Kinetic En.   Total Energy  Conserved En.    Temperature
   -3.92008e+05    9.55899e+04   -2.96418e+05   -3.16734e+05    2.58283e+02
 Pressure (bar)
   -4.34438e+00


DD  step 19999 load imb.: force  7.1%
           Step           Time
          20000      100.00000

   Energies (kJ/mol)
           Bond       G96Angle        LJ (SR)   Coulomb (SR) Position Rest.
    3.87663e+04    1.76778e+04   -4.34873e+05   -1.30098e+04    3.66886e+01
      Potential    Kinetic En.   Total Energy  Conserved En.    Temperature
   -3.91402e+05    9.53363e+04   -2.96066e+05   -3.17699e+05    2.57598e+02
 Pressure (bar)
   -2.94434e+00


DD  step 20999 load imb.: force  9.4%
           Step           Time
          21000      105.00000

   Energies (kJ/mol)
           Bond       G96Angle        LJ (SR)   Coulomb (SR) Position Rest.
    3.93384e+04    1.76515e+04   -4.34161e+05   -1.31074e+04    4.61585e+01
      Potential    Kinetic En.   Total Energy  Conserved En.    Temperature
   -3.90232e+05    9.58984e+04   -2.94334e+05   -3.18673e+05    2.59117e+02
 Pressure (bar)
   -1.36166e+01


DD  step 21999 load imb.: force  7.3%
           Step           Time
          22000      110.00000

   Energies (kJ/mol)
           Bond       G96Angle        LJ (SR)   Coulomb (SR) Position Rest.
    3.88051e+04    1.74868e+04   -4.35312e+05   -1.30840e+04    4.55957e+01
      Potential    Kinetic En.   Total Energy  Conserved En.    Temperature
   -3.92059e+05    9.54769e+04   -2.96582e+05   -3.19653e+05    2.57978e+02
 Pressure (bar)
    1.90383e+00


DD  step 22999 load imb.: force  8.8%
           Step           Time
          23000      115.00000

   Energies (kJ/mol)
           Bond       G96Angle        LJ (SR)   Coulomb (SR) Position Rest.
    3.88918e+04    1.76594e+04   -4.37476e+05   -1.31175e+04    4.77623e+01
      Potential    Kinetic En.   Total Energy  Conserved En.    Temperature
   -3.93994e+05    9.63050e+04   -2.97689e+05   -3.20627e+05    2.60215e+02
 Pressure (bar)
   -2.88577e+00


DD  step 23999 load imb.: force  8.2%
           Step           Time
          24000      120.00000

   Energies (kJ/mol)
           Bond       G96Angle        LJ (SR)   Coulomb (SR) Position Rest.
    3.85521e+04    1.80337e+04   -4.36381e+05   -1.29561e+04    3.70805e+01
      Potential    Kinetic En.   Total Energy  Conserved En.    Temperature
   -3.92714e+05    9.47937e+04   -2.97920e+05   -3.21585e+05    2.56132e+02
 Pressure (bar)
   -4.65742e+00


DD  step 24999 load imb.: force  7.5%
           Step           Time
          25000      125.00000

   Energies (kJ/mol)
           Bond       G96Angle        LJ (SR)   Coulomb (SR) Position Rest.
    3.84009e+04    1.79801e+04   -4.36225e+05   -1.27902e+04    4.62941e+01
      Potential    Kinetic En.   Total Energy  Conserved En.    Temperature
   -3.92588e+05    9.62786e+04   -2.96309e+05   -3.22550e+05    2.60144e+02
 Pressure (bar)
   -7.83604e+00


DD  step 25999 load imb.: force  9.6%
           Step           Time
          26000      130.00000

   Energies (kJ/mol)
           Bond       G96Angle        LJ (SR)   Coulomb (SR) Position Rest.
    3.88859e+04    1.78016e+04   -4.36243e+05   -1.28871e+04    3.96738e+01
      Potential    Kinetic En.   Total Energy  Conserved En.    Temperature
   -3.92403e+05    9.45639e+04   -2.97839e+05   -3.23524e+05    2.55511e+02
 Pressure (bar)
    3.15077e+00


DD  step 26999 load imb.: force  6.1%
           Step           Time
          27000      135.00000

   Energies (kJ/mol)
           Bond       G96Angle        LJ (SR)   Coulomb (SR) Position Rest.
    3.89295e+04    1.79900e+04   -4.36805e+05   -1.28735e+04    5.56891e+01
      Potential    Kinetic En.   Total Energy  Conserved En.    Temperature
   -3.92704e+05    9.53701e+04   -2.97334e+05   -3.24500e+05    2.57689e+02
 Pressure (bar)
    1.05560e+01


DD  step 27999 load imb.: force  8.4%
           Step           Time
          28000      140.00000

   Energies (kJ/mol)
           Bond       G96Angle        LJ (SR)   Coulomb (SR) Position Rest.
    3.82367e+04    1.77705e+04   -4.36090e+05   -1.30097e+04    4.38302e+01
      Potential    Kinetic En.   Total Energy  Conserved En.    Temperature
   -3.93048e+05    9.51785e+04   -2.97870e+05   -3.25468e+05    2.57171e+02
 Pressure (bar)
   -6.49807e+00


DD  step 28999 load imb.: force 10.0%
           Step           Time
          29000      145.00000

   Energies (kJ/mol)
           Bond       G96Angle        LJ (SR)   Coulomb (SR) Position Rest.
    3.84237e+04    1.79493e+04   -4.36299e+05   -1.29203e+04    4.61263e+01
      Potential    Kinetic En.   Total Energy  Conserved En.    Temperature
   -3.92800e+05    9.56710e+04   -2.97129e+05   -3.26447e+05    2.58502e+02
 Pressure (bar)
   -4.63175e-01


DD  step 29999 load imb.: force  6.3%

step 30000 Turning on dynamic load balancing, because the performance loss due to load imbalance is 5.9 %.
           Step           Time
          30000      150.00000

   Energies (kJ/mol)
           Bond       G96Angle        LJ (SR)   Coulomb (SR) Position Rest.
    3.88027e+04    1.78972e+04   -4.36812e+05   -1.30829e+04    4.59490e+01
      Potential    Kinetic En.   Total Energy  Conserved En.    Temperature
   -3.93149e+05    9.49868e+04   -2.98163e+05   -3.27421e+05    2.56653e+02
 Pressure (bar)
   -5.13488e+00


DD  step 30999  vol min/aver 0.913  load imb.: force  3.1%
           Step           Time
          31000      155.00000

   Energies (kJ/mol)
           Bond       G96Angle        LJ (SR)   Coulomb (SR) Position Rest.
    3.93190e+04    1.74862e+04   -4.35949e+05   -1.29233e+04    4.83979e+01
      Potential    Kinetic En.   Total Energy  Conserved En.    Temperature
   -3.92019e+05    9.51435e+04   -2.96875e+05   -3.28331e+05    2.57077e+02
 Pressure (bar)
   -2.18012e+00


DD  step 31999  vol min/aver 0.935  load imb.: force  4.0%

step 32000 Turning off dynamic load balancing, because it is degrading performance.
Atom distribution over 8 domains: av 3709 stddev 74 min 3623 max 3760
           Step           Time
          32000      160.00000

   Energies (kJ/mol)
           Bond       G96Angle        LJ (SR)   Coulomb (SR) Position Rest.
    3.94058e+04    1.76954e+04   -4.36823e+05   -1.30610e+04    4.96486e+01
      Potential    Kinetic En.   Total Energy  Conserved En.    Temperature
   -3.92733e+05    9.47401e+04   -2.97993e+05   -3.29263e+05    2.55987e+02
 Pressure (bar)
   -5.73276e+00


DD  step 32999 load imb.: force  6.1%
           Step           Time
          33000      165.00000

   Energies (kJ/mol)
           Bond       G96Angle        LJ (SR)   Coulomb (SR) Position Rest.
    3.84943e+04    1.80018e+04   -4.35817e+05   -1.28581e+04    4.76046e+01
      Potential    Kinetic En.   Total Energy  Conserved En.    Temperature
   -3.92131e+05    9.49479e+04   -2.97183e+05   -3.30239e+05    2.56548e+02
 Pressure (bar)
   -6.15916e+00


DD  step 33999 load imb.: force  7.7%
           Step           Time
          34000      170.00000

   Energies (kJ/mol)
           Bond       G96Angle        LJ (SR)   Coulomb (SR) Position Rest.
    3.82127e+04    1.77662e+04   -4.35378e+05   -1.26933e+04    4.92949e+01
      Potential    Kinetic En.   Total Energy  Conserved En.    Temperature
   -3.92044e+05    9.54591e+04   -2.96584e+05   -3.31214e+05    2.57930e+02
 Pressure (bar)
    3.49472e+00


DD  step 34999 load imb.: force  7.1%
           Step           Time
          35000      175.00000

   Energies (kJ/mol)
           Bond       G96Angle        LJ (SR)   Coulomb (SR) Position Rest.
    3.89349e+04    1.78776e+04   -4.35726e+05   -1.27996e+04    4.81289e+01
      Potential    Kinetic En.   Total Energy  Conserved En.    Temperature
   -3.91665e+05    9.50612e+04   -2.96604e+05   -3.32193e+05    2.56854e+02
 Pressure (bar)
   -2.60375e+00


DD  step 35999 load imb.: force  9.3%
           Step           Time
          36000      180.00000

   Energies (kJ/mol)
           Bond       G96Angle        LJ (SR)   Coulomb (SR) Position Rest.
    3.87399e+04    1.78689e+04   -4.34701e+05   -1.31308e+04    4.30533e+01
      Potential    Kinetic En.   Total Energy  Conserved En.    Temperature
   -3.91180e+05    9.55081e+04   -2.95672e+05   -3.33176e+05    2.58062e+02
 Pressure (bar)
    1.42058e+01


DD  step 36999 load imb.: force  7.5%
           Step           Time
          37000      185.00000

   Energies (kJ/mol)
           Bond       G96Angle        LJ (SR)   Coulomb (SR) Position Rest.
    3.91069e+04    1.81964e+04   -4.35827e+05   -1.29129e+04    3.72868e+01
      Potential    Kinetic En.   Total Energy  Conserved En.    Temperature
   -3.91399e+05    9.69250e+04   -2.94474e+05   -3.34148e+05    2.61890e+02
 Pressure (bar)
    2.42340e+00


DD  step 37999 load imb.: force  7.1%
           Step           Time
          38000      190.00000

   Energies (kJ/mol)
           Bond       G96Angle        LJ (SR)   Coulomb (SR) Position Rest.
    3.87935e+04    1.77835e+04   -4.35308e+05   -1.30450e+04    4.46760e+01
      Potential    Kinetic En.   Total Energy  Conserved En.    Temperature
   -3.91731e+05    9.56926e+04   -2.96038e+05   -3.35137e+05    2.58561e+02
 Pressure (bar)
   -9.47517e+00


DD  step 38999 load imb.: force  7.3%
           Step           Time
          39000      195.00000

   Energies (kJ/mol)
           Bond       G96Angle        LJ (SR)   Coulomb (SR) Position Rest.
    3.85636e+04    1.81870e+04   -4.36585e+05   -1.28903e+04    3.96502e+01
      Potential    Kinetic En.   Total Energy  Conserved En.    Temperature
   -3.92686e+05    9.48387e+04   -2.97847e+05   -3.36115e+05    2.56253e+02
 Pressure (bar)
   -3.00398e+00


DD  step 39999 load imb.: force  7.8%

step 40000 Will no longer try dynamic load balancing, as it degraded performance.
           Step           Time
          40000      200.00000

   Energies (kJ/mol)
           Bond       G96Angle        LJ (SR)   Coulomb (SR) Position Rest.
    3.84542e+04    1.77997e+04   -4.37064e+05   -1.30822e+04    5.21569e+01
      Potential    Kinetic En.   Total Energy  Conserved En.    Temperature
   -3.93840e+05    9.56895e+04   -2.98151e+05   -3.37091e+05    2.58552e+02
 Pressure (bar)
    6.87026e-01


DD  step 40999 load imb.: force  7.0%
           Step           Time
          41000      205.00000

   Energies (kJ/mol)
           Bond       G96Angle        LJ (SR)   Coulomb (SR) Position Rest.
    3.84472e+04    1.76308e+04   -4.37162e+05   -1.30293e+04    4.21078e+01
      Potential    Kinetic En.   Total Energy  Conserved En.    Temperature
   -3.94072e+05    9.56478e+04   -2.98424e+05   -3.38060e+05    2.58439e+02
 Pressure (bar)
    6.25072e+00


DD  step 41999 load imb.: force  7.9%
           Step           Time
          42000      210.00000

   Energies (kJ/mol)
           Bond       G96Angle        LJ (SR)   Coulomb (SR) Position Rest.
    3.91261e+04    1.77186e+04   -4.36654e+05   -1.30280e+04    4.59037e+01
      Potential    Kinetic En.   Total Energy  Conserved En.    Temperature
   -3.92791e+05    9.61673e+04   -2.96624e+05   -3.39038e+05    2.59843e+02
 Pressure (bar)
    1.25262e+00


DD  step 42999 load imb.: force  4.4%
           Step           Time
          43000      215.00000

   Energies (kJ/mol)
           Bond       G96Angle        LJ (SR)   Coulomb (SR) Position Rest.
    3.94486e+04    1.76520e+04   -4.36748e+05   -1.30045e+04    6.23699e+01
      Potential    Kinetic En.   Total Energy  Conserved En.    Temperature
   -3.92590e+05    9.70969e+04   -2.95493e+05   -3.40012e+05    2.62355e+02
 Pressure (bar)
   -6.52200e+00


DD  step 43999 load imb.: force  7.5%
           Step           Time
          44000      220.00000

   Energies (kJ/mol)
           Bond       G96Angle        LJ (SR)   Coulomb (SR) Position Rest.
    3.88745e+04    1.78672e+04   -4.36451e+05   -1.31205e+04    5.76309e+01
      Potential    Kinetic En.   Total Energy  Conserved En.    Temperature
   -3.92772e+05    9.58071e+04   -2.96965e+05   -3.40995e+05    2.58870e+02
 Pressure (bar)
    2.76100e+00


DD  step 44999 load imb.: force  5.5%
           Step           Time
          45000      225.00000

   Energies (kJ/mol)
           Bond       G96Angle        LJ (SR)   Coulomb (SR) Position Rest.
    3.93502e+04    1.79613e+04   -4.37018e+05   -1.32305e+04    4.84450e+01
      Potential    Kinetic En.   Total Energy  Conserved En.    Temperature
   -3.92889e+05    9.57067e+04   -2.97182e+05   -3.41981e+05    2.58599e+02
 Pressure (bar)
   -1.01989e+01


DD  step 45999 load imb.: force  8.2%
           Step           Time
          46000      230.00000

   Energies (kJ/mol)
           Bond       G96Angle        LJ (SR)   Coulomb (SR) Position Rest.
    3.91350e+04    1.78768e+04   -4.37471e+05   -1.30881e+04    4.29818e+01
      Potential    Kinetic En.   Total Energy  Conserved En.    Temperature
   -3.93504e+05    9.51253e+04   -2.98379e+05   -3.42953e+05    2.57028e+02
 Pressure (bar)
   -1.22596e+01


DD  step 46999 load imb.: force 11.4%
           Step           Time
          47000      235.00000

   Energies (kJ/mol)
           Bond       G96Angle        LJ (SR)   Coulomb (SR) Position Rest.
    3.87674e+04    1.79360e+04   -4.37832e+05   -1.31133e+04    4.51919e+01
      Potential    Kinetic En.   Total Energy  Conserved En.    Temperature
   -3.94197e+05    9.41176e+04   -3.00079e+05   -3.43911e+05    2.54305e+02
 Pressure (bar)
   -7.55436e+00


DD  step 47999 load imb.: force  6.2%
           Step           Time
          48000      240.00000

   Energies (kJ/mol)
           Bond       G96Angle        LJ (SR)   Coulomb (SR) Position Rest.
    3.91593e+04    1.79427e+04   -4.37300e+05   -1.31821e+04    3.97757e+01
      Potential    Kinetic En.   Total Energy  Conserved En.    Temperature
   -3.93341e+05    9.57875e+04   -2.97553e+05   -3.44882e+05    2.58817e+02
 Pressure (bar)
   -7.95576e+00


DD  step 48999 load imb.: force 11.9%
           Step           Time
          49000      245.00000

   Energies (kJ/mol)
           Bond       G96Angle        LJ (SR)   Coulomb (SR) Position Rest.
    3.94833e+04    1.81550e+04   -4.37329e+05   -1.32493e+04    4.50246e+01
      Potential    Kinetic En.   Total Energy  Conserved En.    Temperature
   -3.92895e+05    9.55277e+04   -2.97367e+05   -3.45852e+05    2.58115e+02
 Pressure (bar)
    5.01655e+00


DD  step 49999 load imb.: force  8.3%
           Step           Time
          50000      250.00000

   Energies (kJ/mol)
           Bond       G96Angle        LJ (SR)   Coulomb (SR) Position Rest.
    3.90136e+04    1.81192e+04   -4.37106e+05   -1.30011e+04    4.69080e+01
      Potential    Kinetic En.   Total Energy  Conserved En.    Temperature
   -3.92928e+05    9.50424e+04   -2.97885e+05   -3.46838e+05    2.56804e+02
 Pressure (bar)
   -9.25522e+00


DD  step 50999 load imb.: force  6.6%
           Step           Time
          51000      255.00000

   Energies (kJ/mol)
           Bond       G96Angle        LJ (SR)   Coulomb (SR) Position Rest.
    3.89929e+04    1.77070e+04   -4.37193e+05   -1.31133e+04    5.86003e+01
      Potential    Kinetic En.   Total Energy  Conserved En.    Temperature
   -3.93548e+05    9.39677e+04   -2.99581e+05   -3.47810e+05    2.53900e+02
 Pressure (bar)
   -1.61191e+01


DD  step 51999 load imb.: force  5.9%
           Step           Time
          52000      260.00000

   Energies (kJ/mol)
           Bond       G96Angle        LJ (SR)   Coulomb (SR) Position Rest.
    3.86691e+04    1.78261e+04   -4.35941e+05   -1.30738e+04    5.20928e+01
      Potential    Kinetic En.   Total Energy  Conserved En.    Temperature
   -3.92467e+05    9.59177e+04   -2.96550e+05   -3.48784e+05    2.59169e+02
 Pressure (bar)
    6.79890e-01


DD  step 52999 load imb.: force 15.9%
           Step           Time
          53000      265.00000

   Energies (kJ/mol)
           Bond       G96Angle        LJ (SR)   Coulomb (SR) Position Rest.
    3.88449e+04    1.82306e+04   -4.36876e+05   -1.31332e+04    5.56716e+01
      Potential    Kinetic En.   Total Energy  Conserved En.    Temperature
   -3.92878e+05    9.49958e+04   -2.97882e+05   -3.49762e+05    2.56678e+02
 Pressure (bar)
   -3.21266e+00


DD  step 53999 load imb.: force 18.4%
           Step           Time
          54000      270.00000

   Energies (kJ/mol)
           Bond       G96Angle        LJ (SR)   Coulomb (SR) Position Rest.
    3.91089e+04    1.76936e+04   -4.38249e+05   -1.30283e+04    7.50277e+01
      Potential    Kinetic En.   Total Energy  Conserved En.    Temperature
   -3.94399e+05    9.55521e+04   -2.98847e+05   -3.50742e+05    2.58181e+02
 Pressure (bar)
    3.36337e+00


DD  step 54999 load imb.: force  7.7%
           Step           Time
          55000      275.00000

   Energies (kJ/mol)
           Bond       G96Angle        LJ (SR)   Coulomb (SR) Position Rest.
    3.92354e+04    1.80574e+04   -4.37979e+05   -1.31102e+04    6.11261e+01
      Potential    Kinetic En.   Total Energy  Conserved En.    Temperature
   -3.93735e+05    9.48083e+04   -2.98927e+05   -3.51710e+05    2.56171e+02
 Pressure (bar)
   -1.31588e+01


DD  step 55999 load imb.: force  6.9%
           Step           Time
          56000      280.00000

   Energies (kJ/mol)
           Bond       G96Angle        LJ (SR)   Coulomb (SR) Position Rest.
    3.89948e+04    1.79992e+04   -4.37336e+05   -1.30145e+04    5.52825e+01
      Potential    Kinetic En.   Total Energy  Conserved En.    Temperature
   -3.93301e+05    9.48535e+04   -2.98448e+05   -3.52682e+05    2.56293e+02
 Pressure (bar)
   -3.00170e+00


DD  step 56999 load imb.: force  7.9%
           Step           Time
          57000      285.00000

   Energies (kJ/mol)
           Bond       G96Angle        LJ (SR)   Coulomb (SR) Position Rest.
    3.92545e+04    1.78032e+04   -4.37293e+05   -1.29826e+04    5.70784e+01
      Potential    Kinetic En.   Total Energy  Conserved En.    Temperature
   -3.93160e+05    9.47721e+04   -2.98388e+05   -3.53651e+05    2.56073e+02
 Pressure (bar)
    8.73300e-01


DD  step 57999 load imb.: force  7.6%
           Step           Time
          58000      290.00000

   Energies (kJ/mol)
           Bond       G96Angle        LJ (SR)   Coulomb (SR) Position Rest.
    3.90964e+04    1.75463e+04   -4.36224e+05   -1.29933e+04    5.08874e+01
      Potential    Kinetic En.   Total Energy  Conserved En.    Temperature
   -3.92524e+05    9.64689e+04   -2.96055e+05   -3.54635e+05    2.60658e+02
 Pressure (bar)
    7.99624e-03


DD  step 58999 load imb.: force 15.8%
           Step           Time
          59000      295.00000

   Energies (kJ/mol)
           Bond       G96Angle        LJ (SR)   Coulomb (SR) Position Rest.
    3.87555e+04    1.80220e+04   -4.37583e+05   -1.29078e+04    5.64056e+01
      Potential    Kinetic En.   Total Energy  Conserved En.    Temperature
   -3.93657e+05    9.56055e+04   -2.98052e+05   -3.55613e+05    2.58325e+02
 Pressure (bar)
   -8.61753e-02


DD  step 59999 load imb.: force  6.3%
           Step           Time
          60000      300.00000

   Energies (kJ/mol)
           Bond       G96Angle        LJ (SR)   Coulomb (SR) Position Rest.
    3.89192e+04    1.79427e+04   -4.37479e+05   -1.29657e+04    7.01464e+01
      Potential    Kinetic En.   Total Energy  Conserved En.    Temperature
   -3.93512e+05    9.54341e+04   -2.98078e+05   -3.56591e+05    2.57862e+02
 Pressure (bar)
   -7.06550e+00


DD  step 60999 load imb.: force  7.0%
           Step           Time
          61000      305.00000

   Energies (kJ/mol)
           Bond       G96Angle        LJ (SR)   Coulomb (SR) Position Rest.
    3.88562e+04    1.78288e+04   -4.36563e+05   -1.29733e+04    6.23355e+01
      Potential    Kinetic En.   Total Energy  Conserved En.    Temperature
   -3.92789e+05    9.55646e+04   -2.97224e+05   -3.57577e+05    2.58215e+02
 Pressure (bar)
   -9.38915e-01


DD  step 61999 load imb.: force  6.9%
           Step           Time
          62000      310.00000

   Energies (kJ/mol)
           Bond       G96Angle        LJ (SR)   Coulomb (SR) Position Rest.
    3.89592e+04    1.78986e+04   -4.36935e+05   -1.30728e+04    6.18862e+01
      Potential    Kinetic En.   Total Energy  Conserved En.    Temperature
   -3.93088e+05    9.55294e+04   -2.97558e+05   -3.58560e+05    2.58119e+02
 Pressure (bar)
   -3.75790e+00


DD  step 62999 load imb.: force  6.3%
           Step           Time
          63000      315.00000

   Energies (kJ/mol)
           Bond       G96Angle        LJ (SR)   Coulomb (SR) Position Rest.
    3.81918e+04    1.80766e+04   -4.35845e+05   -1.29000e+04    5.84500e+01
      Potential    Kinetic En.   Total Energy  Conserved En.    Temperature
   -3.92418e+05    9.59884e+04   -2.96430e+05   -3.59525e+05    2.59360e+02
 Pressure (bar)
   -3.62230e+00


DD  step 63999 load imb.: force  6.7%
           Step           Time
          64000      320.00000

   Energies (kJ/mol)
           Bond       G96Angle        LJ (SR)   Coulomb (SR) Position Rest.
    3.89980e+04    1.83719e+04   -4.37345e+05   -1.31300e+04    5.19823e+01
      Potential    Kinetic En.   Total Energy  Conserved En.    Temperature
   -3.93053e+05    9.50438e+04   -2.98009e+05   -3.60504e+05    2.56808e+02
 Pressure (bar)
   -2.66036e+00


DD  step 64999 load imb.: force  6.8%
           Step           Time
          65000      325.00000

   Energies (kJ/mol)
           Bond       G96Angle        LJ (SR)   Coulomb (SR) Position Rest.
    3.91586e+04    1.83111e+04   -4.36040e+05   -1.29490e+04    5.30502e+01
      Potential    Kinetic En.   Total Energy  Conserved En.    Temperature
   -3.91466e+05    9.55221e+04   -2.95944e+05   -3.61479e+05    2.58100e+02
 Pressure (bar)
   -3.02427e+00


DD  step 65999 load imb.: force 22.5%
           Step           Time
          66000      330.00000

   Energies (kJ/mol)
           Bond       G96Angle        LJ (SR)   Coulomb (SR) Position Rest.
    3.89027e+04    1.82061e+04   -4.37792e+05   -1.28798e+04    5.85993e+01
      Potential    Kinetic En.   Total Energy  Conserved En.    Temperature
   -3.93505e+05    9.50474e+04   -2.98458e+05   -3.62462e+05    2.56817e+02
 Pressure (bar)
   -3.21793e+00


DD  step 66999 load imb.: force 19.4%
           Step           Time
          67000      335.00000

   Energies (kJ/mol)
           Bond       G96Angle        LJ (SR)   Coulomb (SR) Position Rest.
    3.88696e+04    1.79265e+04   -4.37110e+05   -1.30771e+04    5.34886e+01
      Potential    Kinetic En.   Total Energy  Conserved En.    Temperature
   -3.93338e+05    9.44623e+04   -2.98875e+05   -3.63419e+05    2.55236e+02
 Pressure (bar)
   -2.17705e+00


DD  step 67999 load imb.: force 24.7%
           Step           Time
          68000      340.00000

   Energies (kJ/mol)
           Bond       G96Angle        LJ (SR)   Coulomb (SR) Position Rest.
    3.82025e+04    1.75491e+04   -4.37483e+05   -1.31503e+04    6.84910e+01
      Potential    Kinetic En.   Total Energy  Conserved En.    Temperature
   -3.94813e+05    9.48743e+04   -2.99939e+05   -3.64384e+05    2.56350e+02
 Pressure (bar)
   -6.02984e+00


DD  step 68999 load imb.: force 15.8%
           Step           Time
          69000      345.00000

   Energies (kJ/mol)
           Bond       G96Angle        LJ (SR)   Coulomb (SR) Position Rest.
    3.92791e+04    1.81317e+04   -4.38653e+05   -1.30738e+04    5.85234e+01
      Potential    Kinetic En.   Total Energy  Conserved En.    Temperature
   -3.94257e+05    9.64735e+04   -2.97784e+05   -3.65351e+05    2.60670e+02
 Pressure (bar)
   -1.03283e+01


DD  step 69999 load imb.: force 28.9%
           Step           Time
          70000      350.00000

   Energies (kJ/mol)
           Bond       G96Angle        LJ (SR)   Coulomb (SR) Position Rest.
    3.87691e+04    1.83303e+04   -4.37302e+05   -1.32028e+04    5.06690e+01
      Potential    Kinetic En.   Total Energy  Conserved En.    Temperature
   -3.93354e+05    9.56482e+04   -2.97706e+05   -3.66319e+05    2.58441e+02
 Pressure (bar)
    3.03305e+00


DD  step 70999 load imb.: force 21.5%
           Step           Time
          71000      355.00000

   Energies (kJ/mol)
           Bond       G96Angle        LJ (SR)   Coulomb (SR) Position Rest.
    3.88003e+04    1.79978e+04   -4.37544e+05   -1.32196e+04    5.06997e+01
      Potential    Kinetic En.   Total Energy  Conserved En.    Temperature
   -3.93915e+05    9.49927e+04   -2.98922e+05   -3.67280e+05    2.56669e+02
 Pressure (bar)
   -4.13881e+00


DD  step 71999 load imb.: force 23.9%
           Step           Time
          72000      360.00000

   Energies (kJ/mol)
           Bond       G96Angle        LJ (SR)   Coulomb (SR) Position Rest.
    3.89976e+04    1.80545e+04   -4.37300e+05   -1.32732e+04    5.24646e+01
      Potential    Kinetic En.   Total Energy  Conserved En.    Temperature
   -3.93469e+05    9.52452e+04   -2.98223e+05   -3.68250e+05    2.57352e+02
 Pressure (bar)
   -6.74639e+00


DD  step 72999 load imb.: force 25.3%
           Step           Time
          73000      365.00000

   Energies (kJ/mol)
           Bond       G96Angle        LJ (SR)   Coulomb (SR) Position Rest.
    3.89349e+04    1.80031e+04   -4.36177e+05   -1.32802e+04    4.37145e+01
      Potential    Kinetic En.   Total Energy  Conserved En.    Temperature
   -3.92476e+05    9.56481e+04   -2.96827e+05   -3.69223e+05    2.58440e+02
 Pressure (bar)
   -7.44778e+00


DD  step 73999 load imb.: force 22.0%
           Step           Time
          74000      370.00000

   Energies (kJ/mol)
           Bond       G96Angle        LJ (SR)   Coulomb (SR) Position Rest.
    3.91698e+04    1.83258e+04   -4.37318e+05   -1.32307e+04    6.02842e+01
      Potential    Kinetic En.   Total Energy  Conserved En.    Temperature
   -3.92993e+05    9.55176e+04   -2.97475e+05   -3.70196e+05    2.58088e+02
 Pressure (bar)
   -1.19508e+01


DD  step 74999 load imb.: force 30.9%
           Step           Time
          75000      375.00000

   Energies (kJ/mol)
           Bond       G96Angle        LJ (SR)   Coulomb (SR) Position Rest.
    3.86676e+04    1.79861e+04   -4.36872e+05   -1.32075e+04    6.07646e+01
      Potential    Kinetic En.   Total Energy  Conserved En.    Temperature
   -3.93365e+05    9.51399e+04   -2.98225e+05   -3.71178e+05    2.57067e+02
 Pressure (bar)
   -9.40604e+00


DD  step 75999 load imb.: force 31.2%
           Step           Time
          76000      380.00000

   Energies (kJ/mol)
           Bond       G96Angle        LJ (SR)   Coulomb (SR) Position Rest.
    3.85902e+04    1.83589e+04   -4.37935e+05   -1.32231e+04    5.19943e+01
      Potential    Kinetic En.   Total Energy  Conserved En.    Temperature
   -3.94157e+05    9.52169e+04   -2.98940e+05   -3.72147e+05    2.57275e+02
 Pressure (bar)
   -9.83027e+00


DD  step 76999 load imb.: force 30.6%
           Step           Time
          77000      385.00000

   Energies (kJ/mol)
           Bond       G96Angle        LJ (SR)   Coulomb (SR) Position Rest.
    3.92624e+04    1.81003e+04   -4.36457e+05   -1.32594e+04    5.11453e+01
      Potential    Kinetic En.   Total Energy  Conserved En.    Temperature
   -3.92303e+05    9.58530e+04   -2.96450e+05   -3.73119e+05    2.58994e+02
 Pressure (bar)
   -2.11294e+00


DD  step 77999 load imb.: force  4.1%
           Step           Time
          78000      390.00000

   Energies (kJ/mol)
           Bond       G96Angle        LJ (SR)   Coulomb (SR) Position Rest.
    3.86721e+04    1.83318e+04   -4.36599e+05   -1.31710e+04    4.71739e+01
      Potential    Kinetic En.   Total Energy  Conserved En.    Temperature
   -3.92719e+05    9.49311e+04   -2.97788e+05   -3.74097e+05    2.56503e+02
 Pressure (bar)
   -4.44734e+00


DD  step 78999 load imb.: force  7.7%
           Step           Time
          79000      395.00000

   Energies (kJ/mol)
           Bond       G96Angle        LJ (SR)   Coulomb (SR) Position Rest.
    3.87473e+04    1.81511e+04   -4.35843e+05   -1.32715e+04    4.97077e+01
      Potential    Kinetic En.   Total Energy  Conserved En.    Temperature
   -3.92167e+05    9.55866e+04   -2.96580e+05   -3.75083e+05    2.58274e+02
 Pressure (bar)
    2.16881e+00


DD  step 79999 load imb.: force  6.8%
           Step           Time
          80000      400.00000

   Energies (kJ/mol)
           Bond       G96Angle        LJ (SR)   Coulomb (SR) Position Rest.
    3.91153e+04    1.81367e+04   -4.36364e+05   -1.31222e+04    5.30172e+01
      Potential    Kinetic En.   Total Energy  Conserved En.    Temperature
   -3.92181e+05    9.57554e+04   -2.96426e+05   -3.76063e+05    2.58730e+02
 Pressure (bar)
    3.07508e+00


DD  step 80999 load imb.: force  7.0%
           Step           Time
          81000      405.00000

   Energies (kJ/mol)
           Bond       G96Angle        LJ (SR)   Coulomb (SR) Position Rest.
    3.89666e+04    1.82131e+04   -4.36452e+05   -1.33120e+04    5.54573e+01
      Potential    Kinetic En.   Total Energy  Conserved En.    Temperature
   -3.92529e+05    9.54895e+04   -2.97039e+05   -3.77035e+05    2.58012e+02
 Pressure (bar)
   -5.68832e+00


DD  step 81999 load imb.: force 13.9%
           Step           Time
          82000      410.00000

   Energies (kJ/mol)
           Bond       G96Angle        LJ (SR)   Coulomb (SR) Position Rest.
    3.93658e+04    1.80057e+04   -4.37510e+05   -1.32244e+04    5.95772e+01
      Potential    Kinetic En.   Total Energy  Conserved En.    Temperature
   -3.93303e+05    9.48998e+04   -2.98403e+05   -3.78012e+05    2.56418e+02
 Pressure (bar)
   -1.14423e+01


DD  step 82999 load imb.: force  8.7%
           Step           Time
          83000      415.00000

   Energies (kJ/mol)
           Bond       G96Angle        LJ (SR)   Coulomb (SR) Position Rest.
    3.90638e+04    1.77436e+04   -4.36025e+05   -1.33120e+04    6.81030e+01
      Potential    Kinetic En.   Total Energy  Conserved En.    Temperature
   -3.92461e+05    9.58336e+04   -2.96627e+05   -3.78980e+05    2.58942e+02
 Pressure (bar)
   -2.94967e+00


DD  step 83999 load imb.: force  7.6%
           Step           Time
          84000      420.00000

   Energies (kJ/mol)
           Bond       G96Angle        LJ (SR)   Coulomb (SR) Position Rest.
    3.91065e+04    1.83891e+04   -4.37018e+05   -1.32918e+04    6.22110e+01
      Potential    Kinetic En.   Total Energy  Conserved En.    Temperature
   -3.92752e+05    9.51631e+04   -2.97589e+05   -3.79953e+05    2.57130e+02
 Pressure (bar)
   -6.20120e+00


DD  step 84999 load imb.: force 12.7%
           Step           Time
          85000      425.00000

   Energies (kJ/mol)
           Bond       G96Angle        LJ (SR)   Coulomb (SR) Position Rest.
    3.89311e+04    1.80910e+04   -4.36053e+05   -1.32361e+04    6.49845e+01
      Potential    Kinetic En.   Total Energy  Conserved En.    Temperature
   -3.92202e+05    9.48592e+04   -2.97343e+05   -3.80932e+05    2.56309e+02
 Pressure (bar)
    3.36949e+00


DD  step 85999 load imb.: force 12.1%
           Step           Time
          86000      430.00000

   Energies (kJ/mol)
           Bond       G96Angle        LJ (SR)   Coulomb (SR) Position Rest.
    3.92401e+04    1.79895e+04   -4.36269e+05   -1.32084e+04    7.24957e+01
      Potential    Kinetic En.   Total Energy  Conserved En.    Temperature
   -3.92175e+05    9.62055e+04   -2.95969e+05   -3.81912e+05    2.59946e+02
 Pressure (bar)
    9.18708e-01


DD  step 86999 load imb.: force  7.7%
           Step           Time
          87000      435.00000

   Energies (kJ/mol)
           Bond       G96Angle        LJ (SR)   Coulomb (SR) Position Rest.
    3.85262e+04    1.80276e+04   -4.36568e+05   -1.31480e+04    5.40086e+01
      Potential    Kinetic En.   Total Energy  Conserved En.    Temperature
   -3.93109e+05    9.46110e+04   -2.98498e+05   -3.82892e+05    2.55638e+02
 Pressure (bar)
   -9.89266e+00


DD  step 87999 load imb.: force  4.7%
           Step           Time
          88000      440.00000

   Energies (kJ/mol)
           Bond       G96Angle        LJ (SR)   Coulomb (SR) Position Rest.
    3.89994e+04    1.84003e+04   -4.36294e+05   -1.33691e+04    7.38102e+01
      Potential    Kinetic En.   Total Energy  Conserved En.    Temperature
   -3.92190e+05    9.46189e+04   -2.97571e+05   -3.83848e+05    2.55659e+02
 Pressure (bar)
   -6.23204e+00


DD  step 88999 load imb.: force  7.6%
           Step           Time
          89000      445.00000

   Energies (kJ/mol)
           Bond       G96Angle        LJ (SR)   Coulomb (SR) Position Rest.
    3.89445e+04    1.81427e+04   -4.37362e+05   -1.32346e+04    7.96304e+01
      Potential    Kinetic En.   Total Energy  Conserved En.    Temperature
   -3.93430e+05    9.57601e+04   -2.97670e+05   -3.84814e+05    2.58743e+02
 Pressure (bar)
    1.11185e+01


DD  step 89999 load imb.: force  7.8%
           Step           Time
          90000      450.00000

   Energies (kJ/mol)
           Bond       G96Angle        LJ (SR)   Coulomb (SR) Position Rest.
    3.93381e+04    1.82521e+04   -4.37496e+05   -1.31857e+04    5.60214e+01
      Potential    Kinetic En.   Total Energy  Conserved En.    Temperature
   -3.93035e+05    9.50600e+04   -2.97975e+05   -3.85790e+05    2.56851e+02
 Pressure (bar)
   -3.48247e-01


DD  step 90999 load imb.: force  7.1%
           Step           Time
          91000      455.00000

   Energies (kJ/mol)
           Bond       G96Angle        LJ (SR)   Coulomb (SR) Position Rest.
    3.93245e+04    1.82600e+04   -4.37134e+05   -1.30862e+04    7.94179e+01
      Potential    Kinetic En.   Total Energy  Conserved En.    Temperature
   -3.92556e+05    9.56419e+04   -2.96914e+05   -3.86768e+05    2.58423e+02
 Pressure (bar)
   -5.17009e+00


DD  step 91999 load imb.: force  8.1%
           Step           Time
          92000      460.00000

   Energies (kJ/mol)
           Bond       G96Angle        LJ (SR)   Coulomb (SR) Position Rest.
    3.90990e+04    1.84853e+04   -4.36437e+05   -1.31342e+04    5.86141e+01
      Potential    Kinetic En.   Total Energy  Conserved En.    Temperature
   -3.91929e+05    9.54349e+04   -2.96494e+05   -3.87733e+05    2.57864e+02
 Pressure (bar)
    1.18057e+00


DD  step 92999 load imb.: force  7.2%
           Step           Time
          93000      465.00000

   Energies (kJ/mol)
           Bond       G96Angle        LJ (SR)   Coulomb (SR) Position Rest.
    3.90174e+04    1.78441e+04   -4.36103e+05   -1.31993e+04    5.24384e+01
      Potential    Kinetic En.   Total Energy  Conserved En.    Temperature
   -3.92388e+05    9.66374e+04   -2.95751e+05   -3.88711e+05    2.61113e+02
 Pressure (bar)
    1.99914e+00


DD  step 93999 load imb.: force  7.0%
           Step           Time
          94000      470.00000

   Energies (kJ/mol)
           Bond       G96Angle        LJ (SR)   Coulomb (SR) Position Rest.
    3.92048e+04    1.83230e+04   -4.37452e+05   -1.31517e+04    5.71597e+01
      Potential    Kinetic En.   Total Energy  Conserved En.    Temperature
   -3.93019e+05    9.57305e+04   -2.97288e+05   -3.89688e+05    2.58663e+02
 Pressure (bar)
   -4.55079e+00


DD  step 94999 load imb.: force 13.5%
           Step           Time
          95000      475.00000

   Energies (kJ/mol)
           Bond       G96Angle        LJ (SR)   Coulomb (SR) Position Rest.
    3.84925e+04    1.82471e+04   -4.35768e+05   -1.31219e+04    6.14026e+01
      Potential    Kinetic En.   Total Energy  Conserved En.    Temperature
   -3.92089e+05    9.52783e+04   -2.96811e+05   -3.90658e+05    2.57441e+02
 Pressure (bar)
   -1.23709e+01


DD  step 95999 load imb.: force  7.5%
           Step           Time
          96000      480.00000

   Energies (kJ/mol)
           Bond       G96Angle        LJ (SR)   Coulomb (SR) Position Rest.
    3.86387e+04    1.82465e+04   -4.37234e+05   -1.32106e+04    6.37714e+01
      Potential    Kinetic En.   Total Energy  Conserved En.    Temperature
   -3.93496e+05    9.69537e+04   -2.96542e+05   -3.91635e+05    2.61968e+02
 Pressure (bar)
   -8.24536e+00


DD  step 96999 load imb.: force 10.9%
           Step           Time
          97000      485.00000

   Energies (kJ/mol)
           Bond       G96Angle        LJ (SR)   Coulomb (SR) Position Rest.
    3.84898e+04    1.80112e+04   -4.36481e+05   -1.30210e+04    5.54955e+01
      Potential    Kinetic En.   Total Energy  Conserved En.    Temperature
   -3.92946e+05    9.58122e+04   -2.97134e+05   -3.92608e+05    2.58884e+02
 Pressure (bar)
   -7.31417e+00


DD  step 97999 load imb.: force 14.0%
           Step           Time
          98000      490.00000

   Energies (kJ/mol)
           Bond       G96Angle        LJ (SR)   Coulomb (SR) Position Rest.
    3.88183e+04    1.83555e+04   -4.37029e+05   -1.31383e+04    6.61907e+01
      Potential    Kinetic En.   Total Energy  Conserved En.    Temperature
   -3.92928e+05    9.65030e+04   -2.96425e+05   -3.93603e+05    2.60750e+02
 Pressure (bar)
   -3.78651e+00


DD  step 98999 load imb.: force  8.4%
           Step           Time
          99000      495.00000

   Energies (kJ/mol)
           Bond       G96Angle        LJ (SR)   Coulomb (SR) Position Rest.
    3.83602e+04    1.81129e+04   -4.36492e+05   -1.28820e+04    5.82120e+01
      Potential    Kinetic En.   Total Energy  Conserved En.    Temperature
   -3.92842e+05    9.55750e+04   -2.97268e+05   -3.94582e+05    2.58243e+02
 Pressure (bar)
   -3.22310e+00


DD  step 99999 load imb.: force  4.9%
           Step           Time
         100000      500.00000

Writing checkpoint, step 100000 at Wed Jun  8 16:16:03 2022


   Energies (kJ/mol)
           Bond       G96Angle        LJ (SR)   Coulomb (SR) Position Rest.
    3.88109e+04    1.79626e+04   -4.36119e+05   -1.30911e+04    5.83504e+01
      Potential    Kinetic En.   Total Energy  Conserved En.    Temperature
   -3.92378e+05    9.60416e+04   -2.96336e+05   -3.95560e+05    2.59504e+02
 Pressure (bar)
    1.90020e+00


Energy conservation over simulation part #1 of length 500 ns, time 0 to 500 ns
  Conserved energy drift: -6.55e-03 kJ/mol/ps per atom


	<======  ###############  ==>
	<====  A V E R A G E S  ====>
	<==  ###############  ======>

	Statistics over 100001 steps using 1001 frames

   Energies (kJ/mol)
           Bond       G96Angle        LJ (SR)   Coulomb (SR) Position Rest.
    3.89382e+04    1.79417e+04   -4.36502e+05   -1.30460e+04    5.23790e+01
      Potential    Kinetic En.   Total Energy  Conserved En.    Temperature
   -3.92616e+05    9.54096e+04   -2.97206e+05   -3.46876e+05    2.57796e+02
 Pressure (bar)
   -3.61959e+00

   Total Virial (kJ/mol)
    3.61451e+04    4.36713e+01   -7.74755e+01
    4.36720e+01    2.85070e+04   -5.62240e+00
   -7.74771e+01   -5.62434e+00    3.33471e+04

   Pressure (bar)
   -1.82113e+01   -1.64235e-01    3.29693e-01
   -1.64238e-01    1.38999e+01    2.30329e-02
    3.29699e-01    2.30410e-02   -6.54738e+00

  T-top_leaflet  T-bot_leaflet         T-DUMY
    3.02489e+02    3.02339e+02    6.82438e-01


	M E G A - F L O P S   A C C O U N T I N G

 NB=Group-cutoff nonbonded kernels    NxN=N-by-N cluster Verlet kernels
 RF=Reaction-Field  VdW=Van der Waals  QSTab=quadratic-spline table
 W3=SPC/TIP3p  W4=TIP4p (single or pairs)
 V&F=Potential and force  V=Potential only  F=Force only

 Computing:                               M-Number         M-Flops  % Flops
-----------------------------------------------------------------------------
 Pair Search distance check            4020.644322       36185.799     0.2
 NxN RF Elec. + LJ [F]               108868.817376     4137015.060    28.0
 NxN RF Elec. + LJ [V&F]               1100.763280       59441.217     0.4
 NxN LJ [F]                          301126.491072     9937174.205    67.2
 NxN LJ [V&F]                          3044.745088      130924.039     0.9
 NxN RF Electrostatics [F]              125.145504        3879.511     0.0
 NxN RF Electrostatics [V&F]              1.266416          45.591     0.0
 Reset In Box                            29.616648          88.850     0.0
 CG-CoM                                  29.735352          89.206     0.0
 Bonds                                 2341.623416      138155.782     0.9
 Angles                                1780.317803      299093.391     2.0
 Pos. Restr.                            438.904389       21945.219     0.1
 Virial                                  30.066036         541.189     0.0
 Stop-CM                                 29.735352         297.354     0.0
 Calc-Ekin                              593.579352       16026.643     0.1
-----------------------------------------------------------------------------
 Total                                                14780903.055   100.0
-----------------------------------------------------------------------------


    D O M A I N   D E C O M P O S I T I O N   S T A T I S T I C S

 av. #atoms communicated per step for force:  2 x 9495.5


Dynamic load balancing report:
 DLB got disabled because it was unsuitable to use.
 Average load imbalance: 11.5%.
 The balanceable part of the MD step is 75%, load imbalance is computed from this.
 Part of the total run time spent waiting due to load imbalance: 8.7%.

NOTE: 8.7 % of the available CPU time was lost due to load imbalance
      in the domain decomposition.
      You might want to use dynamic load balancing (option -dlb.)
      You can also consider manually changing the decomposition (option -dd);
      e.g. by using fewer domains along the box dimension in which there is
      considerable inhomogeneity in the simulated system.

     R E A L   C Y C L E   A N D   T I M E   A C C O U N T I N G

On 8 MPI ranks

 Computing:          Num   Num      Call    Wall time         Giga-Cycles
                     Ranks Threads  Count      (s)         total sum    %
-----------------------------------------------------------------------------
 Domain decomp.         8    1       1001       3.048         41.551   1.4
 DD comm. load          8    1       1000       0.296          4.034   0.1
 DD comm. bounds        8    1         78       0.017          0.227   0.0
 Neighbor search        8    1       1001       2.546         34.711   1.1
 Comm. coord.           8    1      99000      27.726        377.950  12.4
 Force                  8    1     100001     131.119       1787.364  58.8
 Wait + Comm. F         8    1     100001      42.547        579.977  19.1
 NB X/F buffer ops.     8    1     298001       4.200         57.254   1.9
 Write traj.            8    1        101       0.326          4.450   0.1
 Update                 8    1     100001       2.085         28.428   0.9
 Comm. energies         8    1      10001       8.040        109.604   3.6
 Rest                                           1.088         14.826   0.5
-----------------------------------------------------------------------------
 Total                                        223.039       3040.377 100.0
-----------------------------------------------------------------------------

               Core t (s)   Wall t (s)        (%)
       Time:     1784.307      223.039      800.0
                 (ns/day)    (hour/ns)
Performance:      193.690        0.124
Finished mdrun on rank 0 Wed Jun  8 16:16:04 2022

