1
                 Chemistry at HARvard Macromolecular Mechanics
           (CHARMM) - Developmental Version 46b1     August 15, 2021            
                                Revision unknown                                
       Copyright(c) 1984-2020  President and Fellows of Harvard College
                              All Rights Reserved
      Current operating system: Linux-3.10.0-1160.45.1.el7.x86_64(x86_64)       
                 Created on  5/30/22 at 10:02:57 by user: apache      

            Maximum number of ATOMS:    360720, and RESidues:      120240
 RDTITL> * GENERATED BY CHARMM-GUI (HTTP://WWW.CHARMM-GUI.ORG) V3.7 ON MAY, 30. 2022. JOBID=5391855495
 RDTITL> * GENERATES WATER BOX TO SOLVATE THE PROTEIN/MEMBRANE COMPLEX
 RDTITL> *
  
 CHARMM>     
  
 CHARMM>    DIMENS CHSIZE 5000000 MAXRES 3000000
Size      Original         New
MAXA        360720     5000000
MAXB        360720     5000000
MAXT        721440    10000000
MAXP       1082160    15000000
MAXIMP      180360     2500000
MAXNB        90180     1250000
MAXPAD      360720     5000000
MAXRES      120240     3000000
MAXSEG       45090      625000
MAXATC        1400
MAXCB         3000
MAXCT        50000
MAXCP        50000
MAXCI         1200
MAXCH         6400
MAXCN       502503
MAXCRT      120240     1666666
  
 CHARMM>     
  
 CHARMM>    ! Read topology and parameter files
 CHARMM>    stream martini_toppar.str
 VOPEN> Attempting to open::martini_toppar.str::
 OPNLGU> Unit 99 opened for READONLY access to martini_toppar.str

                    INPUT STREAM SWITCHING TO UNIT    99
 RDTITL> * GENERATED BY CHARMM-GUI (HTTP://WWW.CHARMM-GUI.ORG) V3.7 ON MAY, 30. 2022. JOBID=5391855495
 RDTITL> * MARTINI FF
 RDTITL> *
 Parameter: IN1 <- "" <empty>
  
 CHARMM>     
  
 CHARMM>    open read card unit 10 name toppar/martini_v2.0_lipids_all_201506.rtf
 VOPEN> Attempting to open::toppar/martini_v2.0_lipids_all_201506.rtf::
 OPNLGU> Unit 10 opened for READONLY access to toppar/martini_v2.0_lipids_all_201506.rtf
  
 CHARMM>    read  rtf card unit 10
 MAINIO> Residue topology file being read from unit  10.
 TITLE> *MARTINI FF PARAMETER IN CHARMM FORMAT
 TITLE> 36   1
  
 CHARMM>     
  
 CHARMM>    open read card unit 10 name toppar/martini_v2.0_ions.rtf
 OPNLGU> Unit already open. The old file will be closed first.
 VCLOSE: Closing unit   10 with status "KEEP"
 VOPEN> Attempting to open::toppar/martini_v2.0_ions.rtf::
 OPNLGU> Unit 10 opened for READONLY access to toppar/martini_v2.0_ions.rtf
  
 CHARMM>    read  rtf card unit 10 append
 MAINIO> Residue topology file being read from unit  10.
 TITLE> *MARTINI FF PARAMETER IN CHARMM FORMAT
 TITLE> 36   1
  
 CHARMM>     
  
 CHARMM>    open read card unit 10 name toppar/martini_v2.2_aminoacids.rtf
 OPNLGU> Unit already open. The old file will be closed first.
 VCLOSE: Closing unit   10 with status "KEEP"
 VOPEN> Attempting to open::toppar/martini_v2.2_aminoacids.rtf::
 OPNLGU> Unit 10 opened for READONLY access to toppar/martini_v2.2_aminoacids.rtf
  
 CHARMM>    read  rtf card unit 10 append
 MAINIO> Residue topology file being read from unit  10.
 TITLE> *MARTINI FF PARAMETER IN CHARMM FORMAT
 TITLE> 36   1
  
 CHARMM>     
  
 CHARMM>    open read card unit 10 name toppar/martini_v2.2_aminoacids.patch
 OPNLGU> Unit already open. The old file will be closed first.
 VCLOSE: Closing unit   10 with status "KEEP"
 VOPEN> Attempting to open::toppar/martini_v2.2_aminoacids.patch::
 OPNLGU> Unit 10 opened for READONLY access to toppar/martini_v2.2_aminoacids.patch
  
 CHARMM>    read  rtf card unit 10 append
 MAINIO> Residue topology file being read from unit  10.
 TITLE> *MARTINI FF PARAMETER IN CHARMM FORMAT
 TITLE> 36   1
  
 CHARMM>     
  
 CHARMM>    open read card unit 20 name toppar/martini_v2.2.prm
 VOPEN> Attempting to open::toppar/martini_v2.2.prm::
 OPNLGU> Unit 20 opened for READONLY access to toppar/martini_v2.2.prm
  
 CHARMM>    read para card unit 20 flex

          PARAMETER FILE BEING READ FROM UNIT 20
 TITLE> *MARTINI FF PARAMETER IN CHARMM FORMAT
 TITLE> *
 PARRDR> Error: Repeated BOND parameter (     2): NA    C1   is replaced
 PARRDR> Error: Repeated BOND parameter (     6): C1    C1   is replaced
 PARRDR> Error: Repeated BOND parameter (     9): C3    C1   is replaced
 PARRDR> Error: Repeated BOND parameter (    29): QA    Q0   is replaced
*****  WARNING  ***** PARRDR no nonbond parameters for atom type: 115  DUM 
 NO nonbond interactions will be computed for this atom type.
 PARMIO> NONBOND, HBOND lists and IMAGE atoms cleared.
  
 CHARMM>     
  
 CHARMM>    open read card unit 20 name toppar/martini_v2.2_aminoacids.auto.cons.prm
 OPNLGU> Unit already open. The old file will be closed first.
 VCLOSE: Closing unit   20 with status "KEEP"
 VOPEN> Attempting to open::toppar/martini_v2.2_aminoacids.auto.cons.prm::
 OPNLGU> Unit 20 opened for READONLY access to toppar/martini_v2.2_aminoacids.auto.cons.prm
  
 CHARMM>    read para card unit 20 append flex

          PARAMETER FILE BEING READ FROM UNIT 20
 TITLE> *MARTINI FF PARAMETER IN CHARMM FORMAT
 TITLE> *
 PARRDR> Error: Repeated ANGLE parameter (     4): C1    C3    C1   is replaced
 PARRDR> Error: Repeated ANGLE parameter (     6): C3    C1    C1   is replaced
PARRDR> **** NEGATIVE ANGLE MINIMA FOUND!
GROMACS style angle energy function used for angles with negative minima.
*****  WARNING  ***** PARRDR no nonbond parameters for atom type: 115  DUM 
 NO nonbond interactions will be computed for this atom type.
 PARMIO> NONBOND, HBOND lists and IMAGE atoms cleared.
  
 CHARMM>     
  
 VCLOSE: Closing unit   99 with status "KEEP"

                    RETURNING TO INPUT STREAM     5
  
 CHARMM>     
  
 CHARMM>    ! read system file to make water box to be added
 CHARMM>    stream step3_size.str
 VOPEN> Attempting to open::step3_size.str::
 OPNLGU> Unit 99 opened for READONLY access to step3_size.str

                    INPUT STREAM SWITCHING TO UNIT    99
 RDTITL> SET BOXTYPE  = RECT
 RDTITL> No title read.
 Parameter: IN1 <- "" <empty>
  
 CHARMM>     SET BOXTYPE  = RECT
 Parameter: BOXTYPE <- "RECT"
  
 CHARMM>     SET XTLTYPE  = TETRAGONAL
 Parameter: XTLTYPE <- "TETRAGONAL"
  
 CHARMM>     SET A        = 103.842188
 Parameter: A <- "103.842188"
  
 CHARMM>     SET B        = 103.842188
 Parameter: B <- "103.842188"
  
 CHARMM>     SET C        = 85
 Parameter: C <- "85"
  
 CHARMM>     SET ALPHA    = 90.0
 Parameter: ALPHA <- "90.0"
  
 CHARMM>     SET BETA     = 90.0
 Parameter: BETA <- "90.0"
  
 CHARMM>     SET GAMMA    = 90.0
 Parameter: GAMMA <- "90.0"
  
 CHARMM>     SET ZCEN     = 0
 Parameter: ZCEN <- "0"
  
 CHARMM>     SET NLIPTOP  = 162
 Parameter: NLIPTOP <- "162"
  
 CHARMM>     SET NLIPBOT  = 162
 Parameter: NLIPBOT <- "162"
  
 CHARMM>     SET WBOXZ    = 22.5
 Parameter: WBOXZ <- "22.5"
  
 CHARMM>     SET WATBOXZ  = 22.5
 Parameter: WATBOXZ <- "22.5"
  
 CHARMM>     SET NCHARGE  = -138
 Parameter: NCHARGE <- "-138"
  
 VCLOSE: Closing unit   99 with status "KEEP"

                    RETURNING TO INPUT STREAM     5
  
 CHARMM>     
  
 CHARMM>    calc Xinit = @A
 Parameter: A -> "103.842188"
Evaluating: 103.842188
 Parameter: XINIT <- "103.842188"
  
 CHARMM>    calc Yinit = @B
 Parameter: B -> "103.842188"
Evaluating: 103.842188
 Parameter: YINIT <- "103.842188"
  
 CHARMM>    calc Zinit = @watboxZ
 Parameter: WATBOXZ -> "22.5"
Evaluating: 22.5
 Parameter: ZINIT <- "22.5"
  
 CHARMM>     
  
 CHARMM>    set BOX = @BoxType
 Parameter: BOXTYPE -> "RECT"
 Parameter: BOX <- "RECT"
  
 CHARMM>     
  
 CHARMM>    IF BOX .eq. RECT THEN
 Comparing "RECT" and "RECT".
 IF test evaluated as true.  Performing command
  
 CHARMM>       calc BoxSizeX = @Xinit !from user input
 Parameter: XINIT -> "103.842188"
Evaluating: 103.842188
 Parameter: BOXSIZEX <- "103.842188"
  
 CHARMM>       calc BoxSizeY = @Yinit !from user input
 Parameter: YINIT -> "103.842188"
Evaluating: 103.842188
 Parameter: BOXSIZEY <- "103.842188"
  
 CHARMM>       calc BoxSizeZ = @Zinit !from user input
 Parameter: ZINIT -> "22.5"
Evaluating: 22.5
 Parameter: BOXSIZEZ <- "22.5"
  
 CHARMM>     
  
 CHARMM>       set XTLtype = ORTHorhombic
 Parameter: XTLTYPE <- "ORTHORHOMBIC"
  
 CHARMM>       if BoxSizeX .eq. @BoxSizeY if BoxSizeX .ne. @BoxSizeZ set XTLtype = TETRagonal
 Parameter: BOXSIZEY -> "103.842188"
 Parameter: BOXSIZEZ -> "22.5"
 Comparing "103.842188" and "103.842188".
 IF test evaluated as true.  Performing command
 Comparing "103.842188" and "22.5".
 IF test evaluated as true.  Performing command
 Parameter: XTLTYPE <- "TETRAGONAL"
  
 CHARMM>       if BoxSizeX .eq. @BoxSizeY if BoxSizeX .eq. @BoxSizeZ set XTLtype = CUBIc
 Parameter: BOXSIZEY -> "103.842188"
 Parameter: BOXSIZEZ -> "22.5"
 Comparing "103.842188" and "103.842188".
 IF test evaluated as true.  Performing command
 Comparing "103.842188" and "22.5".
 IF test evaluated as false.  Skipping command
  
 CHARMM>       set A = @BoxSizeX
 Parameter: BOXSIZEX -> "103.842188"
 Parameter: A <- "103.842188"
  
 CHARMM>       set B = @BoxSizeY
 Parameter: BOXSIZEY -> "103.842188"
 Parameter: B <- "103.842188"
  
 CHARMM>       set C = @BoxSizeZ
 Parameter: BOXSIZEZ -> "22.5"
 Parameter: C <- "22.5"
  
 CHARMM>       set Alpha = 90.0
 Parameter: ALPHA <- "90.0"
  
 CHARMM>       set Beta  = 90.0
 Parameter: BETA <- "90.0"
  
 CHARMM>       set Gamma = 90.0
 Parameter: GAMMA <- "90.0"
  
 CHARMM>    ENDIF
  
 CHARMM>     
  
 CHARMM>    IF BOX .eq. HEXA THEN
 Comparing "RECT" and "HEXA".
 IF test evaluated as false.  Skip to ELSE or ENDIF
  
 CHARMM>     
  
 CHARMM>    IF BOX .eq. OCTA THEN
 Comparing "RECT" and "OCTA".
 IF test evaluated as false.  Skip to ELSE or ENDIF
  
 CHARMM>     
  
 CHARMM>    ! a pre-equilibrated water cubic box with L=36.4
 CHARMM>    set L 36.4
 Parameter: L <- "36.4"
  
 CHARMM>     
  
 CHARMM>    ! number of boxes along XYZ-directions
 CHARMM>    calc Xnum = int(@BoxSizeX/@L) + 1
 Parameter: BOXSIZEX -> "103.842188"
 Parameter: L -> "36.4"
Evaluating: INT(103.842188/36.4)+1
 Parameter: XNUM <- "3"
  
 CHARMM>    calc Ynum = int(@BoxSizeY/@L) + 1
 Parameter: BOXSIZEY -> "103.842188"
 Parameter: L -> "36.4"
Evaluating: INT(103.842188/36.4)+1
 Parameter: YNUM <- "3"
  
 CHARMM>    calc Znum = int(@BoxSizeZ/@L) + 1
 Parameter: BOXSIZEZ -> "22.5"
 Parameter: L -> "36.4"
Evaluating: INT(22.5/36.4)+1
 Parameter: ZNUM <- "1"
  
 CHARMM>     
  
 CHARMM>    read sequence W 400
  
 CHARMM>    generate W000 setup noangle nodihedral
 NO PATCHING WILL BE DONE ON THE FIRST RESIDUE
 NO PATCHING WILL BE DONE ON THE LAST  RESIDUE
 GENPSF> Segment   1 has been generated. Its identifier is W000.
 PSFSUM> PSF modified: NONBOND lists and IMAGE atoms cleared.
 PSFSUM> Summary of the structure file counters :
         Number of segments      =        1   Number of residues   =      400
         Number of atoms         =      400   Number of groups     =      400
         Number of bonds         =        0   Number of angles     =        0
         Number of dihedrals     =        0   Number of impropers  =        0
         Number of cross-terms   =        0
         Number of HB acceptors  =        0   Number of HB donors  =        0
         Number of NB exclusions =        0   Total charge =    0.00000
 QXFORM> Expanded format used.
         More than 4 character atom type used.
  
 CHARMM>     
  
 CHARMM>    open read unit 10 card name toppar/waterbox.charmm.crd
 OPNLGU> Unit already open. The old file will be closed first.
 VCLOSE: Closing unit   10 with status "KEEP"
 VOPEN> Attempting to open::toppar/waterbox.charmm.crd::
 OPNLGU> Unit 10 opened for READONLY access to toppar/waterbox.charmm.crd
  
 CHARMM>    read coor unit 10 card
          SPATIAL COORDINATES BEING READ FROM UNIT 10
 TITLE> * GENERATED BY CHARMM-GUI (HTTP://WWW.CHARMM-GUI.ORG) ON FEB, 19. 2013.
 TITLE> * READ PDB, MANIPULATE STRUCTURE IF NEEDED, AND GENERATE TOPOLOGY FILE
 TITLE> *  DATE:     3/26/13     14:23:22      CREATED BY USER: QIYIFEI
 TITLE> *
  
 CHARMM>    close unit 10
 VCLOSE: Closing unit   10 with status "KEEP"
  
 CHARMM>     
  
 CHARMM>     
  
 CHARMM>    coor stat sele type W end
 SELRPN>    400 atoms have been selected out of    400
 STATISTICS FOR       400 SELECTED ATOMS:
    XMIN =  -18.348400 XMAX =   18.001600 XAVE =    0.000025
    YMIN =  -18.150400 YMAX =   18.189600 YAVE =    0.000050
    ZMIN =  -18.433300 ZMAX =   17.876700 ZAVE =   -0.000025
    WMIN =    0.000000 WMAX =    0.000000 WAVE =    0.000000
  
 CHARMM>    calc Lhalf = @L / 2.0
 Parameter: L -> "36.4"
Evaluating: 36.4/2.0
 Parameter: LHALF <- "18.2"
  
 CHARMM>    coor trans xdir 1.0 dist @Lhalf
 Parameter: LHALF -> "18.2"
 TRANSLATION VECTOR    18.200000    0.000000    0.000000
 SELECTED COORDINATES TRANSLATED IN THE MAIN SET.

  
 CHARMM>    coor trans ydir 1.0 dist @Lhalf
 Parameter: LHALF -> "18.2"
 TRANSLATION VECTOR     0.000000   18.200000    0.000000
 SELECTED COORDINATES TRANSLATED IN THE MAIN SET.

  
 CHARMM>    coor trans zdir 1.0 dist @Lhalf
 Parameter: LHALF -> "18.2"
 TRANSLATION VECTOR     0.000000    0.000000   18.200000
 SELECTED COORDINATES TRANSLATED IN THE MAIN SET.

  
 CHARMM>    coor stat sele type W end
 SELRPN>    400 atoms have been selected out of    400
 STATISTICS FOR       400 SELECTED ATOMS:
    XMIN =   -0.148400 XMAX =   36.201600 XAVE =   18.200025
    YMIN =    0.049600 YMAX =   36.389600 YAVE =   18.200050
    ZMIN =   -0.233300 ZMAX =   36.076700 ZAVE =   18.199975
    WMIN =    0.000000 WMAX =    0.000000 WAVE =    0.000000
  
 CHARMM>     
  
 CHARMM>    bomlev -5
 MISCOM> Setting BOMLev < -2 is NOT a good idea.
  
 CHARMM>     
  
 CHARMM>    ! planar water box unit
 CHARMM>    set J2  1
 Parameter: J2 <- "1"
  
 CHARMM>    label DO_2
  
 CHARMM>        set J1  1
 Parameter: J1 <- "1"
  
 CHARMM>        label DO_1
  
 CHARMM>     
  
 CHARMM>        read sequence W 400
  
 CHARMM>     
  
 CHARMM>        generate @{J1}W@{J2} setup noangle nodihedral
 Parameter: J1 -> "1"
 Parameter: J2 -> "1"
 NO PATCHING WILL BE DONE ON THE FIRST RESIDUE
 NO PATCHING WILL BE DONE ON THE LAST  RESIDUE
 GENPSF> Segment   2 has been generated. Its identifier is 1W1.
 PSFSUM> PSF modified: NONBOND lists and IMAGE atoms cleared.
 PSFSUM> Summary of the structure file counters :
         Number of segments      =        2   Number of residues   =      800
         Number of atoms         =      800   Number of groups     =      800
         Number of bonds         =        0   Number of angles     =        0
         Number of dihedrals     =        0   Number of impropers  =        0
         Number of cross-terms   =        0
         Number of HB acceptors  =        0   Number of HB donors  =        0
         Number of NB exclusions =        0   Total charge =    0.00000
  
 CHARMM>     
  
 CHARMM>        coor duplicate select segid W000 end select segid @{J1}W@{J2} end
 Parameter: J1 -> "1"
 Parameter: J2 -> "1"
 SELRPN>    400 atoms have been selected out of    800
 SELRPN>    400 atoms have been selected out of    800
  
 CHARMM>     
  
 CHARMM>        calc X = @L * ( @J1 - 1 )  ! mult X by @J1
 Parameter: L -> "36.4"
 Parameter: J1 -> "1"
Evaluating: 36.4*(1-1)
 Parameter: X <- "0"
  
 CHARMM>        calc Y = @L * ( @J2 - 1 )  ! mult Y by @J2
 Parameter: L -> "36.4"
 Parameter: J2 -> "1"
Evaluating: 36.4*(1-1)
 Parameter: Y <- "0"
  
 CHARMM>     
  
 CHARMM>        coor trans xdir @X ydir @Y select segid @{J1}W@{J2} end
 Parameter: X -> "0"
 Parameter: Y -> "0"
 Parameter: J1 -> "1"
 Parameter: J2 -> "1"
 SELRPN>    400 atoms have been selected out of    800
 TRANSLATION VECTOR     0.000000    0.000000    0.000000
 SELECTED COORDINATES TRANSLATED IN THE MAIN SET.

  
 CHARMM>     
  
 CHARMM>     
  
 CHARMM>        incr J1 by 1
 Parameter: J1 <- "2"
  
 CHARMM>        if J1 le @Xnum goto DO_1
 Parameter: XNUM -> "3"
 Comparing "2" and "3".
 IF test evaluated as true.  Performing command
  
 CHARMM>     
  
 CHARMM>        read sequence W 400
  
 CHARMM>     
  
 CHARMM>        generate @{J1}W@{J2} setup noangle nodihedral
 Parameter: J1 -> "2"
 Parameter: J2 -> "1"
 NO PATCHING WILL BE DONE ON THE FIRST RESIDUE
 NO PATCHING WILL BE DONE ON THE LAST  RESIDUE
 GENPSF> Segment   3 has been generated. Its identifier is 2W1.
 PSFSUM> PSF modified: NONBOND lists and IMAGE atoms cleared.
 PSFSUM> Summary of the structure file counters :
         Number of segments      =        3   Number of residues   =     1200
         Number of atoms         =     1200   Number of groups     =     1200
         Number of bonds         =        0   Number of angles     =        0
         Number of dihedrals     =        0   Number of impropers  =        0
         Number of cross-terms   =        0
         Number of HB acceptors  =        0   Number of HB donors  =        0
         Number of NB exclusions =        0   Total charge =    0.00000
  
 CHARMM>     
  
 CHARMM>        coor duplicate select segid W000 end select segid @{J1}W@{J2} end
 Parameter: J1 -> "2"
 Parameter: J2 -> "1"
 SELRPN>    400 atoms have been selected out of   1200
 SELRPN>    400 atoms have been selected out of   1200
  
 CHARMM>     
  
 CHARMM>        calc X = @L * ( @J1 - 1 )  ! mult X by @J1
 Parameter: L -> "36.4"
 Parameter: J1 -> "2"
Evaluating: 36.4*(2-1)
 Parameter: X <- "36.4"
  
 CHARMM>        calc Y = @L * ( @J2 - 1 )  ! mult Y by @J2
 Parameter: L -> "36.4"
 Parameter: J2 -> "1"
Evaluating: 36.4*(1-1)
 Parameter: Y <- "0"
  
 CHARMM>     
  
 CHARMM>        coor trans xdir @X ydir @Y select segid @{J1}W@{J2} end
 Parameter: X -> "36.4"
 Parameter: Y -> "0"
 Parameter: J1 -> "2"
 Parameter: J2 -> "1"
 SELRPN>    400 atoms have been selected out of   1200
 TRANSLATION VECTOR    36.400000    0.000000    0.000000
 SELECTED COORDINATES TRANSLATED IN THE MAIN SET.

  
 CHARMM>     
  
 CHARMM>     
  
 CHARMM>        incr J1 by 1
 Parameter: J1 <- "3"
  
 CHARMM>        if J1 le @Xnum goto DO_1
 Parameter: XNUM -> "3"
 Comparing "3" and "3".
 IF test evaluated as true.  Performing command
  
 CHARMM>     
  
 CHARMM>        read sequence W 400
  
 CHARMM>     
  
 CHARMM>        generate @{J1}W@{J2} setup noangle nodihedral
 Parameter: J1 -> "3"
 Parameter: J2 -> "1"
 NO PATCHING WILL BE DONE ON THE FIRST RESIDUE
 NO PATCHING WILL BE DONE ON THE LAST  RESIDUE
 GENPSF> Segment   4 has been generated. Its identifier is 3W1.
 PSFSUM> PSF modified: NONBOND lists and IMAGE atoms cleared.
 PSFSUM> Summary of the structure file counters :
         Number of segments      =        4   Number of residues   =     1600
         Number of atoms         =     1600   Number of groups     =     1600
         Number of bonds         =        0   Number of angles     =        0
         Number of dihedrals     =        0   Number of impropers  =        0
         Number of cross-terms   =        0
         Number of HB acceptors  =        0   Number of HB donors  =        0
         Number of NB exclusions =        0   Total charge =    0.00000
  
 CHARMM>     
  
 CHARMM>        coor duplicate select segid W000 end select segid @{J1}W@{J2} end
 Parameter: J1 -> "3"
 Parameter: J2 -> "1"
 SELRPN>    400 atoms have been selected out of   1600
 SELRPN>    400 atoms have been selected out of   1600
  
 CHARMM>     
  
 CHARMM>        calc X = @L * ( @J1 - 1 )  ! mult X by @J1
 Parameter: L -> "36.4"
 Parameter: J1 -> "3"
Evaluating: 36.4*(3-1)
 Parameter: X <- "72.8"
  
 CHARMM>        calc Y = @L * ( @J2 - 1 )  ! mult Y by @J2
 Parameter: L -> "36.4"
 Parameter: J2 -> "1"
Evaluating: 36.4*(1-1)
 Parameter: Y <- "0"
  
 CHARMM>     
  
 CHARMM>        coor trans xdir @X ydir @Y select segid @{J1}W@{J2} end
 Parameter: X -> "72.8"
 Parameter: Y -> "0"
 Parameter: J1 -> "3"
 Parameter: J2 -> "1"
 SELRPN>    400 atoms have been selected out of   1600
 TRANSLATION VECTOR    72.800000    0.000000    0.000000
 SELECTED COORDINATES TRANSLATED IN THE MAIN SET.

  
 CHARMM>     
  
 CHARMM>     
  
 CHARMM>        incr J1 by 1
 Parameter: J1 <- "4"
  
 CHARMM>        if J1 le @Xnum goto DO_1
 Parameter: XNUM -> "3"
 Comparing "4" and "3".
 IF test evaluated as false.  Skipping command
  
 CHARMM>    incr J2 by 1
 Parameter: J2 <- "2"
  
 CHARMM>    if J2 le @Ynum goto DO_2
 Parameter: YNUM -> "3"
 Comparing "2" and "3".
 IF test evaluated as true.  Performing command
  
 CHARMM>        set J1  1
 Parameter: J1 <- "1"
  
 CHARMM>        label DO_1
  
 CHARMM>     
  
 CHARMM>        read sequence W 400
  
 CHARMM>     
  
 CHARMM>        generate @{J1}W@{J2} setup noangle nodihedral
 Parameter: J1 -> "1"
 Parameter: J2 -> "2"
 NO PATCHING WILL BE DONE ON THE FIRST RESIDUE
 NO PATCHING WILL BE DONE ON THE LAST  RESIDUE
 GENPSF> Segment   5 has been generated. Its identifier is 1W2.
 PSFSUM> PSF modified: NONBOND lists and IMAGE atoms cleared.
 PSFSUM> Summary of the structure file counters :
         Number of segments      =        5   Number of residues   =     2000
         Number of atoms         =     2000   Number of groups     =     2000
         Number of bonds         =        0   Number of angles     =        0
         Number of dihedrals     =        0   Number of impropers  =        0
         Number of cross-terms   =        0
         Number of HB acceptors  =        0   Number of HB donors  =        0
         Number of NB exclusions =        0   Total charge =    0.00000
  
 CHARMM>     
  
 CHARMM>        coor duplicate select segid W000 end select segid @{J1}W@{J2} end
 Parameter: J1 -> "1"
 Parameter: J2 -> "2"
 SELRPN>    400 atoms have been selected out of   2000
 SELRPN>    400 atoms have been selected out of   2000
  
 CHARMM>     
  
 CHARMM>        calc X = @L * ( @J1 - 1 )  ! mult X by @J1
 Parameter: L -> "36.4"
 Parameter: J1 -> "1"
Evaluating: 36.4*(1-1)
 Parameter: X <- "0"
  
 CHARMM>        calc Y = @L * ( @J2 - 1 )  ! mult Y by @J2
 Parameter: L -> "36.4"
 Parameter: J2 -> "2"
Evaluating: 36.4*(2-1)
 Parameter: Y <- "36.4"
  
 CHARMM>     
  
 CHARMM>        coor trans xdir @X ydir @Y select segid @{J1}W@{J2} end
 Parameter: X -> "0"
 Parameter: Y -> "36.4"
 Parameter: J1 -> "1"
 Parameter: J2 -> "2"
 SELRPN>    400 atoms have been selected out of   2000
 TRANSLATION VECTOR     0.000000   36.400000    0.000000
 SELECTED COORDINATES TRANSLATED IN THE MAIN SET.

  
 CHARMM>     
  
 CHARMM>     
  
 CHARMM>        incr J1 by 1
 Parameter: J1 <- "2"
  
 CHARMM>        if J1 le @Xnum goto DO_1
 Parameter: XNUM -> "3"
 Comparing "2" and "3".
 IF test evaluated as true.  Performing command
  
 CHARMM>     
  
 CHARMM>        read sequence W 400
  
 CHARMM>     
  
 CHARMM>        generate @{J1}W@{J2} setup noangle nodihedral
 Parameter: J1 -> "2"
 Parameter: J2 -> "2"
 NO PATCHING WILL BE DONE ON THE FIRST RESIDUE
 NO PATCHING WILL BE DONE ON THE LAST  RESIDUE
 GENPSF> Segment   6 has been generated. Its identifier is 2W2.
 PSFSUM> PSF modified: NONBOND lists and IMAGE atoms cleared.
 PSFSUM> Summary of the structure file counters :
         Number of segments      =        6   Number of residues   =     2400
         Number of atoms         =     2400   Number of groups     =     2400
         Number of bonds         =        0   Number of angles     =        0
         Number of dihedrals     =        0   Number of impropers  =        0
         Number of cross-terms   =        0
         Number of HB acceptors  =        0   Number of HB donors  =        0
         Number of NB exclusions =        0   Total charge =    0.00000
  
 CHARMM>     
  
 CHARMM>        coor duplicate select segid W000 end select segid @{J1}W@{J2} end
 Parameter: J1 -> "2"
 Parameter: J2 -> "2"
 SELRPN>    400 atoms have been selected out of   2400
 SELRPN>    400 atoms have been selected out of   2400
  
 CHARMM>     
  
 CHARMM>        calc X = @L * ( @J1 - 1 )  ! mult X by @J1
 Parameter: L -> "36.4"
 Parameter: J1 -> "2"
Evaluating: 36.4*(2-1)
 Parameter: X <- "36.4"
  
 CHARMM>        calc Y = @L * ( @J2 - 1 )  ! mult Y by @J2
 Parameter: L -> "36.4"
 Parameter: J2 -> "2"
Evaluating: 36.4*(2-1)
 Parameter: Y <- "36.4"
  
 CHARMM>     
  
 CHARMM>        coor trans xdir @X ydir @Y select segid @{J1}W@{J2} end
 Parameter: X -> "36.4"
 Parameter: Y -> "36.4"
 Parameter: J1 -> "2"
 Parameter: J2 -> "2"
 SELRPN>    400 atoms have been selected out of   2400
 TRANSLATION VECTOR    36.400000   36.400000    0.000000
 SELECTED COORDINATES TRANSLATED IN THE MAIN SET.

  
 CHARMM>     
  
 CHARMM>     
  
 CHARMM>        incr J1 by 1
 Parameter: J1 <- "3"
  
 CHARMM>        if J1 le @Xnum goto DO_1
 Parameter: XNUM -> "3"
 Comparing "3" and "3".
 IF test evaluated as true.  Performing command
  
 CHARMM>     
  
 CHARMM>        read sequence W 400
  
 CHARMM>     
  
 CHARMM>        generate @{J1}W@{J2} setup noangle nodihedral
 Parameter: J1 -> "3"
 Parameter: J2 -> "2"
 NO PATCHING WILL BE DONE ON THE FIRST RESIDUE
 NO PATCHING WILL BE DONE ON THE LAST  RESIDUE
 GENPSF> Segment   7 has been generated. Its identifier is 3W2.
 PSFSUM> PSF modified: NONBOND lists and IMAGE atoms cleared.
 PSFSUM> Summary of the structure file counters :
         Number of segments      =        7   Number of residues   =     2800
         Number of atoms         =     2800   Number of groups     =     2800
         Number of bonds         =        0   Number of angles     =        0
         Number of dihedrals     =        0   Number of impropers  =        0
         Number of cross-terms   =        0
         Number of HB acceptors  =        0   Number of HB donors  =        0
         Number of NB exclusions =        0   Total charge =    0.00000
  
 CHARMM>     
  
 CHARMM>        coor duplicate select segid W000 end select segid @{J1}W@{J2} end
 Parameter: J1 -> "3"
 Parameter: J2 -> "2"
 SELRPN>    400 atoms have been selected out of   2800
 SELRPN>    400 atoms have been selected out of   2800
  
 CHARMM>     
  
 CHARMM>        calc X = @L * ( @J1 - 1 )  ! mult X by @J1
 Parameter: L -> "36.4"
 Parameter: J1 -> "3"
Evaluating: 36.4*(3-1)
 Parameter: X <- "72.8"
  
 CHARMM>        calc Y = @L * ( @J2 - 1 )  ! mult Y by @J2
 Parameter: L -> "36.4"
 Parameter: J2 -> "2"
Evaluating: 36.4*(2-1)
 Parameter: Y <- "36.4"
  
 CHARMM>     
  
 CHARMM>        coor trans xdir @X ydir @Y select segid @{J1}W@{J2} end
 Parameter: X -> "72.8"
 Parameter: Y -> "36.4"
 Parameter: J1 -> "3"
 Parameter: J2 -> "2"
 SELRPN>    400 atoms have been selected out of   2800
 TRANSLATION VECTOR    72.800000   36.400000    0.000000
 SELECTED COORDINATES TRANSLATED IN THE MAIN SET.

  
 CHARMM>     
  
 CHARMM>     
  
 CHARMM>        incr J1 by 1
 Parameter: J1 <- "4"
  
 CHARMM>        if J1 le @Xnum goto DO_1
 Parameter: XNUM -> "3"
 Comparing "4" and "3".
 IF test evaluated as false.  Skipping command
  
 CHARMM>    incr J2 by 1
 Parameter: J2 <- "3"
  
 CHARMM>    if J2 le @Ynum goto DO_2
 Parameter: YNUM -> "3"
 Comparing "3" and "3".
 IF test evaluated as true.  Performing command
  
 CHARMM>        set J1  1
 Parameter: J1 <- "1"
  
 CHARMM>        label DO_1
  
 CHARMM>     
  
 CHARMM>        read sequence W 400
  
 CHARMM>     
  
 CHARMM>        generate @{J1}W@{J2} setup noangle nodihedral
 Parameter: J1 -> "1"
 Parameter: J2 -> "3"
 NO PATCHING WILL BE DONE ON THE FIRST RESIDUE
 NO PATCHING WILL BE DONE ON THE LAST  RESIDUE
 GENPSF> Segment   8 has been generated. Its identifier is 1W3.
 PSFSUM> PSF modified: NONBOND lists and IMAGE atoms cleared.
 PSFSUM> Summary of the structure file counters :
         Number of segments      =        8   Number of residues   =     3200
         Number of atoms         =     3200   Number of groups     =     3200
         Number of bonds         =        0   Number of angles     =        0
         Number of dihedrals     =        0   Number of impropers  =        0
         Number of cross-terms   =        0
         Number of HB acceptors  =        0   Number of HB donors  =        0
         Number of NB exclusions =        0   Total charge =    0.00000
  
 CHARMM>     
  
 CHARMM>        coor duplicate select segid W000 end select segid @{J1}W@{J2} end
 Parameter: J1 -> "1"
 Parameter: J2 -> "3"
 SELRPN>    400 atoms have been selected out of   3200
 SELRPN>    400 atoms have been selected out of   3200
  
 CHARMM>     
  
 CHARMM>        calc X = @L * ( @J1 - 1 )  ! mult X by @J1
 Parameter: L -> "36.4"
 Parameter: J1 -> "1"
Evaluating: 36.4*(1-1)
 Parameter: X <- "0"
  
 CHARMM>        calc Y = @L * ( @J2 - 1 )  ! mult Y by @J2
 Parameter: L -> "36.4"
 Parameter: J2 -> "3"
Evaluating: 36.4*(3-1)
 Parameter: Y <- "72.8"
  
 CHARMM>     
  
 CHARMM>        coor trans xdir @X ydir @Y select segid @{J1}W@{J2} end
 Parameter: X -> "0"
 Parameter: Y -> "72.8"
 Parameter: J1 -> "1"
 Parameter: J2 -> "3"
 SELRPN>    400 atoms have been selected out of   3200
 TRANSLATION VECTOR     0.000000   72.800000    0.000000
 SELECTED COORDINATES TRANSLATED IN THE MAIN SET.

  
 CHARMM>     
  
 CHARMM>     
  
 CHARMM>        incr J1 by 1
 Parameter: J1 <- "2"
  
 CHARMM>        if J1 le @Xnum goto DO_1
 Parameter: XNUM -> "3"
 Comparing "2" and "3".
 IF test evaluated as true.  Performing command
  
 CHARMM>     
  
 CHARMM>        read sequence W 400
  
 CHARMM>     
  
 CHARMM>        generate @{J1}W@{J2} setup noangle nodihedral
 Parameter: J1 -> "2"
 Parameter: J2 -> "3"
 NO PATCHING WILL BE DONE ON THE FIRST RESIDUE
 NO PATCHING WILL BE DONE ON THE LAST  RESIDUE
 GENPSF> Segment   9 has been generated. Its identifier is 2W3.
 PSFSUM> PSF modified: NONBOND lists and IMAGE atoms cleared.
 PSFSUM> Summary of the structure file counters :
         Number of segments      =        9   Number of residues   =     3600
         Number of atoms         =     3600   Number of groups     =     3600
         Number of bonds         =        0   Number of angles     =        0
         Number of dihedrals     =        0   Number of impropers  =        0
         Number of cross-terms   =        0
         Number of HB acceptors  =        0   Number of HB donors  =        0
         Number of NB exclusions =        0   Total charge =    0.00000
  
 CHARMM>     
  
 CHARMM>        coor duplicate select segid W000 end select segid @{J1}W@{J2} end
 Parameter: J1 -> "2"
 Parameter: J2 -> "3"
 SELRPN>    400 atoms have been selected out of   3600
 SELRPN>    400 atoms have been selected out of   3600
  
 CHARMM>     
  
 CHARMM>        calc X = @L * ( @J1 - 1 )  ! mult X by @J1
 Parameter: L -> "36.4"
 Parameter: J1 -> "2"
Evaluating: 36.4*(2-1)
 Parameter: X <- "36.4"
  
 CHARMM>        calc Y = @L * ( @J2 - 1 )  ! mult Y by @J2
 Parameter: L -> "36.4"
 Parameter: J2 -> "3"
Evaluating: 36.4*(3-1)
 Parameter: Y <- "72.8"
  
 CHARMM>     
  
 CHARMM>        coor trans xdir @X ydir @Y select segid @{J1}W@{J2} end
 Parameter: X -> "36.4"
 Parameter: Y -> "72.8"
 Parameter: J1 -> "2"
 Parameter: J2 -> "3"
 SELRPN>    400 atoms have been selected out of   3600
 TRANSLATION VECTOR    36.400000   72.800000    0.000000
 SELECTED COORDINATES TRANSLATED IN THE MAIN SET.

  
 CHARMM>     
  
 CHARMM>     
  
 CHARMM>        incr J1 by 1
 Parameter: J1 <- "3"
  
 CHARMM>        if J1 le @Xnum goto DO_1
 Parameter: XNUM -> "3"
 Comparing "3" and "3".
 IF test evaluated as true.  Performing command
  
 CHARMM>     
  
 CHARMM>        read sequence W 400
  
 CHARMM>     
  
 CHARMM>        generate @{J1}W@{J2} setup noangle nodihedral
 Parameter: J1 -> "3"
 Parameter: J2 -> "3"
 NO PATCHING WILL BE DONE ON THE FIRST RESIDUE
 NO PATCHING WILL BE DONE ON THE LAST  RESIDUE
 GENPSF> Segment  10 has been generated. Its identifier is 3W3.
 PSFSUM> PSF modified: NONBOND lists and IMAGE atoms cleared.
 PSFSUM> Summary of the structure file counters :
         Number of segments      =       10   Number of residues   =     4000
         Number of atoms         =     4000   Number of groups     =     4000
         Number of bonds         =        0   Number of angles     =        0
         Number of dihedrals     =        0   Number of impropers  =        0
         Number of cross-terms   =        0
         Number of HB acceptors  =        0   Number of HB donors  =        0
         Number of NB exclusions =        0   Total charge =    0.00000
  
 CHARMM>     
  
 CHARMM>        coor duplicate select segid W000 end select segid @{J1}W@{J2} end
 Parameter: J1 -> "3"
 Parameter: J2 -> "3"
 SELRPN>    400 atoms have been selected out of   4000
 SELRPN>    400 atoms have been selected out of   4000
  
 CHARMM>     
  
 CHARMM>        calc X = @L * ( @J1 - 1 )  ! mult X by @J1
 Parameter: L -> "36.4"
 Parameter: J1 -> "3"
Evaluating: 36.4*(3-1)
 Parameter: X <- "72.8"
  
 CHARMM>        calc Y = @L * ( @J2 - 1 )  ! mult Y by @J2
 Parameter: L -> "36.4"
 Parameter: J2 -> "3"
Evaluating: 36.4*(3-1)
 Parameter: Y <- "72.8"
  
 CHARMM>     
  
 CHARMM>        coor trans xdir @X ydir @Y select segid @{J1}W@{J2} end
 Parameter: X -> "72.8"
 Parameter: Y -> "72.8"
 Parameter: J1 -> "3"
 Parameter: J2 -> "3"
 SELRPN>    400 atoms have been selected out of   4000
 TRANSLATION VECTOR    72.800000   72.800000    0.000000
 SELECTED COORDINATES TRANSLATED IN THE MAIN SET.

  
 CHARMM>     
  
 CHARMM>     
  
 CHARMM>        incr J1 by 1
 Parameter: J1 <- "4"
  
 CHARMM>        if J1 le @Xnum goto DO_1
 Parameter: XNUM -> "3"
 Comparing "4" and "3".
 IF test evaluated as false.  Skipping command
  
 CHARMM>    incr J2 by 1
 Parameter: J2 <- "4"
  
 CHARMM>    if J2 le @Ynum goto DO_2
 Parameter: YNUM -> "3"
 Comparing "4" and "3".
 IF test evaluated as false.  Skipping command
  
 CHARMM>     
  
 CHARMM>    define JUNK sele .byres. ( ( type W ) .and. -
 CHARMM>                               ( prop X .gt. @BoxSizeX .or. -
 CHARMM>                                 prop Y .gt. @BoxSizeY ) ) end
 Parameter: BOXSIZEX -> "103.842188"
 Parameter: BOXSIZEY -> "103.842188"
 SELRPN>    343 atoms have been selected out of   4000
  
 CHARMM>    if ?nsel gt 0 delete atoms sele JUNK end
 RDCMND substituted energy or value "?NSEL" to "343"
 Comparing "343" and "0".
 IF test evaluated as true.  Performing command
 SELRPN>    343 atoms have been selected out of   4000

 Message from MAPIC: Atom numbers are changed.

 Message from MAPIC:        343 residues deleted.
 PSFSUM> PSF modified: NONBOND lists and IMAGE atoms cleared.
 PSFSUM> Summary of the structure file counters :
         Number of segments      =       10   Number of residues   =     3657
         Number of atoms         =     3657   Number of groups     =     3657
         Number of bonds         =        0   Number of angles     =        0
         Number of dihedrals     =        0   Number of impropers  =        0
         Number of cross-terms   =        0
         Number of HB acceptors  =        0   Number of HB donors  =        0
         Number of NB exclusions =        0   Total charge =    0.00000
  
 CHARMM>     
  
 CHARMM>    delete atom sele segid W000 end
 SELRPN>    400 atoms have been selected out of   3657

 Message from MAPIC: Atom numbers are changed.

 Message from MAPIC:        400 residues deleted.

 Message from MAPIC:          1 segments deleted.
 PSFSUM> PSF modified: NONBOND lists and IMAGE atoms cleared.
 PSFSUM> Summary of the structure file counters :
         Number of segments      =        9   Number of residues   =     3257
         Number of atoms         =     3257   Number of groups     =     3257
         Number of bonds         =        0   Number of angles     =        0
         Number of dihedrals     =        0   Number of impropers  =        0
         Number of cross-terms   =        0
         Number of HB acceptors  =        0   Number of HB donors  =        0
         Number of NB exclusions =        0   Total charge =    0.00000
  
 CHARMM>     
  
 CHARMM>    open write unit 10 card name water_tmp.crd
 VOPEN> Attempting to open::water_tmp.crd::
 OPNLGU> Unit 10 opened for WRITE access to water_tmp.crd
  
 CHARMM>    write coor unit 10 card
 RDTITL>  
 RDTITL> No title read.
 VCLOSE: Closing unit   10 with status "KEEP"
  
 CHARMM>     
  
 CHARMM>    delete atom sele all end
 SELRPN>   3257 atoms have been selected out of   3257

 Message from MAPIC: Atom numbers are changed.

 Message from MAPIC:       3257 residues deleted.

 Message from MAPIC:          9 segments deleted.
 PSFSUM> PSF modified: NONBOND lists and IMAGE atoms cleared.
 PSFSUM> Summary of the structure file counters :
         Number of segments      =        0   Number of residues   =        0
         Number of atoms         =        0   Number of groups     =        0
         Number of bonds         =        0   Number of angles     =        0
         Number of dihedrals     =        0   Number of impropers  =        0
         Number of cross-terms   =        0
         Number of HB acceptors  =        0   Number of HB donors  =        0
         Number of NB exclusions =        0   Total charge =    0.00000
  
 CHARMM>     
  
 CHARMM>    ! generate water box by stacking planar water boxes
 CHARMM>    set J3  1
 Parameter: J3 <- "1"
  
 CHARMM>    label DO_3
  
 CHARMM>     
  
 CHARMM>        open read card unit 10 name water_tmp.crd
 VOPEN> Attempting to open::water_tmp.crd::
 OPNLGU> Unit 10 opened for READONLY access to water_tmp.crd
  
 CHARMM>        read sequence coor card unit 10
 **** Warning ****  The following extraneous characters
 were found while command processing in CHARMM
 CARD
 MAINIO> Sequence information being read from unit  10.
 TITLE> * GENERATED BY CHARMM-GUI (HTTP://WWW.CHARMM-GUI.ORG) V3.7 ON MAY, 30. 2022. JOB
 TITLE> * GENERATES WATER BOX TO SOLVATE THE PROTEIN/MEMBRANE COMPLEX
 TITLE> *  DATE:     5/30/22     10: 3: 9      CREATED BY USER: APACHE
 TITLE> *

          RESIDUE SEQUENCE --  3257 RESIDUES
          W       W       W       W       W       W       W       W       W       W       W       W       W       W       W       W       W       W       W       W       
          W       W       W       W       W       W       W       W       W       W       W       W       W       W       W       W       W       W       W       W       
          W       W       W       W       W       W       W       W       W       W       W       W       W       W       W       W       W       W       W       W       
          W       W       W       W       W       W       W       W       W       W       W       W       W       W       W       W       W       W       W       W       
          W       W       W       W       W       W       W       W       W       W       W       W       W       W       W       W       W       W       W       W       
          W       W       W       W       W       W       W       W       W       W       W       W       W       W       W       W       W       W       W       W       
          W       W       W       W       W       W       W       W       W       W       W       W       W       W       W       W       W       W       W       W       
          W       W       W       W       W       W       W       W       W       W       W       W       W       W       W       W       W       W       W       W       
          W       W       W       W       W       W       W       W       W       W       W       W       W       W       W       W       W       W       W       W       
          W       W       W       W       W       W       W       W       W       W       W       W       W       W       W       W       W       W       W       W       
          W       W       W       W       W       W       W       W       W       W       W       W       W       W       W       W       W       W       W       W       
          W       W       W       W       W       W       W       W       W       W       W       W       W       W       W       W       W       W       W       W       
          W       W       W       W       W       W       W       W       W       W       W       W       W       W       W       W       W       W       W       W       
          W       W       W       W       W       W       W       W       W       W       W       W       W       W       W       W       W       W       W       W       
          W       W       W       W       W       W       W       W       W       W       W       W       W       W       W       W       W       W       W       W       
          W       W       W       W       W       W       W       W       W       W       W       W       W       W       W       W       W       W       W       W       
          W       W       W       W       W       W       W       W       W       W       W       W       W       W       W       W       W       W       W       W       
          W       W       W       W       W       W       W       W       W       W       W       W       W       W       W       W       W       W       W       W       
          W       W       W       W       W       W       W       W       W       W       W       W       W       W       W       W       W       W       W       W       
          W       W       W       W       W       W       W       W       W       W       W       W       W       W       W       W       W       W       W       W       
          W       W       W       W       W       W       W       W       W       W       W       W       W       W       W       W       W       W       W       W       
          W       W       W       W       W       W       W       W       W       W       W       W       W       W       W       W       W       W       W       W       
          W       W       W       W       W       W       W       W       W       W       W       W       W       W       W       W       W       W       W       W       
          W       W       W       W       W       W       W       W       W       W       W       W       W       W       W       W       W       W       W       W       
          W       W       W       W       W       W       W       W       W       W       W       W       W       W       W       W       W       W       W       W       
          W       W       W       W       W       W       W       W       W       W       W       W       W       W       W       W       W       W       W       W       
          W       W       W       W       W       W       W       W       W       W       W       W       W       W       W       W       W       W       W       W       
          W       W       W       W       W       W       W       W       W       W       W       W       W       W       W       W       W       W       W       W       
          W       W       W       W       W       W       W       W       W       W       W       W       W       W       W       W       W       W       W       W       
          W       W       W       W       W       W       W       W       W       W       W       W       W       W       W       W       W       W       W       W       
          W       W       W       W       W       W       W       W       W       W       W       W       W       W       W       W       W       W       W       W       
          W       W       W       W       W       W       W       W       W       W       W       W       W       W       W       W       W       W       W       W       
          W       W       W       W       W       W       W       W       W       W       W       W       W       W       W       W       W       W       W       W       
          W       W       W       W       W       W       W       W       W       W       W       W       W       W       W       W       W       W       W       W       
          W       W       W       W       W       W       W       W       W       W       W       W       W       W       W       W       W       W       W       W       
          W       W       W       W       W       W       W       W       W       W       W       W       W       W       W       W       W       W       W       W       
          W       W       W       W       W       W       W       W       W       W       W       W       W       W       W       W       W       W       W       W       
          W       W       W       W       W       W       W       W       W       W       W       W       W       W       W       W       W       W       W       W       
          W       W       W       W       W       W       W       W       W       W       W       W       W       W       W       W       W       W       W       W       
          W       W       W       W       W       W       W       W       W       W       W       W       W       W       W       W       W       W       W       W       
          W       W       W       W       W       W       W       W       W       W       W       W       W       W       W       W       W       W       W       W       
          W       W       W       W       W       W       W       W       W       W       W       W       W       W       W       W       W       W       W       W       
          W       W       W       W       W       W       W       W       W       W       W       W       W       W       W       W       W       W       W       W       
          W       W       W       W       W       W       W       W       W       W       W       W       W       W       W       W       W       W       W       W       
          W       W       W       W       W       W       W       W       W       W       W       W       W       W       W       W       W       W       W       W       
          W       W       W       W       W       W       W       W       W       W       W       W       W       W       W       W       W       W       W       W       
          W       W       W       W       W       W       W       W       W       W       W       W       W       W       W       W       W       W       W       W       
          W       W       W       W       W       W       W       W       W       W       W       W       W       W       W       W       W       W       W       W       
          W       W       W       W       W       W       W       W       W       W       W       W       W       W       W       W       W       W       W       W       
          W       W       W       W       W       W       W       W       W       W       W       W       W       W       W       W       W       W       W       W       
          W       W       W       W       W       W       W       W       W       W       W       W       W       W       W       W       W       W       W       W       
          W       W       W       W       W       W       W       W       W       W       W       W       W       W       W       W       W       W       W       W       
          W       W       W       W       W       W       W       W       W       W       W       W       W       W       W       W       W       W       W       W       
          W       W       W       W       W       W       W       W       W       W       W       W       W       W       W       W       W       W       W       W       
          W       W       W       W       W       W       W       W       W       W       W       W       W       W       W       W       W       W       W       W       
          W       W       W       W       W       W       W       W       W       W       W       W       W       W       W       W       W       W       W       W       
          W       W       W       W       W       W       W       W       W       W       W       W       W       W       W       W       W       W       W       W       
          W       W       W       W       W       W       W       W       W       W       W       W       W       W       W       W       W       W       W       W       
          W       W       W       W       W       W       W       W       W       W       W       W       W       W       W       W       W       W       W       W       
          W       W       W       W       W       W       W       W       W       W       W       W       W       W       W       W       W       W       W       W       
          W       W       W       W       W       W       W       W       W       W       W       W       W       W       W       W       W       W       W       W       
          W       W       W       W       W       W       W       W       W       W       W       W       W       W       W       W       W       W       W       W       
          W       W       W       W       W       W       W       W       W       W       W       W       W       W       W       W       W       W       W       W       
          W       W       W       W       W       W       W       W       W       W       W       W       W       W       W       W       W       W       W       W       
          W       W       W       W       W       W       W       W       W       W       W       W       W       W       W       W       W       W       W       W       
          W       W       W       W       W       W       W       W       W       W       W       W       W       W       W       W       W       W       W       W       
          W       W       W       W       W       W       W       W       W       W       W       W       W       W       W       W       W       W       W       W       
          W       W       W       W       W       W       W       W       W       W       W       W       W       W       W       W       W       W       W       W       
          W       W       W       W       W       W       W       W       W       W       W       W       W       W       W       W       W       W       W       W       
          W       W       W       W       W       W       W       W       W       W       W       W       W       W       W       W       W       W       W       W       
          W       W       W       W       W       W       W       W       W       W       W       W       W       W       W       W       W       W       W       W       
          W       W       W       W       W       W       W       W       W       W       W       W       W       W       W       W       W       W       W       W       
          W       W       W       W       W       W       W       W       W       W       W       W       W       W       W       W       W       W       W       W       
          W       W       W       W       W       W       W       W       W       W       W       W       W       W       W       W       W       W       W       W       
          W       W       W       W       W       W       W       W       W       W       W       W       W       W       W       W       W       W       W       W       
          W       W       W       W       W       W       W       W       W       W       W       W       W       W       W       W       W       W       W       W       
          W       W       W       W       W       W       W       W       W       W       W       W       W       W       W       W       W       W       W       W       
          W       W       W       W       W       W       W       W       W       W       W       W       W       W       W       W       W       W       W       W       
          W       W       W       W       W       W       W       W       W       W       W       W       W       W       W       W       W       W       W       W       
          W       W       W       W       W       W       W       W       W       W       W       W       W       W       W       W       W       W       W       W       
          W       W       W       W       W       W       W       W       W       W       W       W       W       W       W       W       W       W       W       W       
          W       W       W       W       W       W       W       W       W       W       W       W       W       W       W       W       W       W       W       W       
          W       W       W       W       W       W       W       W       W       W       W       W       W       W       W       W       W       W       W       W       
          W       W       W       W       W       W       W       W       W       W       W       W       W       W       W       W       W       W       W       W       
          W       W       W       W       W       W       W       W       W       W       W       W       W       W       W       W       W       W       W       W       
          W       W       W       W       W       W       W       W       W       W       W       W       W       W       W       W       W       W       W       W       
          W       W       W       W       W       W       W       W       W       W       W       W       W       W       W       W       W       W       W       W       
          W       W       W       W       W       W       W       W       W       W       W       W       W       W       W       W       W       W       W       W       
          W       W       W       W       W       W       W       W       W       W       W       W       W       W       W       W       W       W       W       W       
          W       W       W       W       W       W       W       W       W       W       W       W       W       W       W       W       W       W       W       W       
          W       W       W       W       W       W       W       W       W       W       W       W       W       W       W       W       W       W       W       W       
          W       W       W       W       W       W       W       W       W       W       W       W       W       W       W       W       W       W       W       W       
          W       W       W       W       W       W       W       W       W       W       W       W       W       W       W       W       W       W       W       W       
          W       W       W       W       W       W       W       W       W       W       W       W       W       W       W       W       W       W       W       W       
          W       W       W       W       W       W       W       W       W       W       W       W       W       W       W       W       W       W       W       W       
          W       W       W       W       W       W       W       W       W       W       W       W       W       W       W       W       W       W       W       W       
          W       W       W       W       W       W       W       W       W       W       W       W       W       W       W       W       W       W       W       W       
          W       W       W       W       W       W       W       W       W       W       W       W       W       W       W       W       W       W       W       W       
          W       W       W       W       W       W       W       W       W       W       W       W       W       W       W       W       W       W       W       W       
          W       W       W       W       W       W       W       W       W       W       W       W       W       W       W       W       W       W       W       W       
          W       W       W       W       W       W       W       W       W       W       W       W       W       W       W       W       W       W       W       W       
          W       W       W       W       W       W       W       W       W       W       W       W       W       W       W       W       W       W       W       W       
          W       W       W       W       W       W       W       W       W       W       W       W       W       W       W       W       W       W       W       W       
          W       W       W       W       W       W       W       W       W       W       W       W       W       W       W       W       W       W       W       W       
          W       W       W       W       W       W       W       W       W       W       W       W       W       W       W       W       W       W       W       W       
          W       W       W       W       W       W       W       W       W       W       W       W       W       W       W       W       W       W       W       W       
          W       W       W       W       W       W       W       W       W       W       W       W       W       W       W       W       W       W       W       W       
          W       W       W       W       W       W       W       W       W       W       W       W       W       W       W       W       W       W       W       W       
          W       W       W       W       W       W       W       W       W       W       W       W       W       W       W       W       W       W       W       W       
          W       W       W       W       W       W       W       W       W       W       W       W       W       W       W       W       W       W       W       W       
          W       W       W       W       W       W       W       W       W       W       W       W       W       W       W       W       W       W       W       W       
          W       W       W       W       W       W       W       W       W       W       W       W       W       W       W       W       W       W       W       W       
          W       W       W       W       W       W       W       W       W       W       W       W       W       W       W       W       W       W       W       W       
          W       W       W       W       W       W       W       W       W       W       W       W       W       W       W       W       W       W       W       W       
          W       W       W       W       W       W       W       W       W       W       W       W       W       W       W       W       W       W       W       W       
          W       W       W       W       W       W       W       W       W       W       W       W       W       W       W       W       W       W       W       W       
          W       W       W       W       W       W       W       W       W       W       W       W       W       W       W       W       W       W       W       W       
          W       W       W       W       W       W       W       W       W       W       W       W       W       W       W       W       W       W       W       W       
          W       W       W       W       W       W       W       W       W       W       W       W       W       W       W       W       W       W       W       W       
          W       W       W       W       W       W       W       W       W       W       W       W       W       W       W       W       W       W       W       W       
          W       W       W       W       W       W       W       W       W       W       W       W       W       W       W       W       W       W       W       W       
          W       W       W       W       W       W       W       W       W       W       W       W       W       W       W       W       W       W       W       W       
          W       W       W       W       W       W       W       W       W       W       W       W       W       W       W       W       W       W       W       W       
          W       W       W       W       W       W       W       W       W       W       W       W       W       W       W       W       W       W       W       W       
          W       W       W       W       W       W       W       W       W       W       W       W       W       W       W       W       W       W       W       W       
          W       W       W       W       W       W       W       W       W       W       W       W       W       W       W       W       W       W       W       W       
          W       W       W       W       W       W       W       W       W       W       W       W       W       W       W       W       W       W       W       W       
          W       W       W       W       W       W       W       W       W       W       W       W       W       W       W       W       W       W       W       W       
          W       W       W       W       W       W       W       W       W       W       W       W       W       W       W       W       W       W       W       W       
          W       W       W       W       W       W       W       W       W       W       W       W       W       W       W       W       W       W       W       W       
          W       W       W       W       W       W       W       W       W       W       W       W       W       W       W       W       W       W       W       W       
          W       W       W       W       W       W       W       W       W       W       W       W       W       W       W       W       W       W       W       W       
          W       W       W       W       W       W       W       W       W       W       W       W       W       W       W       W       W       W       W       W       
          W       W       W       W       W       W       W       W       W       W       W       W       W       W       W       W       W       W       W       W       
          W       W       W       W       W       W       W       W       W       W       W       W       W       W       W       W       W       W       W       W       
          W       W       W       W       W       W       W       W       W       W       W       W       W       W       W       W       W       W       W       W       
          W       W       W       W       W       W       W       W       W       W       W       W       W       W       W       W       W       W       W       W       
          W       W       W       W       W       W       W       W       W       W       W       W       W       W       W       W       W       W       W       W       
          W       W       W       W       W       W       W       W       W       W       W       W       W       W       W       W       W       W       W       W       
          W       W       W       W       W       W       W       W       W       W       W       W       W       W       W       W       W       W       W       W       
          W       W       W       W       W       W       W       W       W       W       W       W       W       W       W       W       W       W       W       W       
          W       W       W       W       W       W       W       W       W       W       W       W       W       W       W       W       W       W       W       W       
          W       W       W       W       W       W       W       W       W       W       W       W       W       W       W       W       W       W       W       W       
          W       W       W       W       W       W       W       W       W       W       W       W       W       W       W       W       W       W       W       W       
          W       W       W       W       W       W       W       W       W       W       W       W       W       W       W       W       W       W       W       W       
          W       W       W       W       W       W       W       W       W       W       W       W       W       W       W       W       W       W       W       W       
          W       W       W       W       W       W       W       W       W       W       W       W       W       W       W       W       W       W       W       W       
          W       W       W       W       W       W       W       W       W       W       W       W       W       W       W       W       W       W       W       W       
          W       W       W       W       W       W       W       W       W       W       W       W       W       W       W       W       W       W       W       W       
          W       W       W       W       W       W       W       W       W       W       W       W       W       W       W       W       W       W       W       W       
          W       W       W       W       W       W       W       W       W       W       W       W       W       W       W       W       W       W       W       W       
          W       W       W       W       W       W       W       W       W       W       W       W       W       W       W       W       W       W       W       W       
          W       W       W       W       W       W       W       W       W       W       W       W       W       W       W       W       W       W       W       W       
          W       W       W       W       W       W       W       W       W       W       W       W       W       W       W       W       W       W       W       W       
          W       W       W       W       W       W       W       W       W       W       W       W       W       W       W       W       W       W       W       W       
          W       W       W       W       W       W       W       W       W       W       W       W       W       W       W       W       W       W       W       W       
          W       W       W       W       W       W       W       W       W       W       W       W       W       W       W       W       W       W       W       W       
          W       W       W       W       W       W       W       W       W       W       W       W       W       W       W       W       W       W       W       W       
          W       W       W       W       W       W       W       W       W       W       W       W       W       W       W       W       W       W       W       W       
          W       W       W       W       W       W       W       W       W       W       W       W       W       W       W       W       W       W       W       W       
          W       W       W       W       W       W       W       W       W       W       W       W       W       W       W       W       W       W       W       W       
          W       W       W       W       W       W       W       W       W       W       W       W       W       W       W       W       W       W       W       W       
          W       W       W       W       W       W       W       W       W       W       W       W       W       W       W       W       W       
  
 CHARMM>        generate W@J3 setup warn noangle nodihedral
 Parameter: J3 -> "1"
 NO PATCHING WILL BE DONE ON THE FIRST RESIDUE
 NO PATCHING WILL BE DONE ON THE LAST  RESIDUE
 GENPSF> Segment   1 has been generated. Its identifier is W1.
 PSFSUM> PSF modified: NONBOND lists and IMAGE atoms cleared.
 PSFSUM> Summary of the structure file counters :
         Number of segments      =        1   Number of residues   =     3257
         Number of atoms         =     3257   Number of groups     =     3257
         Number of bonds         =        0   Number of angles     =        0
         Number of dihedrals     =        0   Number of impropers  =        0
         Number of cross-terms   =        0
         Number of HB acceptors  =        0   Number of HB donors  =        0
         Number of NB exclusions =        0   Total charge =    0.00000
  
 CHARMM>     
  
 CHARMM>        open read unit 10 card name water_tmp.crd
 OPNLGU> Unit already open. The old file will be closed first.
 VCLOSE: Closing unit   10 with status "KEEP"
 VOPEN> Attempting to open::water_tmp.crd::
 OPNLGU> Unit 10 opened for READONLY access to water_tmp.crd
  
 CHARMM>        read coor unit 10 card append
          SPATIAL COORDINATES BEING READ FROM UNIT 10
 TITLE> * GENERATED BY CHARMM-GUI (HTTP://WWW.CHARMM-GUI.ORG) V3.7 ON MAY, 30. 2022. JOB
 TITLE> * GENERATES WATER BOX TO SOLVATE THE PROTEIN/MEMBRANE COMPLEX
 TITLE> *  DATE:     5/30/22     10: 3: 9      CREATED BY USER: APACHE
 TITLE> *
  
 CHARMM>     
  
 CHARMM>        calc Z = @L * ( @J3 - 1 )  ! mult Y by @J3
 Parameter: L -> "36.4"
 Parameter: J3 -> "1"
Evaluating: 36.4*(1-1)
 Parameter: Z <- "0"
  
 CHARMM>        coor trans zdir @Z select segid W@J3 end
 Parameter: Z -> "0"
 Parameter: J3 -> "1"
 SELRPN>   3257 atoms have been selected out of   3257
 TRANSLATION VECTOR     0.000000    0.000000    0.000000
 SELECTED COORDINATES TRANSLATED IN THE MAIN SET.

  
 CHARMM>     
  
 CHARMM>        if J3 .gt. 1 join W1 W@J3 renumber
 Parameter: J3 -> "1"
 Comparing "1" and "1".
 IF test evaluated as false.  Skipping command
  
 CHARMM>     
  
 CHARMM>    incr J3 by 1
 Parameter: J3 <- "2"
  
 CHARMM>    if J3 le @Znum goto DO_3
 Parameter: ZNUM -> "1"
 Comparing "2" and "1".
 IF test evaluated as false.  Skipping command
  
 CHARMM>     
  
 CHARMM>    define JUNK sele .byres. ( ( type W ) .and. -
 CHARMM>                               ( prop Z .gt. @BoxSizeZ ) ) end
 Parameter: BOXSIZEZ -> "22.5"
 SELRPN>   1251 atoms have been selected out of   3257
  
 CHARMM>    if ?nsel gt 0 delete atoms sele JUNK end
 RDCMND substituted energy or value "?NSEL" to "1251"
 Comparing "1251" and "0".
 IF test evaluated as true.  Performing command
 SELRPN>   1251 atoms have been selected out of   3257

 Message from MAPIC: Atom numbers are changed.

 Message from MAPIC:       1251 residues deleted.
 PSFSUM> PSF modified: NONBOND lists and IMAGE atoms cleared.
 PSFSUM> Summary of the structure file counters :
         Number of segments      =        1   Number of residues   =     2006
         Number of atoms         =     2006   Number of groups     =     2006
         Number of bonds         =        0   Number of angles     =        0
         Number of dihedrals     =        0   Number of impropers  =        0
         Number of cross-terms   =        0
         Number of HB acceptors  =        0   Number of HB donors  =        0
         Number of NB exclusions =        0   Total charge =    0.00000
  
 CHARMM>    coor stat sele type W end
 SELRPN>   2006 atoms have been selected out of   2006
 STATISTICS FOR      2006 SELECTED ATOMS:
    XMIN =   -0.148400 XMAX =  103.801600 XAVE =   51.815224
    YMIN =    0.049600 YMAX =  103.699600 YAVE =   51.774585
    ZMIN =   -0.233300 ZMAX =   22.196700 ZAVE =   11.277981
    WMIN =    0.000000 WMAX =    0.000000 WAVE =    0.000000
  
 CHARMM>    coor orient norotation

 ORIENT THE COORDINATES TO ALIGN WITH AXIS

 CENTER OF ATOMS BEFORE TRANSLATION    51.81522    51.77459    11.27798
 SELECTED COORDINATES TRANSLATED IN THE MAIN SET.

  
 CHARMM>    coor stat sele type W end
 SELRPN>   2006 atoms have been selected out of   2006
 STATISTICS FOR      2006 SELECTED ATOMS:
    XMIN =  -51.963624 XMAX =   51.986376 XAVE =    0.000000
    YMIN =  -51.724985 YMAX =   51.925015 YAVE =   -0.000000
    ZMIN =  -11.511281 ZMAX =   10.918719 ZAVE =    0.000000
    WMIN =    0.000000 WMAX =    0.000000 WAVE =    0.000000
  
 CHARMM>     
  
 CHARMM>    !
 CHARMM>    !Shaping the box
 CHARMM>    !
 CHARMM>    IF BOX .ne. RECT THEN
 Comparing "RECT" and "RECT".
 IF test evaluated as false.  Skip to ELSE or ENDIF
  
 CHARMM>     
  
 CHARMM>    rename segid W2 sele segid W1 end
 SELRPN>   2006 atoms have been selected out of   2006
 SEGMENT 'W1      ' IS RENAMED TO 'W2      '
  
 CHARMM>     
  
 CHARMM>    open write unit 10 card name step4.2_waterbox.psf
 OPNLGU> Unit already open. The old file will be closed first.
 VCLOSE: Closing unit   10 with status "KEEP"
 VOPEN> Attempting to open::step4.2_waterbox.psf::
 OPNLGU> Unit 10 opened for WRITE access to step4.2_waterbox.psf
  
 CHARMM>    write psf  unit 10 card
 RDTITL>  
 RDTITL> No title read.
  
 CHARMM>     
  
 CHARMM>    open write unit 10 card name step4.2_waterbox.crd
 OPNLGU> Unit already open. The old file will be closed first.
 VCLOSE: Closing unit   10 with status "KEEP"
 VOPEN> Attempting to open::step4.2_waterbox.crd::
 OPNLGU> Unit 10 opened for WRITE access to step4.2_waterbox.crd
  
 CHARMM>    write coor unit 10 card
 RDTITL> * EQUILIBRATED WATER
 RDTITL> *
 VCLOSE: Closing unit   10 with status "KEEP"
  
 CHARMM>     
  
 CHARMM>    stop
 VCLOSE: Closing unit   20 with status "KEEP"
$$$$$$  New timer profile $$$$$
 Total time                     12.35 Other:            0.00

                    NORMAL TERMINATION BY NORMAL STOP
                    NO WARNINGS WERE ISSUED

                    $$$$$ JOB ACCOUNTING INFORMATION $$$$$
                     ELAPSED TIME:    12.35  SECONDS 
                         CPU TIME:     4.11  SECONDS 
