1
                 Chemistry at HARvard Macromolecular Mechanics
           (CHARMM) - Developmental Version 46b1     August 15, 2021            
                                Revision unknown                                
       Copyright(c) 1984-2020  President and Fellows of Harvard College
                              All Rights Reserved
      Current operating system: Linux-3.10.0-1160.45.1.el7.x86_64(x86_64)       
                 Created on  5/30/22 at  9:53:28 by user: apache      

            Maximum number of ATOMS:    360720, and RESidues:      120240
 RDTITL> * GENERATED BY CHARMM-GUI (HTTP://WWW.CHARMM-GUI.ORG) V3.7 ON MAY, 30. 2022. JOBID=5391855495
 RDTITL> * DETERMINE THE SYSTEM SIZE IN XY
 RDTITL> *
  
 CHARMM>     
  
 CHARMM>    DIMENS CHSIZE 5000000 MAXRES 3000000
Size      Original         New
MAXA        360720     5000000
MAXB        360720     5000000
MAXT        721440    10000000
MAXP       1082160    15000000
MAXIMP      180360     2500000
MAXNB        90180     1250000
MAXPAD      360720     5000000
MAXRES      120240     3000000
MAXSEG       45090      625000
MAXATC        1400
MAXCB         3000
MAXCT        50000
MAXCP        50000
MAXCI         1200
MAXCH         6400
MAXCN       502503
MAXCRT      120240     1666666
  
 CHARMM>     
  
 CHARMM>    ! Read topology and parameter files
 CHARMM>    stream martini_toppar.str
 VOPEN> Attempting to open::martini_toppar.str::
 OPNLGU> Unit 99 opened for READONLY access to martini_toppar.str

                    INPUT STREAM SWITCHING TO UNIT    99
 RDTITL> * GENERATED BY CHARMM-GUI (HTTP://WWW.CHARMM-GUI.ORG) V3.7 ON MAY, 30. 2022. JOBID=5391855495
 RDTITL> * MARTINI FF
 RDTITL> *
 Parameter: IN1 <- "" <empty>
  
 CHARMM>     
  
 CHARMM>    open read card unit 10 name toppar/martini_v2.0_lipids_all_201506.rtf
 VOPEN> Attempting to open::toppar/martini_v2.0_lipids_all_201506.rtf::
 OPNLGU> Unit 10 opened for READONLY access to toppar/martini_v2.0_lipids_all_201506.rtf
  
 CHARMM>    read  rtf card unit 10
 MAINIO> Residue topology file being read from unit  10.
 TITLE> *MARTINI FF PARAMETER IN CHARMM FORMAT
 TITLE> 36   1
  
 CHARMM>     
  
 CHARMM>    open read card unit 10 name toppar/martini_v2.0_ions.rtf
 OPNLGU> Unit already open. The old file will be closed first.
 VCLOSE: Closing unit   10 with status "KEEP"
 VOPEN> Attempting to open::toppar/martini_v2.0_ions.rtf::
 OPNLGU> Unit 10 opened for READONLY access to toppar/martini_v2.0_ions.rtf
  
 CHARMM>    read  rtf card unit 10 append
 MAINIO> Residue topology file being read from unit  10.
 TITLE> *MARTINI FF PARAMETER IN CHARMM FORMAT
 TITLE> 36   1
  
 CHARMM>     
  
 CHARMM>    open read card unit 10 name toppar/martini_v2.2_aminoacids.rtf
 OPNLGU> Unit already open. The old file will be closed first.
 VCLOSE: Closing unit   10 with status "KEEP"
 VOPEN> Attempting to open::toppar/martini_v2.2_aminoacids.rtf::
 OPNLGU> Unit 10 opened for READONLY access to toppar/martini_v2.2_aminoacids.rtf
  
 CHARMM>    read  rtf card unit 10 append
 MAINIO> Residue topology file being read from unit  10.
 TITLE> *MARTINI FF PARAMETER IN CHARMM FORMAT
 TITLE> 36   1
  
 CHARMM>     
  
 CHARMM>    open read card unit 10 name toppar/martini_v2.2_aminoacids.patch
 OPNLGU> Unit already open. The old file will be closed first.
 VCLOSE: Closing unit   10 with status "KEEP"
 VOPEN> Attempting to open::toppar/martini_v2.2_aminoacids.patch::
 OPNLGU> Unit 10 opened for READONLY access to toppar/martini_v2.2_aminoacids.patch
  
 CHARMM>    read  rtf card unit 10 append
 MAINIO> Residue topology file being read from unit  10.
 TITLE> *MARTINI FF PARAMETER IN CHARMM FORMAT
 TITLE> 36   1
  
 CHARMM>     
  
 CHARMM>    open read card unit 20 name toppar/martini_v2.2.prm
 VOPEN> Attempting to open::toppar/martini_v2.2.prm::
 OPNLGU> Unit 20 opened for READONLY access to toppar/martini_v2.2.prm
  
 CHARMM>    read para card unit 20 flex

          PARAMETER FILE BEING READ FROM UNIT 20
 TITLE> *MARTINI FF PARAMETER IN CHARMM FORMAT
 TITLE> *
 PARRDR> Error: Repeated BOND parameter (     2): NA    C1   is replaced
 PARRDR> Error: Repeated BOND parameter (     6): C1    C1   is replaced
 PARRDR> Error: Repeated BOND parameter (     9): C3    C1   is replaced
 PARRDR> Error: Repeated BOND parameter (    29): QA    Q0   is replaced
*****  WARNING  ***** PARRDR no nonbond parameters for atom type: 115  DUM 
 NO nonbond interactions will be computed for this atom type.
 PARMIO> NONBOND, HBOND lists and IMAGE atoms cleared.
  
 CHARMM>     
  
 CHARMM>    open read card unit 20 name toppar/martini_v2.2_aminoacids.auto.cons.prm
 OPNLGU> Unit already open. The old file will be closed first.
 VCLOSE: Closing unit   20 with status "KEEP"
 VOPEN> Attempting to open::toppar/martini_v2.2_aminoacids.auto.cons.prm::
 OPNLGU> Unit 20 opened for READONLY access to toppar/martini_v2.2_aminoacids.auto.cons.prm
  
 CHARMM>    read para card unit 20 append flex

          PARAMETER FILE BEING READ FROM UNIT 20
 TITLE> *MARTINI FF PARAMETER IN CHARMM FORMAT
 TITLE> *
 PARRDR> Error: Repeated ANGLE parameter (     4): C1    C3    C1   is replaced
 PARRDR> Error: Repeated ANGLE parameter (     6): C3    C1    C1   is replaced
PARRDR> **** NEGATIVE ANGLE MINIMA FOUND!
GROMACS style angle energy function used for angles with negative minima.
*****  WARNING  ***** PARRDR no nonbond parameters for atom type: 115  DUM 
 NO nonbond interactions will be computed for this atom type.
 PARMIO> NONBOND, HBOND lists and IMAGE atoms cleared.
  
 CHARMM>     
  
 VCLOSE: Closing unit   99 with status "KEEP"

                    RETURNING TO INPUT STREAM     5
  
 CHARMM>     
  
 CHARMM>    set toparea = 0
 Parameter: TOPAREA <- "0"
  
 CHARMM>    set botarea = 0
 Parameter: BOTAREA <- "0"
  
 CHARMM>    set protZmax = 0
 Parameter: PROTZMAX <- "0"
  
 CHARMM>    set protZmin = 0
 Parameter: PROTZMIN <- "0"
  
 CHARMM>     
  
 CHARMM>    set BOXTYPE = rect
 Parameter: BOXTYPE <- "RECT"
  
 CHARMM>    set Alpha = 90.0
 Parameter: ALPHA <- "90.0"
  
 CHARMM>    set Beta  = 90.0
 Parameter: BETA <- "90.0"
  
 CHARMM>    set Gamma = 90.0
 Parameter: GAMMA <- "90.0"
  
 CHARMM>     
  
 CHARMM>    set liptoparea = 10783.2
 Parameter: LIPTOPAREA <- "10783.2"
  
 CHARMM>    set lipbotarea = 10783.2
 Parameter: LIPBOTAREA <- "10783.2"
  
 CHARMM>    set nliptop    = 162
 Parameter: NLIPTOP <- "162"
  
 CHARMM>    set nlipbot    = 162
 Parameter: NLIPBOT <- "162"
  
 CHARMM>     
  
 CHARMM>    calc LXYtop = sqrt( @liptoparea + @toparea )
 Parameter: LIPTOPAREA -> "10783.2"
 Parameter: TOPAREA -> "0"
Evaluating: SQRT(10783.2+0)
 Parameter: LXYTOP <- "103.842188"
  
 CHARMM>    calc LXYbot = sqrt( @lipbotarea + @botarea )
 Parameter: LIPBOTAREA -> "10783.2"
 Parameter: BOTAREA -> "0"
Evaluating: SQRT(10783.2+0)
 Parameter: LXYBOT <- "103.842188"
  
 CHARMM>    calc LXY    = ( @LXYtop + @LXYbot ) / 2
 Parameter: LXYTOP -> "103.842188"
 Parameter: LXYBOT -> "103.842188"
Evaluating: (103.842188+103.842188)/2
 Parameter: LXY <- "103.842188"
  
 CHARMM>     
  
 CHARMM>    ! allow 5% difference along X and Y
 CHARMM>    calc XvsY = 1
Evaluating: 1
 Parameter: XVSY <- "1"
  
 CHARMM>    if XvsY .lt. 1.05 if XvsY .gt. 0.95 calc XvsY = 1
 Comparing "1" and "1.05".
 IF test evaluated as true.  Performing command
 Comparing "1" and "0.95".
 IF test evaluated as true.  Performing command
Evaluating: 1
 Parameter: XVSY <- "1"
  
 CHARMM>    calc B = sqrt( @LXY * @LXY / @XvsY )
 Parameter: LXY -> "103.842188"
 Parameter: LXY -> "103.842188"
 Parameter: XVSY -> "1"
Evaluating: SQRT(103.842188*103.842188/1)
 Parameter: B <- "103.842188"
  
 CHARMM>    calc A = @XvsY * @B
 Parameter: XVSY -> "1"
 Parameter: B -> "103.842188"
Evaluating: 1*103.842188
 Parameter: A <- "103.842188"
  
 CHARMM>     
  
 CHARMM>    set XTLtype = ORTHorhombic
 Parameter: XTLTYPE <- "ORTHORHOMBIC"
  
 CHARMM>    if A .eq. @B set XTLtype = TETRagonal
 Parameter: B -> "103.842188"
 Comparing "103.842188" and "103.842188".
 IF test evaluated as true.  Performing command
 Parameter: XTLTYPE <- "TETRAGONAL"
  
 CHARMM>     
  
 CHARMM>    ! Z value determination
 CHARMM>    calc lipboxZhalf = 20
Evaluating: 20
 Parameter: LIPBOXZHALF <- "20"
  
 CHARMM>     
  
 CHARMM>    if protZmax .lt.  @lipboxZhalf set protZmax =  @lipboxZhalf
 Parameter: LIPBOXZHALF -> "20"
 Parameter: LIPBOXZHALF -> "20"
 Comparing "0" and "20".
 IF test evaluated as true.  Performing command
 Parameter: PROTZMAX <- "20"
  
 CHARMM>    if protZmin .gt. -@lipboxZhalf set protZmin = -@lipboxZhalf
 Parameter: LIPBOXZHALF -> "20"
 Parameter: LIPBOXZHALF -> "20"
 Comparing "0" and "-20".
 IF test evaluated as true.  Performing command
 Parameter: PROTZMIN <- "-20"
  
 CHARMM>     
  
 CHARMM>    ! water layer from protein top and bottom
 CHARMM>    calc wboxZ = 22.5
Evaluating: 22.5
 Parameter: WBOXZ <- "22.5"
  
 CHARMM>     
  
 CHARMM>    calc propzup = @protZmax + @wboxZ
 Parameter: PROTZMAX -> "20"
 Parameter: WBOXZ -> "22.5"
Evaluating: 20+22.5
 Parameter: PROPZUP <- "42.5"
  
 CHARMM>    calc propzdn = @protZmin - @wboxZ
 Parameter: PROTZMIN -> "-20"
 Parameter: WBOXZ -> "22.5"
Evaluating: -20-22.5
 Parameter: PROPZDN <- "-42.5"
  
 CHARMM>     
  
 CHARMM>    calc watZup = 0
Evaluating: 0
 Parameter: WATZUP <- "0"
  
 CHARMM>    calc watZdn = 0
Evaluating: 0
 Parameter: WATZDN <- "0"
  
 CHARMM>    if propzup .ge.  @lipboxZhalf calc watZup =   @propzup - @lipboxZhalf
 Parameter: LIPBOXZHALF -> "20"
 Parameter: PROPZUP -> "42.5"
 Parameter: LIPBOXZHALF -> "20"
 Comparing "42.5" and "20".
 IF test evaluated as true.  Performing command
Evaluating: 42.5-20
 Parameter: WATZUP <- "22.5"
  
 CHARMM>    if propzdn .lt. -@lipboxZhalf calc watZdn = - @propzdn - @lipboxZhalf
 Parameter: LIPBOXZHALF -> "20"
 Parameter: PROPZDN -> "-42.5"
 Parameter: LIPBOXZHALF -> "20"
 Comparing "-42.5" and "-20".
 IF test evaluated as true.  Performing command
Evaluating: --42.5-20
 Parameter: WATZDN <- "22.5"
  
 CHARMM>     
  
 CHARMM>    calc boxsizeZ = @lipboxZhalf * 2 + @watZup + @watZdn
 Parameter: LIPBOXZHALF -> "20"
 Parameter: WATZUP -> "22.5"
 Parameter: WATZDN -> "22.5"
Evaluating: 20*2+22.5+22.5
 Parameter: BOXSIZEZ <- "85"
  
 CHARMM>    calc zcen = ( @watZup - @watZdn ) / 2.0
 Parameter: WATZUP -> "22.5"
 Parameter: WATZDN -> "22.5"
Evaluating: (22.5-22.5)/2.0
 Parameter: ZCEN <- "0"
  
 CHARMM>     
  
 CHARMM>    calc watboxZ = @watZup
 Parameter: WATZUP -> "22.5"
Evaluating: 22.5
 Parameter: WATBOXZ <- "22.5"
  
 CHARMM>    if watZup .lt. @watZdn calc watboxZ = @watZdn
 Parameter: WATZDN -> "22.5"
 Parameter: WATZDN -> "22.5"
 Comparing "22.5" and "22.5".
 IF test evaluated as false.  Skipping command
  
 CHARMM>     
  
 CHARMM>    calc ncharge = 0
Evaluating: 0
 Parameter: NCHARGE <- "0"
  
 CHARMM>    stream step3_nlipids_upper.prm
 VOPEN> Attempting to open::step3_nlipids_upper.prm::
 OPNLGU> Unit 99 opened for READONLY access to step3_nlipids_upper.prm

                    INPUT STREAM SWITCHING TO UNIT    99
 RDTITL> SET NCHOATOP = 0
 RDTITL> No title read.
 Parameter: IN1 <- "" <empty>
  
 CHARMM>    set nchoatop = 0
 Parameter: NCHOATOP <- "0"
  
 CHARMM>    set ncholtop = 0
 Parameter: NCHOLTOP <- "0"
  
 CHARMM>    set nchyotop = 0
 Parameter: NCHYOTOP <- "0"
  
 CHARMM>    set nergotop = 0
 Parameter: NERGOTOP <- "0"
  
 CHARMM>    set nhbhttop = 0
 Parameter: NHBHTTOP <- "0"
  
 CHARMM>    set nhdpttop = 0
 Parameter: NHDPTTOP <- "0"
  
 CHARMM>    set nhhoptop = 0
 Parameter: NHHOPTOP <- "0"
  
 CHARMM>    set nhoprtop = 0
 Parameter: NHOPRTOP <- "0"
  
 CHARMM>    set ndapatop = 0
 Parameter: NDAPATOP <- "0"
  
 CHARMM>    set ndbpatop = 0
 Parameter: NDBPATOP <- "0"
  
 CHARMM>    set ndfpatop = 0
 Parameter: NDFPATOP <- "0"
  
 CHARMM>    set ndgpatop = 0
 Parameter: NDGPATOP <- "0"
  
 CHARMM>    set ndipatop = 0
 Parameter: NDIPATOP <- "0"
  
 CHARMM>    set ndlpatop = 0
 Parameter: NDLPATOP <- "0"
  
 CHARMM>    set ndnpatop = 0
 Parameter: NDNPATOP <- "0"
  
 CHARMM>    set ndopatop = 0
 Parameter: NDOPATOP <- "0"
  
 CHARMM>    set ndppatop = 0
 Parameter: NDPPATOP <- "0"
  
 CHARMM>    set ndrpatop = 0
 Parameter: NDRPATOP <- "0"
  
 CHARMM>    set ndtpatop = 0
 Parameter: NDTPATOP <- "0"
  
 CHARMM>    set ndvpatop = 0
 Parameter: NDVPATOP <- "0"
  
 CHARMM>    set ndxpatop = 0
 Parameter: NDXPATOP <- "0"
  
 CHARMM>    set ndypatop = 0
 Parameter: NDYPATOP <- "0"
  
 CHARMM>    set nlppatop = 0
 Parameter: NLPPATOP <- "0"
  
 CHARMM>    set npapatop = 0
 Parameter: NPAPATOP <- "0"
  
 CHARMM>    set npgpatop = 0
 Parameter: NPGPATOP <- "0"
  
 CHARMM>    set npipatop = 0
 Parameter: NPIPATOP <- "0"
  
 CHARMM>    set npopatop = 0
 Parameter: NPOPATOP <- "0"
  
 CHARMM>    set nprpatop = 0
 Parameter: NPRPATOP <- "0"
  
 CHARMM>    set npupatop = 0
 Parameter: NPUPATOP <- "0"
  
 CHARMM>    set ndapctop = 0
 Parameter: NDAPCTOP <- "0"
  
 CHARMM>    set ndbpctop = 0
 Parameter: NDBPCTOP <- "0"
  
 CHARMM>    set ndfpctop = 0
 Parameter: NDFPCTOP <- "0"
  
 CHARMM>    set ndgpctop = 0
 Parameter: NDGPCTOP <- "0"
  
 CHARMM>    set ndipctop = 0
 Parameter: NDIPCTOP <- "0"
  
 CHARMM>    set ndlpctop = 0
 Parameter: NDLPCTOP <- "0"
  
 CHARMM>    set ndnpctop = 0
 Parameter: NDNPCTOP <- "0"
  
 CHARMM>    set ndopctop = 0
 Parameter: NDOPCTOP <- "0"
  
 CHARMM>    set ndppctop = 0
 Parameter: NDPPCTOP <- "0"
  
 CHARMM>    set ndrpctop = 0
 Parameter: NDRPCTOP <- "0"
  
 CHARMM>    set ndtpctop = 0
 Parameter: NDTPCTOP <- "0"
  
 CHARMM>    set ndvpctop = 0
 Parameter: NDVPCTOP <- "0"
  
 CHARMM>    set ndxpctop = 0
 Parameter: NDXPCTOP <- "0"
  
 CHARMM>    set ndypctop = 0
 Parameter: NDYPCTOP <- "0"
  
 CHARMM>    set nlppctop = 0
 Parameter: NLPPCTOP <- "0"
  
 CHARMM>    set npapctop = 0
 Parameter: NPAPCTOP <- "0"
  
 CHARMM>    set npepctop = 0
 Parameter: NPEPCTOP <- "0"
  
 CHARMM>    set npgpctop = 0
 Parameter: NPGPCTOP <- "0"
  
 CHARMM>    set npipctop = 0
 Parameter: NPIPCTOP <- "0"
  
 CHARMM>    set npopctop = 0
 Parameter: NPOPCTOP <- "0"
  
 CHARMM>    set nprpctop = 0
 Parameter: NPRPCTOP <- "0"
  
 CHARMM>    set npupctop = 0
 Parameter: NPUPCTOP <- "0"
  
 CHARMM>    set ndapetop = 0
 Parameter: NDAPETOP <- "0"
  
 CHARMM>    set ndbpetop = 0
 Parameter: NDBPETOP <- "0"
  
 CHARMM>    set ndfpetop = 0
 Parameter: NDFPETOP <- "0"
  
 CHARMM>    set ndgpetop = 0
 Parameter: NDGPETOP <- "0"
  
 CHARMM>    set ndipetop = 0
 Parameter: NDIPETOP <- "0"
  
 CHARMM>    set ndlpetop = 0
 Parameter: NDLPETOP <- "0"
  
 CHARMM>    set ndnpetop = 0
 Parameter: NDNPETOP <- "0"
  
 CHARMM>    set ndopetop = 0
 Parameter: NDOPETOP <- "0"
  
 CHARMM>    set ndppetop = 0
 Parameter: NDPPETOP <- "0"
  
 CHARMM>    set ndrpetop = 0
 Parameter: NDRPETOP <- "0"
  
 CHARMM>    set ndtpetop = 0
 Parameter: NDTPETOP <- "0"
  
 CHARMM>    set ndupetop = 0
 Parameter: NDUPETOP <- "0"
  
 CHARMM>    set ndvpetop = 0
 Parameter: NDVPETOP <- "0"
  
 CHARMM>    set ndxpetop = 0
 Parameter: NDXPETOP <- "0"
  
 CHARMM>    set ndypetop = 0
 Parameter: NDYPETOP <- "0"
  
 CHARMM>    set nlppetop = 0
 Parameter: NLPPETOP <- "0"
  
 CHARMM>    set npapetop = 0
 Parameter: NPAPETOP <- "0"
  
 CHARMM>    set npgpetop = 0
 Parameter: NPGPETOP <- "0"
  
 CHARMM>    set npipetop = 0
 Parameter: NPIPETOP <- "0"
  
 CHARMM>    set npopetop = 109
 Parameter: NPOPETOP <- "109"
  
 CHARMM>    set npqpetop = 0
 Parameter: NPQPETOP <- "0"
  
 CHARMM>    set nprpetop = 0
 Parameter: NPRPETOP <- "0"
  
 CHARMM>    set npupetop = 0
 Parameter: NPUPETOP <- "0"
  
 CHARMM>    set ndapgtop = 0
 Parameter: NDAPGTOP <- "0"
  
 CHARMM>    set ndbpgtop = 0
 Parameter: NDBPGTOP <- "0"
  
 CHARMM>    set ndfpgtop = 0
 Parameter: NDFPGTOP <- "0"
  
 CHARMM>    set ndgpgtop = 0
 Parameter: NDGPGTOP <- "0"
  
 CHARMM>    set ndipgtop = 0
 Parameter: NDIPGTOP <- "0"
  
 CHARMM>    set ndlpgtop = 0
 Parameter: NDLPGTOP <- "0"
  
 CHARMM>    set ndnpgtop = 0
 Parameter: NDNPGTOP <- "0"
  
 CHARMM>    set ndopgtop = 0
 Parameter: NDOPGTOP <- "0"
  
 CHARMM>    set ndppgtop = 0
 Parameter: NDPPGTOP <- "0"
  
 CHARMM>    set ndrpgtop = 0
 Parameter: NDRPGTOP <- "0"
  
 CHARMM>    set ndtpgtop = 0
 Parameter: NDTPGTOP <- "0"
  
 CHARMM>    set ndvpgtop = 0
 Parameter: NDVPGTOP <- "0"
  
 CHARMM>    set ndxpgtop = 0
 Parameter: NDXPGTOP <- "0"
  
 CHARMM>    set ndypgtop = 0
 Parameter: NDYPGTOP <- "0"
  
 CHARMM>    set njfpgtop = 0
 Parameter: NJFPGTOP <- "0"
  
 CHARMM>    set njppgtop = 0
 Parameter: NJPPGTOP <- "0"
  
 CHARMM>    set nlppgtop = 0
 Parameter: NLPPGTOP <- "0"
  
 CHARMM>    set noppgtop = 0
 Parameter: NOPPGTOP <- "0"
  
 CHARMM>    set npapgtop = 0
 Parameter: NPAPGTOP <- "0"
  
 CHARMM>    set npgpgtop = 0
 Parameter: NPGPGTOP <- "0"
  
 CHARMM>    set npipgtop = 0
 Parameter: NPIPGTOP <- "0"
  
 CHARMM>    set npopgtop = 37
 Parameter: NPOPGTOP <- "37"
  
 CHARMM>    set nprpgtop = 0
 Parameter: NPRPGTOP <- "0"
  
 CHARMM>    set ndapstop = 0
 Parameter: NDAPSTOP <- "0"
  
 CHARMM>    set ndbpstop = 0
 Parameter: NDBPSTOP <- "0"
  
 CHARMM>    set ndfpstop = 0
 Parameter: NDFPSTOP <- "0"
  
 CHARMM>    set ndgpstop = 0
 Parameter: NDGPSTOP <- "0"
  
 CHARMM>    set ndipstop = 0
 Parameter: NDIPSTOP <- "0"
  
 CHARMM>    set ndlpstop = 0
 Parameter: NDLPSTOP <- "0"
  
 CHARMM>    set ndnpstop = 0
 Parameter: NDNPSTOP <- "0"
  
 CHARMM>    set ndopstop = 0
 Parameter: NDOPSTOP <- "0"
  
 CHARMM>    set ndppstop = 0
 Parameter: NDPPSTOP <- "0"
  
 CHARMM>    set ndrpstop = 0
 Parameter: NDRPSTOP <- "0"
  
 CHARMM>    set ndtpstop = 0
 Parameter: NDTPSTOP <- "0"
  
 CHARMM>    set ndupstop = 0
 Parameter: NDUPSTOP <- "0"
  
 CHARMM>    set ndvpstop = 0
 Parameter: NDVPSTOP <- "0"
  
 CHARMM>    set ndxpstop = 0
 Parameter: NDXPSTOP <- "0"
  
 CHARMM>    set ndypstop = 0
 Parameter: NDYPSTOP <- "0"
  
 CHARMM>    set nlppstop = 0
 Parameter: NLPPSTOP <- "0"
  
 CHARMM>    set npapstop = 0
 Parameter: NPAPSTOP <- "0"
  
 CHARMM>    set npgpstop = 0
 Parameter: NPGPSTOP <- "0"
  
 CHARMM>    set npipstop = 0
 Parameter: NPIPSTOP <- "0"
  
 CHARMM>    set npopstop = 0
 Parameter: NPOPSTOP <- "0"
  
 CHARMM>    set npqpstop = 0
 Parameter: NPQPSTOP <- "0"
  
 CHARMM>    set nprpstop = 0
 Parameter: NPRPSTOP <- "0"
  
 CHARMM>    set npupstop = 0
 Parameter: NPUPSTOP <- "0"
  
 CHARMM>    set ndpp1top = 0
 Parameter: NDPP1TOP <- "0"
  
 CHARMM>    set ndpp2top = 0
 Parameter: NDPP2TOP <- "0"
  
 CHARMM>    set ndppitop = 0
 Parameter: NDPPITOP <- "0"
  
 CHARMM>    set npapitop = 0
 Parameter: NPAPITOP <- "0"
  
 CHARMM>    set npipitop = 0
 Parameter: NPIPITOP <- "0"
  
 CHARMM>    set npop1top = 0
 Parameter: NPOP1TOP <- "0"
  
 CHARMM>    set npop2top = 0
 Parameter: NPOP2TOP <- "0"
  
 CHARMM>    set npop3top = 0
 Parameter: NPOP3TOP <- "0"
  
 CHARMM>    set npopitop = 0
 Parameter: NPOPITOP <- "0"
  
 CHARMM>    set npupitop = 0
 Parameter: NPUPITOP <- "0"
  
 CHARMM>    set npvp1top = 0
 Parameter: NPVP1TOP <- "0"
  
 CHARMM>    set npvp2top = 0
 Parameter: NPVP2TOP <- "0"
  
 CHARMM>    set npvp3top = 0
 Parameter: NPVP3TOP <- "0"
  
 CHARMM>    set npvpitop = 0
 Parameter: NPVPITOP <- "0"
  
 CHARMM>    set ncdl0top = 0
 Parameter: NCDL0TOP <- "0"
  
 CHARMM>    set ncdl1top = 0
 Parameter: NCDL1TOP <- "0"
  
 CHARMM>    set ncdl2top = 16
 Parameter: NCDL2TOP <- "16"
  
 CHARMM>    set nbnsmtop = 0
 Parameter: NBNSMTOP <- "0"
  
 CHARMM>    set ndbsmtop = 0
 Parameter: NDBSMTOP <- "0"
  
 CHARMM>    set ndpsmtop = 0
 Parameter: NDPSMTOP <- "0"
  
 CHARMM>    set ndxsmtop = 0
 Parameter: NDXSMTOP <- "0"
  
 CHARMM>    set npgsmtop = 0
 Parameter: NPGSMTOP <- "0"
  
 CHARMM>    set npnsmtop = 0
 Parameter: NPNSMTOP <- "0"
  
 CHARMM>    set nposmtop = 0
 Parameter: NPOSMTOP <- "0"
  
 CHARMM>    set npvsmtop = 0
 Parameter: NPVSMTOP <- "0"
  
 CHARMM>    set nxnsmtop = 0
 Parameter: NXNSMTOP <- "0"
  
 CHARMM>    set ndpcetop = 0
 Parameter: NDPCETOP <- "0"
  
 CHARMM>    set ndxcetop = 0
 Parameter: NDXCETOP <- "0"
  
 CHARMM>    set npncetop = 0
 Parameter: NPNCETOP <- "0"
  
 CHARMM>    set nxncetop = 0
 Parameter: NXNCETOP <- "0"
  
 CHARMM>    set npadgtop = 0
 Parameter: NPADGTOP <- "0"
  
 CHARMM>    set npidgtop = 0
 Parameter: NPIDGTOP <- "0"
  
 CHARMM>    set npodgtop = 0
 Parameter: NPODGTOP <- "0"
  
 CHARMM>    set npudgtop = 0
 Parameter: NPUDGTOP <- "0"
  
 CHARMM>    set npvdgtop = 0
 Parameter: NPVDGTOP <- "0"
  
 CHARMM>    set ntogtop = 0
 Parameter: NTOGTOP <- "0"
  
 CHARMM>    set napctop = 0
 Parameter: NAPCTOP <- "0"
  
 CHARMM>    set ncpctop = 0
 Parameter: NCPCTOP <- "0"
  
 CHARMM>    set nipctop = 0
 Parameter: NIPCTOP <- "0"
  
 CHARMM>    set nlpctop = 0
 Parameter: NLPCTOP <- "0"
  
 CHARMM>    set nopctop = 0
 Parameter: NOPCTOP <- "0"
  
 CHARMM>    set nppctop = 0
 Parameter: NPPCTOP <- "0"
  
 CHARMM>    set ntpctop = 0
 Parameter: NTPCTOP <- "0"
  
 CHARMM>    set nupctop = 0
 Parameter: NUPCTOP <- "0"
  
 CHARMM>    set nvpctop = 0
 Parameter: NVPCTOP <- "0"
  
 CHARMM>    set nacatop = 0
 Parameter: NACATOP <- "0"
  
 CHARMM>    set nacntop = 0
 Parameter: NACNTOP <- "0"
  
 CHARMM>    set nbcatop = 0
 Parameter: NBCATOP <- "0"
  
 CHARMM>    set nbcntop = 0
 Parameter: NBCNTOP <- "0"
  
 CHARMM>    set nlcatop = 0
 Parameter: NLCATOP <- "0"
  
 CHARMM>    set nlcntop = 0
 Parameter: NLCNTOP <- "0"
  
 CHARMM>    set npcntop = 0
 Parameter: NPCNTOP <- "0"
  
 CHARMM>    set nucatop = 0
 Parameter: NUCATOP <- "0"
  
 CHARMM>    set nucntop = 0
 Parameter: NUCNTOP <- "0"
  
 CHARMM>    set nxcatop = 0
 Parameter: NXCATOP <- "0"
  
 CHARMM>    set nxcntop = 0
 Parameter: NXCNTOP <- "0"
  
 CHARMM>    set npcatop = 0
 Parameter: NPCATOP <- "0"
  
 CHARMM>    set nbogtop = 0
 Parameter: NBOGTOP <- "0"
  
 CHARMM>    set nddmtop = 0
 Parameter: NDDMTOP <- "0"
  
 CHARMM>    set ndpctop = 0
 Parameter: NDPCTOP <- "0"
  
 CHARMM>    set neo5top = 0
 Parameter: NEO5TOP <- "0"
  
 CHARMM>    set nsdstop = 0
 Parameter: NSDSTOP <- "0"
  
 CHARMM>    set ndbg1top = 0
 Parameter: NDBG1TOP <- "0"
  
 CHARMM>    set ndbg3top = 0
 Parameter: NDBG3TOP <- "0"
  
 CHARMM>    set ndfggtop = 0
 Parameter: NDFGGTOP <- "0"
  
 CHARMM>    set ndfmgtop = 0
 Parameter: NDFMGTOP <- "0"
  
 CHARMM>    set ndpg1top = 0
 Parameter: NDPG1TOP <- "0"
  
 CHARMM>    set ndpg3top = 0
 Parameter: NDPG3TOP <- "0"
  
 CHARMM>    set ndpggtop = 0
 Parameter: NDPGGTOP <- "0"
  
 CHARMM>    set ndpgstop = 0
 Parameter: NDPGSTOP <- "0"
  
 CHARMM>    set ndpmgtop = 0
 Parameter: NDPMGTOP <- "0"
  
 CHARMM>    set ndpsgtop = 0
 Parameter: NDPSGTOP <- "0"
  
 CHARMM>    set ndxg1top = 0
 Parameter: NDXG1TOP <- "0"
  
 CHARMM>    set ndxg3top = 0
 Parameter: NDXG3TOP <- "0"
  
 CHARMM>    set nfpggtop = 0
 Parameter: NFPGGTOP <- "0"
  
 CHARMM>    set nfpmgtop = 0
 Parameter: NFPMGTOP <- "0"
  
 CHARMM>    set nfpsgtop = 0
 Parameter: NFPSGTOP <- "0"
  
 CHARMM>    set nopggtop = 0
 Parameter: NOPGGTOP <- "0"
  
 CHARMM>    set nopmgtop = 0
 Parameter: NOPMGTOP <- "0"
  
 CHARMM>    set nopsgtop = 0
 Parameter: NOPSGTOP <- "0"
  
 CHARMM>    set npng1top = 0
 Parameter: NPNG1TOP <- "0"
  
 CHARMM>    set npng3top = 0
 Parameter: NPNG3TOP <- "0"
  
 CHARMM>    set nxng1top = 0
 Parameter: NXNG1TOP <- "0"
  
 CHARMM>    set nxng3top = 0
 Parameter: NXNG3TOP <- "0"
  
 CHARMM>    set nramptop = 0
 Parameter: NRAMPTOP <- "0"
  
 CHARMM>    set nremptop = 0
 Parameter: NREMPTOP <- "0"
  
 CHARMM>    set noanttop = 0
 Parameter: NOANTTOP <- "0"
  
 CHARMM>    set nmycltop = 0
 Parameter: NMYCLTOP <- "0"
  
 CHARMM>    set nmypetop = 0
 Parameter: NMYPETOP <- "0"
  
 CHARMM>    set nmypitop = 0
 Parameter: NMYPITOP <- "0"
  
 CHARMM>    set npim1top = 0
 Parameter: NPIM1TOP <- "0"
  
 CHARMM>    set npim2top = 0
 Parameter: NPIM2TOP <- "0"
  
 CHARMM>    set ndspctop = 0
 Parameter: NDSPCTOP <- "0"
  
 CHARMM>    set ndhpetop = 0
 Parameter: NDHPETOP <- "0"
  
 CHARMM>    set ndspetop = 0
 Parameter: NDSPETOP <- "0"
  
 VCLOSE: Closing unit   99 with status "KEEP"

                    RETURNING TO INPUT STREAM     5
  
 CHARMM>    stream step3_nlipids_lower.prm
 VOPEN> Attempting to open::step3_nlipids_lower.prm::
 OPNLGU> Unit 99 opened for READONLY access to step3_nlipids_lower.prm

                    INPUT STREAM SWITCHING TO UNIT    99
 RDTITL> SET NCHOABOT = 0
 RDTITL> No title read.
 Parameter: IN1 <- "" <empty>
  
 CHARMM>    set nchoabot = 0
 Parameter: NCHOABOT <- "0"
  
 CHARMM>    set ncholbot = 0
 Parameter: NCHOLBOT <- "0"
  
 CHARMM>    set nchyobot = 0
 Parameter: NCHYOBOT <- "0"
  
 CHARMM>    set nergobot = 0
 Parameter: NERGOBOT <- "0"
  
 CHARMM>    set nhbhtbot = 0
 Parameter: NHBHTBOT <- "0"
  
 CHARMM>    set nhdptbot = 0
 Parameter: NHDPTBOT <- "0"
  
 CHARMM>    set nhhopbot = 0
 Parameter: NHHOPBOT <- "0"
  
 CHARMM>    set nhoprbot = 0
 Parameter: NHOPRBOT <- "0"
  
 CHARMM>    set ndapabot = 0
 Parameter: NDAPABOT <- "0"
  
 CHARMM>    set ndbpabot = 0
 Parameter: NDBPABOT <- "0"
  
 CHARMM>    set ndfpabot = 0
 Parameter: NDFPABOT <- "0"
  
 CHARMM>    set ndgpabot = 0
 Parameter: NDGPABOT <- "0"
  
 CHARMM>    set ndipabot = 0
 Parameter: NDIPABOT <- "0"
  
 CHARMM>    set ndlpabot = 0
 Parameter: NDLPABOT <- "0"
  
 CHARMM>    set ndnpabot = 0
 Parameter: NDNPABOT <- "0"
  
 CHARMM>    set ndopabot = 0
 Parameter: NDOPABOT <- "0"
  
 CHARMM>    set ndppabot = 0
 Parameter: NDPPABOT <- "0"
  
 CHARMM>    set ndrpabot = 0
 Parameter: NDRPABOT <- "0"
  
 CHARMM>    set ndtpabot = 0
 Parameter: NDTPABOT <- "0"
  
 CHARMM>    set ndvpabot = 0
 Parameter: NDVPABOT <- "0"
  
 CHARMM>    set ndxpabot = 0
 Parameter: NDXPABOT <- "0"
  
 CHARMM>    set ndypabot = 0
 Parameter: NDYPABOT <- "0"
  
 CHARMM>    set nlppabot = 0
 Parameter: NLPPABOT <- "0"
  
 CHARMM>    set npapabot = 0
 Parameter: NPAPABOT <- "0"
  
 CHARMM>    set npgpabot = 0
 Parameter: NPGPABOT <- "0"
  
 CHARMM>    set npipabot = 0
 Parameter: NPIPABOT <- "0"
  
 CHARMM>    set npopabot = 0
 Parameter: NPOPABOT <- "0"
  
 CHARMM>    set nprpabot = 0
 Parameter: NPRPABOT <- "0"
  
 CHARMM>    set npupabot = 0
 Parameter: NPUPABOT <- "0"
  
 CHARMM>    set ndapcbot = 0
 Parameter: NDAPCBOT <- "0"
  
 CHARMM>    set ndbpcbot = 0
 Parameter: NDBPCBOT <- "0"
  
 CHARMM>    set ndfpcbot = 0
 Parameter: NDFPCBOT <- "0"
  
 CHARMM>    set ndgpcbot = 0
 Parameter: NDGPCBOT <- "0"
  
 CHARMM>    set ndipcbot = 0
 Parameter: NDIPCBOT <- "0"
  
 CHARMM>    set ndlpcbot = 0
 Parameter: NDLPCBOT <- "0"
  
 CHARMM>    set ndnpcbot = 0
 Parameter: NDNPCBOT <- "0"
  
 CHARMM>    set ndopcbot = 0
 Parameter: NDOPCBOT <- "0"
  
 CHARMM>    set ndppcbot = 0
 Parameter: NDPPCBOT <- "0"
  
 CHARMM>    set ndrpcbot = 0
 Parameter: NDRPCBOT <- "0"
  
 CHARMM>    set ndtpcbot = 0
 Parameter: NDTPCBOT <- "0"
  
 CHARMM>    set ndvpcbot = 0
 Parameter: NDVPCBOT <- "0"
  
 CHARMM>    set ndxpcbot = 0
 Parameter: NDXPCBOT <- "0"
  
 CHARMM>    set ndypcbot = 0
 Parameter: NDYPCBOT <- "0"
  
 CHARMM>    set nlppcbot = 0
 Parameter: NLPPCBOT <- "0"
  
 CHARMM>    set npapcbot = 0
 Parameter: NPAPCBOT <- "0"
  
 CHARMM>    set npepcbot = 0
 Parameter: NPEPCBOT <- "0"
  
 CHARMM>    set npgpcbot = 0
 Parameter: NPGPCBOT <- "0"
  
 CHARMM>    set npipcbot = 0
 Parameter: NPIPCBOT <- "0"
  
 CHARMM>    set npopcbot = 0
 Parameter: NPOPCBOT <- "0"
  
 CHARMM>    set nprpcbot = 0
 Parameter: NPRPCBOT <- "0"
  
 CHARMM>    set npupcbot = 0
 Parameter: NPUPCBOT <- "0"
  
 CHARMM>    set ndapebot = 0
 Parameter: NDAPEBOT <- "0"
  
 CHARMM>    set ndbpebot = 0
 Parameter: NDBPEBOT <- "0"
  
 CHARMM>    set ndfpebot = 0
 Parameter: NDFPEBOT <- "0"
  
 CHARMM>    set ndgpebot = 0
 Parameter: NDGPEBOT <- "0"
  
 CHARMM>    set ndipebot = 0
 Parameter: NDIPEBOT <- "0"
  
 CHARMM>    set ndlpebot = 0
 Parameter: NDLPEBOT <- "0"
  
 CHARMM>    set ndnpebot = 0
 Parameter: NDNPEBOT <- "0"
  
 CHARMM>    set ndopebot = 0
 Parameter: NDOPEBOT <- "0"
  
 CHARMM>    set ndppebot = 0
 Parameter: NDPPEBOT <- "0"
  
 CHARMM>    set ndrpebot = 0
 Parameter: NDRPEBOT <- "0"
  
 CHARMM>    set ndtpebot = 0
 Parameter: NDTPEBOT <- "0"
  
 CHARMM>    set ndupebot = 0
 Parameter: NDUPEBOT <- "0"
  
 CHARMM>    set ndvpebot = 0
 Parameter: NDVPEBOT <- "0"
  
 CHARMM>    set ndxpebot = 0
 Parameter: NDXPEBOT <- "0"
  
 CHARMM>    set ndypebot = 0
 Parameter: NDYPEBOT <- "0"
  
 CHARMM>    set nlppebot = 0
 Parameter: NLPPEBOT <- "0"
  
 CHARMM>    set npapebot = 0
 Parameter: NPAPEBOT <- "0"
  
 CHARMM>    set npgpebot = 0
 Parameter: NPGPEBOT <- "0"
  
 CHARMM>    set npipebot = 0
 Parameter: NPIPEBOT <- "0"
  
 CHARMM>    set npopebot = 109
 Parameter: NPOPEBOT <- "109"
  
 CHARMM>    set npqpebot = 0
 Parameter: NPQPEBOT <- "0"
  
 CHARMM>    set nprpebot = 0
 Parameter: NPRPEBOT <- "0"
  
 CHARMM>    set npupebot = 0
 Parameter: NPUPEBOT <- "0"
  
 CHARMM>    set ndapgbot = 0
 Parameter: NDAPGBOT <- "0"
  
 CHARMM>    set ndbpgbot = 0
 Parameter: NDBPGBOT <- "0"
  
 CHARMM>    set ndfpgbot = 0
 Parameter: NDFPGBOT <- "0"
  
 CHARMM>    set ndgpgbot = 0
 Parameter: NDGPGBOT <- "0"
  
 CHARMM>    set ndipgbot = 0
 Parameter: NDIPGBOT <- "0"
  
 CHARMM>    set ndlpgbot = 0
 Parameter: NDLPGBOT <- "0"
  
 CHARMM>    set ndnpgbot = 0
 Parameter: NDNPGBOT <- "0"
  
 CHARMM>    set ndopgbot = 0
 Parameter: NDOPGBOT <- "0"
  
 CHARMM>    set ndppgbot = 0
 Parameter: NDPPGBOT <- "0"
  
 CHARMM>    set ndrpgbot = 0
 Parameter: NDRPGBOT <- "0"
  
 CHARMM>    set ndtpgbot = 0
 Parameter: NDTPGBOT <- "0"
  
 CHARMM>    set ndvpgbot = 0
 Parameter: NDVPGBOT <- "0"
  
 CHARMM>    set ndxpgbot = 0
 Parameter: NDXPGBOT <- "0"
  
 CHARMM>    set ndypgbot = 0
 Parameter: NDYPGBOT <- "0"
  
 CHARMM>    set njfpgbot = 0
 Parameter: NJFPGBOT <- "0"
  
 CHARMM>    set njppgbot = 0
 Parameter: NJPPGBOT <- "0"
  
 CHARMM>    set nlppgbot = 0
 Parameter: NLPPGBOT <- "0"
  
 CHARMM>    set noppgbot = 0
 Parameter: NOPPGBOT <- "0"
  
 CHARMM>    set npapgbot = 0
 Parameter: NPAPGBOT <- "0"
  
 CHARMM>    set npgpgbot = 0
 Parameter: NPGPGBOT <- "0"
  
 CHARMM>    set npipgbot = 0
 Parameter: NPIPGBOT <- "0"
  
 CHARMM>    set npopgbot = 37
 Parameter: NPOPGBOT <- "37"
  
 CHARMM>    set nprpgbot = 0
 Parameter: NPRPGBOT <- "0"
  
 CHARMM>    set ndapsbot = 0
 Parameter: NDAPSBOT <- "0"
  
 CHARMM>    set ndbpsbot = 0
 Parameter: NDBPSBOT <- "0"
  
 CHARMM>    set ndfpsbot = 0
 Parameter: NDFPSBOT <- "0"
  
 CHARMM>    set ndgpsbot = 0
 Parameter: NDGPSBOT <- "0"
  
 CHARMM>    set ndipsbot = 0
 Parameter: NDIPSBOT <- "0"
  
 CHARMM>    set ndlpsbot = 0
 Parameter: NDLPSBOT <- "0"
  
 CHARMM>    set ndnpsbot = 0
 Parameter: NDNPSBOT <- "0"
  
 CHARMM>    set ndopsbot = 0
 Parameter: NDOPSBOT <- "0"
  
 CHARMM>    set ndppsbot = 0
 Parameter: NDPPSBOT <- "0"
  
 CHARMM>    set ndrpsbot = 0
 Parameter: NDRPSBOT <- "0"
  
 CHARMM>    set ndtpsbot = 0
 Parameter: NDTPSBOT <- "0"
  
 CHARMM>    set ndupsbot = 0
 Parameter: NDUPSBOT <- "0"
  
 CHARMM>    set ndvpsbot = 0
 Parameter: NDVPSBOT <- "0"
  
 CHARMM>    set ndxpsbot = 0
 Parameter: NDXPSBOT <- "0"
  
 CHARMM>    set ndypsbot = 0
 Parameter: NDYPSBOT <- "0"
  
 CHARMM>    set nlppsbot = 0
 Parameter: NLPPSBOT <- "0"
  
 CHARMM>    set npapsbot = 0
 Parameter: NPAPSBOT <- "0"
  
 CHARMM>    set npgpsbot = 0
 Parameter: NPGPSBOT <- "0"
  
 CHARMM>    set npipsbot = 0
 Parameter: NPIPSBOT <- "0"
  
 CHARMM>    set npopsbot = 0
 Parameter: NPOPSBOT <- "0"
  
 CHARMM>    set npqpsbot = 0
 Parameter: NPQPSBOT <- "0"
  
 CHARMM>    set nprpsbot = 0
 Parameter: NPRPSBOT <- "0"
  
 CHARMM>    set npupsbot = 0
 Parameter: NPUPSBOT <- "0"
  
 CHARMM>    set ndpp1bot = 0
 Parameter: NDPP1BOT <- "0"
  
 CHARMM>    set ndpp2bot = 0
 Parameter: NDPP2BOT <- "0"
  
 CHARMM>    set ndppibot = 0
 Parameter: NDPPIBOT <- "0"
  
 CHARMM>    set npapibot = 0
 Parameter: NPAPIBOT <- "0"
  
 CHARMM>    set npipibot = 0
 Parameter: NPIPIBOT <- "0"
  
 CHARMM>    set npop1bot = 0
 Parameter: NPOP1BOT <- "0"
  
 CHARMM>    set npop2bot = 0
 Parameter: NPOP2BOT <- "0"
  
 CHARMM>    set npop3bot = 0
 Parameter: NPOP3BOT <- "0"
  
 CHARMM>    set npopibot = 0
 Parameter: NPOPIBOT <- "0"
  
 CHARMM>    set npupibot = 0
 Parameter: NPUPIBOT <- "0"
  
 CHARMM>    set npvp1bot = 0
 Parameter: NPVP1BOT <- "0"
  
 CHARMM>    set npvp2bot = 0
 Parameter: NPVP2BOT <- "0"
  
 CHARMM>    set npvp3bot = 0
 Parameter: NPVP3BOT <- "0"
  
 CHARMM>    set npvpibot = 0
 Parameter: NPVPIBOT <- "0"
  
 CHARMM>    set ncdl0bot = 0
 Parameter: NCDL0BOT <- "0"
  
 CHARMM>    set ncdl1bot = 0
 Parameter: NCDL1BOT <- "0"
  
 CHARMM>    set ncdl2bot = 16
 Parameter: NCDL2BOT <- "16"
  
 CHARMM>    set nbnsmbot = 0
 Parameter: NBNSMBOT <- "0"
  
 CHARMM>    set ndbsmbot = 0
 Parameter: NDBSMBOT <- "0"
  
 CHARMM>    set ndpsmbot = 0
 Parameter: NDPSMBOT <- "0"
  
 CHARMM>    set ndxsmbot = 0
 Parameter: NDXSMBOT <- "0"
  
 CHARMM>    set npgsmbot = 0
 Parameter: NPGSMBOT <- "0"
  
 CHARMM>    set npnsmbot = 0
 Parameter: NPNSMBOT <- "0"
  
 CHARMM>    set nposmbot = 0
 Parameter: NPOSMBOT <- "0"
  
 CHARMM>    set npvsmbot = 0
 Parameter: NPVSMBOT <- "0"
  
 CHARMM>    set nxnsmbot = 0
 Parameter: NXNSMBOT <- "0"
  
 CHARMM>    set ndpcebot = 0
 Parameter: NDPCEBOT <- "0"
  
 CHARMM>    set ndxcebot = 0
 Parameter: NDXCEBOT <- "0"
  
 CHARMM>    set npncebot = 0
 Parameter: NPNCEBOT <- "0"
  
 CHARMM>    set nxncebot = 0
 Parameter: NXNCEBOT <- "0"
  
 CHARMM>    set npadgbot = 0
 Parameter: NPADGBOT <- "0"
  
 CHARMM>    set npidgbot = 0
 Parameter: NPIDGBOT <- "0"
  
 CHARMM>    set npodgbot = 0
 Parameter: NPODGBOT <- "0"
  
 CHARMM>    set npudgbot = 0
 Parameter: NPUDGBOT <- "0"
  
 CHARMM>    set npvdgbot = 0
 Parameter: NPVDGBOT <- "0"
  
 CHARMM>    set ntogbot = 0
 Parameter: NTOGBOT <- "0"
  
 CHARMM>    set napcbot = 0
 Parameter: NAPCBOT <- "0"
  
 CHARMM>    set ncpcbot = 0
 Parameter: NCPCBOT <- "0"
  
 CHARMM>    set nipcbot = 0
 Parameter: NIPCBOT <- "0"
  
 CHARMM>    set nlpcbot = 0
 Parameter: NLPCBOT <- "0"
  
 CHARMM>    set nopcbot = 0
 Parameter: NOPCBOT <- "0"
  
 CHARMM>    set nppcbot = 0
 Parameter: NPPCBOT <- "0"
  
 CHARMM>    set ntpcbot = 0
 Parameter: NTPCBOT <- "0"
  
 CHARMM>    set nupcbot = 0
 Parameter: NUPCBOT <- "0"
  
 CHARMM>    set nvpcbot = 0
 Parameter: NVPCBOT <- "0"
  
 CHARMM>    set nacabot = 0
 Parameter: NACABOT <- "0"
  
 CHARMM>    set nacnbot = 0
 Parameter: NACNBOT <- "0"
  
 CHARMM>    set nbcabot = 0
 Parameter: NBCABOT <- "0"
  
 CHARMM>    set nbcnbot = 0
 Parameter: NBCNBOT <- "0"
  
 CHARMM>    set nlcabot = 0
 Parameter: NLCABOT <- "0"
  
 CHARMM>    set nlcnbot = 0
 Parameter: NLCNBOT <- "0"
  
 CHARMM>    set npcnbot = 0
 Parameter: NPCNBOT <- "0"
  
 CHARMM>    set nucabot = 0
 Parameter: NUCABOT <- "0"
  
 CHARMM>    set nucnbot = 0
 Parameter: NUCNBOT <- "0"
  
 CHARMM>    set nxcabot = 0
 Parameter: NXCABOT <- "0"
  
 CHARMM>    set nxcnbot = 0
 Parameter: NXCNBOT <- "0"
  
 CHARMM>    set npcabot = 0
 Parameter: NPCABOT <- "0"
  
 CHARMM>    set nbogbot = 0
 Parameter: NBOGBOT <- "0"
  
 CHARMM>    set nddmbot = 0
 Parameter: NDDMBOT <- "0"
  
 CHARMM>    set ndpcbot = 0
 Parameter: NDPCBOT <- "0"
  
 CHARMM>    set neo5bot = 0
 Parameter: NEO5BOT <- "0"
  
 CHARMM>    set nsdsbot = 0
 Parameter: NSDSBOT <- "0"
  
 CHARMM>    set ndbg1bot = 0
 Parameter: NDBG1BOT <- "0"
  
 CHARMM>    set ndbg3bot = 0
 Parameter: NDBG3BOT <- "0"
  
 CHARMM>    set ndfggbot = 0
 Parameter: NDFGGBOT <- "0"
  
 CHARMM>    set ndfmgbot = 0
 Parameter: NDFMGBOT <- "0"
  
 CHARMM>    set ndpg1bot = 0
 Parameter: NDPG1BOT <- "0"
  
 CHARMM>    set ndpg3bot = 0
 Parameter: NDPG3BOT <- "0"
  
 CHARMM>    set ndpggbot = 0
 Parameter: NDPGGBOT <- "0"
  
 CHARMM>    set ndpgsbot = 0
 Parameter: NDPGSBOT <- "0"
  
 CHARMM>    set ndpmgbot = 0
 Parameter: NDPMGBOT <- "0"
  
 CHARMM>    set ndpsgbot = 0
 Parameter: NDPSGBOT <- "0"
  
 CHARMM>    set ndxg1bot = 0
 Parameter: NDXG1BOT <- "0"
  
 CHARMM>    set ndxg3bot = 0
 Parameter: NDXG3BOT <- "0"
  
 CHARMM>    set nfpggbot = 0
 Parameter: NFPGGBOT <- "0"
  
 CHARMM>    set nfpmgbot = 0
 Parameter: NFPMGBOT <- "0"
  
 CHARMM>    set nfpsgbot = 0
 Parameter: NFPSGBOT <- "0"
  
 CHARMM>    set nopggbot = 0
 Parameter: NOPGGBOT <- "0"
  
 CHARMM>    set nopmgbot = 0
 Parameter: NOPMGBOT <- "0"
  
 CHARMM>    set nopsgbot = 0
 Parameter: NOPSGBOT <- "0"
  
 CHARMM>    set npng1bot = 0
 Parameter: NPNG1BOT <- "0"
  
 CHARMM>    set npng3bot = 0
 Parameter: NPNG3BOT <- "0"
  
 CHARMM>    set nxng1bot = 0
 Parameter: NXNG1BOT <- "0"
  
 CHARMM>    set nxng3bot = 0
 Parameter: NXNG3BOT <- "0"
  
 CHARMM>    set nrampbot = 0
 Parameter: NRAMPBOT <- "0"
  
 CHARMM>    set nrempbot = 0
 Parameter: NREMPBOT <- "0"
  
 CHARMM>    set noantbot = 0
 Parameter: NOANTBOT <- "0"
  
 CHARMM>    set nmyclbot = 0
 Parameter: NMYCLBOT <- "0"
  
 CHARMM>    set nmypebot = 0
 Parameter: NMYPEBOT <- "0"
  
 CHARMM>    set nmypibot = 0
 Parameter: NMYPIBOT <- "0"
  
 CHARMM>    set npim1bot = 0
 Parameter: NPIM1BOT <- "0"
  
 CHARMM>    set npim2bot = 0
 Parameter: NPIM2BOT <- "0"
  
 CHARMM>    set ndspcbot = 0
 Parameter: NDSPCBOT <- "0"
  
 CHARMM>    set ndhpebot = 0
 Parameter: NDHPEBOT <- "0"
  
 CHARMM>    set ndspebot = 0
 Parameter: NDSPEBOT <- "0"
  
 VCLOSE: Closing unit   99 with status "KEEP"

                    RETURNING TO INPUT STREAM     5
  
 CHARMM>     
  
 CHARMM>    calc ncharge = @ncharge + -1 * ( @nchoatop + @nchoabot )
 Parameter: NCHARGE -> "0"
 Parameter: NCHOATOP -> "0"
 Parameter: NCHOABOT -> "0"
Evaluating: 0+-1*(0+0)
 Parameter: NCHARGE <- "0"
  
 CHARMM>    calc ncharge = @ncharge + -2 * ( @ndapatop + @ndapabot )
 Parameter: NCHARGE -> "0"
 Parameter: NDAPATOP -> "0"
 Parameter: NDAPABOT -> "0"
Evaluating: 0+-2*(0+0)
 Parameter: NCHARGE <- "0"
  
 CHARMM>    calc ncharge = @ncharge + -2 * ( @ndbpatop + @ndbpabot )
 Parameter: NCHARGE -> "0"
 Parameter: NDBPATOP -> "0"
 Parameter: NDBPABOT -> "0"
Evaluating: 0+-2*(0+0)
 Parameter: NCHARGE <- "0"
  
 CHARMM>    calc ncharge = @ncharge + -2 * ( @ndfpatop + @ndfpabot )
 Parameter: NCHARGE -> "0"
 Parameter: NDFPATOP -> "0"
 Parameter: NDFPABOT -> "0"
Evaluating: 0+-2*(0+0)
 Parameter: NCHARGE <- "0"
  
 CHARMM>    calc ncharge = @ncharge + -2 * ( @ndgpatop + @ndgpabot )
 Parameter: NCHARGE -> "0"
 Parameter: NDGPATOP -> "0"
 Parameter: NDGPABOT -> "0"
Evaluating: 0+-2*(0+0)
 Parameter: NCHARGE <- "0"
  
 CHARMM>    calc ncharge = @ncharge + -2 * ( @ndipatop + @ndipabot )
 Parameter: NCHARGE -> "0"
 Parameter: NDIPATOP -> "0"
 Parameter: NDIPABOT -> "0"
Evaluating: 0+-2*(0+0)
 Parameter: NCHARGE <- "0"
  
 CHARMM>    calc ncharge = @ncharge + -2 * ( @ndlpatop + @ndlpabot )
 Parameter: NCHARGE -> "0"
 Parameter: NDLPATOP -> "0"
 Parameter: NDLPABOT -> "0"
Evaluating: 0+-2*(0+0)
 Parameter: NCHARGE <- "0"
  
 CHARMM>    calc ncharge = @ncharge + -2 * ( @ndnpatop + @ndnpabot )
 Parameter: NCHARGE -> "0"
 Parameter: NDNPATOP -> "0"
 Parameter: NDNPABOT -> "0"
Evaluating: 0+-2*(0+0)
 Parameter: NCHARGE <- "0"
  
 CHARMM>    calc ncharge = @ncharge + -2 * ( @ndopatop + @ndopabot )
 Parameter: NCHARGE -> "0"
 Parameter: NDOPATOP -> "0"
 Parameter: NDOPABOT -> "0"
Evaluating: 0+-2*(0+0)
 Parameter: NCHARGE <- "0"
  
 CHARMM>    calc ncharge = @ncharge + -2 * ( @ndppatop + @ndppabot )
 Parameter: NCHARGE -> "0"
 Parameter: NDPPATOP -> "0"
 Parameter: NDPPABOT -> "0"
Evaluating: 0+-2*(0+0)
 Parameter: NCHARGE <- "0"
  
 CHARMM>    calc ncharge = @ncharge + -2 * ( @ndrpatop + @ndrpabot )
 Parameter: NCHARGE -> "0"
 Parameter: NDRPATOP -> "0"
 Parameter: NDRPABOT -> "0"
Evaluating: 0+-2*(0+0)
 Parameter: NCHARGE <- "0"
  
 CHARMM>    calc ncharge = @ncharge + -2 * ( @ndtpatop + @ndtpabot )
 Parameter: NCHARGE -> "0"
 Parameter: NDTPATOP -> "0"
 Parameter: NDTPABOT -> "0"
Evaluating: 0+-2*(0+0)
 Parameter: NCHARGE <- "0"
  
 CHARMM>    calc ncharge = @ncharge + -2 * ( @ndvpatop + @ndvpabot )
 Parameter: NCHARGE -> "0"
 Parameter: NDVPATOP -> "0"
 Parameter: NDVPABOT -> "0"
Evaluating: 0+-2*(0+0)
 Parameter: NCHARGE <- "0"
  
 CHARMM>    calc ncharge = @ncharge + -2 * ( @ndxpatop + @ndxpabot )
 Parameter: NCHARGE -> "0"
 Parameter: NDXPATOP -> "0"
 Parameter: NDXPABOT -> "0"
Evaluating: 0+-2*(0+0)
 Parameter: NCHARGE <- "0"
  
 CHARMM>    calc ncharge = @ncharge + -2 * ( @ndypatop + @ndypabot )
 Parameter: NCHARGE -> "0"
 Parameter: NDYPATOP -> "0"
 Parameter: NDYPABOT -> "0"
Evaluating: 0+-2*(0+0)
 Parameter: NCHARGE <- "0"
  
 CHARMM>    calc ncharge = @ncharge + -2 * ( @nlppatop + @nlppabot )
 Parameter: NCHARGE -> "0"
 Parameter: NLPPATOP -> "0"
 Parameter: NLPPABOT -> "0"
Evaluating: 0+-2*(0+0)
 Parameter: NCHARGE <- "0"
  
 CHARMM>    calc ncharge = @ncharge + -2 * ( @npapatop + @npapabot )
 Parameter: NCHARGE -> "0"
 Parameter: NPAPATOP -> "0"
 Parameter: NPAPABOT -> "0"
Evaluating: 0+-2*(0+0)
 Parameter: NCHARGE <- "0"
  
 CHARMM>    calc ncharge = @ncharge + -2 * ( @npgpatop + @npgpabot )
 Parameter: NCHARGE -> "0"
 Parameter: NPGPATOP -> "0"
 Parameter: NPGPABOT -> "0"
Evaluating: 0+-2*(0+0)
 Parameter: NCHARGE <- "0"
  
 CHARMM>    calc ncharge = @ncharge + -2 * ( @npipatop + @npipabot )
 Parameter: NCHARGE -> "0"
 Parameter: NPIPATOP -> "0"
 Parameter: NPIPABOT -> "0"
Evaluating: 0+-2*(0+0)
 Parameter: NCHARGE <- "0"
  
 CHARMM>    calc ncharge = @ncharge + -2 * ( @npopatop + @npopabot )
 Parameter: NCHARGE -> "0"
 Parameter: NPOPATOP -> "0"
 Parameter: NPOPABOT -> "0"
Evaluating: 0+-2*(0+0)
 Parameter: NCHARGE <- "0"
  
 CHARMM>    calc ncharge = @ncharge + -2 * ( @nprpatop + @nprpabot )
 Parameter: NCHARGE -> "0"
 Parameter: NPRPATOP -> "0"
 Parameter: NPRPABOT -> "0"
Evaluating: 0+-2*(0+0)
 Parameter: NCHARGE <- "0"
  
 CHARMM>    calc ncharge = @ncharge + -2 * ( @npupatop + @npupabot )
 Parameter: NCHARGE -> "0"
 Parameter: NPUPATOP -> "0"
 Parameter: NPUPABOT -> "0"
Evaluating: 0+-2*(0+0)
 Parameter: NCHARGE <- "0"
  
 CHARMM>    calc ncharge = @ncharge + -1 * ( @ndapgtop + @ndapgbot )
 Parameter: NCHARGE -> "0"
 Parameter: NDAPGTOP -> "0"
 Parameter: NDAPGBOT -> "0"
Evaluating: 0+-1*(0+0)
 Parameter: NCHARGE <- "0"
  
 CHARMM>    calc ncharge = @ncharge + -1 * ( @ndbpgtop + @ndbpgbot )
 Parameter: NCHARGE -> "0"
 Parameter: NDBPGTOP -> "0"
 Parameter: NDBPGBOT -> "0"
Evaluating: 0+-1*(0+0)
 Parameter: NCHARGE <- "0"
  
 CHARMM>    calc ncharge = @ncharge + -1 * ( @ndfpgtop + @ndfpgbot )
 Parameter: NCHARGE -> "0"
 Parameter: NDFPGTOP -> "0"
 Parameter: NDFPGBOT -> "0"
Evaluating: 0+-1*(0+0)
 Parameter: NCHARGE <- "0"
  
 CHARMM>    calc ncharge = @ncharge + -1 * ( @ndgpgtop + @ndgpgbot )
 Parameter: NCHARGE -> "0"
 Parameter: NDGPGTOP -> "0"
 Parameter: NDGPGBOT -> "0"
Evaluating: 0+-1*(0+0)
 Parameter: NCHARGE <- "0"
  
 CHARMM>    calc ncharge = @ncharge + -1 * ( @ndipgtop + @ndipgbot )
 Parameter: NCHARGE -> "0"
 Parameter: NDIPGTOP -> "0"
 Parameter: NDIPGBOT -> "0"
Evaluating: 0+-1*(0+0)
 Parameter: NCHARGE <- "0"
  
 CHARMM>    calc ncharge = @ncharge + -1 * ( @ndlpgtop + @ndlpgbot )
 Parameter: NCHARGE -> "0"
 Parameter: NDLPGTOP -> "0"
 Parameter: NDLPGBOT -> "0"
Evaluating: 0+-1*(0+0)
 Parameter: NCHARGE <- "0"
  
 CHARMM>    calc ncharge = @ncharge + -1 * ( @ndnpgtop + @ndnpgbot )
 Parameter: NCHARGE -> "0"
 Parameter: NDNPGTOP -> "0"
 Parameter: NDNPGBOT -> "0"
Evaluating: 0+-1*(0+0)
 Parameter: NCHARGE <- "0"
  
 CHARMM>    calc ncharge = @ncharge + -1 * ( @ndopgtop + @ndopgbot )
 Parameter: NCHARGE -> "0"
 Parameter: NDOPGTOP -> "0"
 Parameter: NDOPGBOT -> "0"
Evaluating: 0+-1*(0+0)
 Parameter: NCHARGE <- "0"
  
 CHARMM>    calc ncharge = @ncharge + -1 * ( @ndppgtop + @ndppgbot )
 Parameter: NCHARGE -> "0"
 Parameter: NDPPGTOP -> "0"
 Parameter: NDPPGBOT -> "0"
Evaluating: 0+-1*(0+0)
 Parameter: NCHARGE <- "0"
  
 CHARMM>    calc ncharge = @ncharge + -1 * ( @ndrpgtop + @ndrpgbot )
 Parameter: NCHARGE -> "0"
 Parameter: NDRPGTOP -> "0"
 Parameter: NDRPGBOT -> "0"
Evaluating: 0+-1*(0+0)
 Parameter: NCHARGE <- "0"
  
 CHARMM>    calc ncharge = @ncharge + -1 * ( @ndtpgtop + @ndtpgbot )
 Parameter: NCHARGE -> "0"
 Parameter: NDTPGTOP -> "0"
 Parameter: NDTPGBOT -> "0"
Evaluating: 0+-1*(0+0)
 Parameter: NCHARGE <- "0"
  
 CHARMM>    calc ncharge = @ncharge + -1 * ( @ndvpgtop + @ndvpgbot )
 Parameter: NCHARGE -> "0"
 Parameter: NDVPGTOP -> "0"
 Parameter: NDVPGBOT -> "0"
Evaluating: 0+-1*(0+0)
 Parameter: NCHARGE <- "0"
  
 CHARMM>    calc ncharge = @ncharge + -1 * ( @ndxpgtop + @ndxpgbot )
 Parameter: NCHARGE -> "0"
 Parameter: NDXPGTOP -> "0"
 Parameter: NDXPGBOT -> "0"
Evaluating: 0+-1*(0+0)
 Parameter: NCHARGE <- "0"
  
 CHARMM>    calc ncharge = @ncharge + -1 * ( @ndypgtop + @ndypgbot )
 Parameter: NCHARGE -> "0"
 Parameter: NDYPGTOP -> "0"
 Parameter: NDYPGBOT -> "0"
Evaluating: 0+-1*(0+0)
 Parameter: NCHARGE <- "0"
  
 CHARMM>    calc ncharge = @ncharge + -1 * ( @njfpgtop + @njfpgbot )
 Parameter: NCHARGE -> "0"
 Parameter: NJFPGTOP -> "0"
 Parameter: NJFPGBOT -> "0"
Evaluating: 0+-1*(0+0)
 Parameter: NCHARGE <- "0"
  
 CHARMM>    calc ncharge = @ncharge + -1 * ( @njppgtop + @njppgbot )
 Parameter: NCHARGE -> "0"
 Parameter: NJPPGTOP -> "0"
 Parameter: NJPPGBOT -> "0"
Evaluating: 0+-1*(0+0)
 Parameter: NCHARGE <- "0"
  
 CHARMM>    calc ncharge = @ncharge + -1 * ( @nlppgtop + @nlppgbot )
 Parameter: NCHARGE -> "0"
 Parameter: NLPPGTOP -> "0"
 Parameter: NLPPGBOT -> "0"
Evaluating: 0+-1*(0+0)
 Parameter: NCHARGE <- "0"
  
 CHARMM>    calc ncharge = @ncharge + -1 * ( @noppgtop + @noppgbot )
 Parameter: NCHARGE -> "0"
 Parameter: NOPPGTOP -> "0"
 Parameter: NOPPGBOT -> "0"
Evaluating: 0+-1*(0+0)
 Parameter: NCHARGE <- "0"
  
 CHARMM>    calc ncharge = @ncharge + -1 * ( @npapgtop + @npapgbot )
 Parameter: NCHARGE -> "0"
 Parameter: NPAPGTOP -> "0"
 Parameter: NPAPGBOT -> "0"
Evaluating: 0+-1*(0+0)
 Parameter: NCHARGE <- "0"
  
 CHARMM>    calc ncharge = @ncharge + -1 * ( @npgpgtop + @npgpgbot )
 Parameter: NCHARGE -> "0"
 Parameter: NPGPGTOP -> "0"
 Parameter: NPGPGBOT -> "0"
Evaluating: 0+-1*(0+0)
 Parameter: NCHARGE <- "0"
  
 CHARMM>    calc ncharge = @ncharge + -1 * ( @npipgtop + @npipgbot )
 Parameter: NCHARGE -> "0"
 Parameter: NPIPGTOP -> "0"
 Parameter: NPIPGBOT -> "0"
Evaluating: 0+-1*(0+0)
 Parameter: NCHARGE <- "0"
  
 CHARMM>    calc ncharge = @ncharge + -1 * ( @npopgtop + @npopgbot )
 Parameter: NCHARGE -> "0"
 Parameter: NPOPGTOP -> "37"
 Parameter: NPOPGBOT -> "37"
Evaluating: 0+-1*(37+37)
 Parameter: NCHARGE <- "-74"
  
 CHARMM>    calc ncharge = @ncharge + -1 * ( @nprpgtop + @nprpgbot )
 Parameter: NCHARGE -> "-74"
 Parameter: NPRPGTOP -> "0"
 Parameter: NPRPGBOT -> "0"
Evaluating: -74+-1*(0+0)
 Parameter: NCHARGE <- "-74"
  
 CHARMM>    calc ncharge = @ncharge + -1 * ( @ndapstop + @ndapsbot )
 Parameter: NCHARGE -> "-74"
 Parameter: NDAPSTOP -> "0"
 Parameter: NDAPSBOT -> "0"
Evaluating: -74+-1*(0+0)
 Parameter: NCHARGE <- "-74"
  
 CHARMM>    calc ncharge = @ncharge + -1 * ( @ndbpstop + @ndbpsbot )
 Parameter: NCHARGE -> "-74"
 Parameter: NDBPSTOP -> "0"
 Parameter: NDBPSBOT -> "0"
Evaluating: -74+-1*(0+0)
 Parameter: NCHARGE <- "-74"
  
 CHARMM>    calc ncharge = @ncharge + -1 * ( @ndfpstop + @ndfpsbot )
 Parameter: NCHARGE -> "-74"
 Parameter: NDFPSTOP -> "0"
 Parameter: NDFPSBOT -> "0"
Evaluating: -74+-1*(0+0)
 Parameter: NCHARGE <- "-74"
  
 CHARMM>    calc ncharge = @ncharge + -1 * ( @ndgpstop + @ndgpsbot )
 Parameter: NCHARGE -> "-74"
 Parameter: NDGPSTOP -> "0"
 Parameter: NDGPSBOT -> "0"
Evaluating: -74+-1*(0+0)
 Parameter: NCHARGE <- "-74"
  
 CHARMM>    calc ncharge = @ncharge + -1 * ( @ndipstop + @ndipsbot )
 Parameter: NCHARGE -> "-74"
 Parameter: NDIPSTOP -> "0"
 Parameter: NDIPSBOT -> "0"
Evaluating: -74+-1*(0+0)
 Parameter: NCHARGE <- "-74"
  
 CHARMM>    calc ncharge = @ncharge + -1 * ( @ndlpstop + @ndlpsbot )
 Parameter: NCHARGE -> "-74"
 Parameter: NDLPSTOP -> "0"
 Parameter: NDLPSBOT -> "0"
Evaluating: -74+-1*(0+0)
 Parameter: NCHARGE <- "-74"
  
 CHARMM>    calc ncharge = @ncharge + -1 * ( @ndnpstop + @ndnpsbot )
 Parameter: NCHARGE -> "-74"
 Parameter: NDNPSTOP -> "0"
 Parameter: NDNPSBOT -> "0"
Evaluating: -74+-1*(0+0)
 Parameter: NCHARGE <- "-74"
  
 CHARMM>    calc ncharge = @ncharge + -1 * ( @ndopstop + @ndopsbot )
 Parameter: NCHARGE -> "-74"
 Parameter: NDOPSTOP -> "0"
 Parameter: NDOPSBOT -> "0"
Evaluating: -74+-1*(0+0)
 Parameter: NCHARGE <- "-74"
  
 CHARMM>    calc ncharge = @ncharge + -1 * ( @ndppstop + @ndppsbot )
 Parameter: NCHARGE -> "-74"
 Parameter: NDPPSTOP -> "0"
 Parameter: NDPPSBOT -> "0"
Evaluating: -74+-1*(0+0)
 Parameter: NCHARGE <- "-74"
  
 CHARMM>    calc ncharge = @ncharge + -1 * ( @ndrpstop + @ndrpsbot )
 Parameter: NCHARGE -> "-74"
 Parameter: NDRPSTOP -> "0"
 Parameter: NDRPSBOT -> "0"
Evaluating: -74+-1*(0+0)
 Parameter: NCHARGE <- "-74"
  
 CHARMM>    calc ncharge = @ncharge + -1 * ( @ndtpstop + @ndtpsbot )
 Parameter: NCHARGE -> "-74"
 Parameter: NDTPSTOP -> "0"
 Parameter: NDTPSBOT -> "0"
Evaluating: -74+-1*(0+0)
 Parameter: NCHARGE <- "-74"
  
 CHARMM>    calc ncharge = @ncharge + -1 * ( @ndupstop + @ndupsbot )
 Parameter: NCHARGE -> "-74"
 Parameter: NDUPSTOP -> "0"
 Parameter: NDUPSBOT -> "0"
Evaluating: -74+-1*(0+0)
 Parameter: NCHARGE <- "-74"
  
 CHARMM>    calc ncharge = @ncharge + -1 * ( @ndvpstop + @ndvpsbot )
 Parameter: NCHARGE -> "-74"
 Parameter: NDVPSTOP -> "0"
 Parameter: NDVPSBOT -> "0"
Evaluating: -74+-1*(0+0)
 Parameter: NCHARGE <- "-74"
  
 CHARMM>    calc ncharge = @ncharge + -1 * ( @ndxpstop + @ndxpsbot )
 Parameter: NCHARGE -> "-74"
 Parameter: NDXPSTOP -> "0"
 Parameter: NDXPSBOT -> "0"
Evaluating: -74+-1*(0+0)
 Parameter: NCHARGE <- "-74"
  
 CHARMM>    calc ncharge = @ncharge + -1 * ( @ndypstop + @ndypsbot )
 Parameter: NCHARGE -> "-74"
 Parameter: NDYPSTOP -> "0"
 Parameter: NDYPSBOT -> "0"
Evaluating: -74+-1*(0+0)
 Parameter: NCHARGE <- "-74"
  
 CHARMM>    calc ncharge = @ncharge + -1 * ( @nlppstop + @nlppsbot )
 Parameter: NCHARGE -> "-74"
 Parameter: NLPPSTOP -> "0"
 Parameter: NLPPSBOT -> "0"
Evaluating: -74+-1*(0+0)
 Parameter: NCHARGE <- "-74"
  
 CHARMM>    calc ncharge = @ncharge + -1 * ( @npapstop + @npapsbot )
 Parameter: NCHARGE -> "-74"
 Parameter: NPAPSTOP -> "0"
 Parameter: NPAPSBOT -> "0"
Evaluating: -74+-1*(0+0)
 Parameter: NCHARGE <- "-74"
  
 CHARMM>    calc ncharge = @ncharge + -1 * ( @npgpstop + @npgpsbot )
 Parameter: NCHARGE -> "-74"
 Parameter: NPGPSTOP -> "0"
 Parameter: NPGPSBOT -> "0"
Evaluating: -74+-1*(0+0)
 Parameter: NCHARGE <- "-74"
  
 CHARMM>    calc ncharge = @ncharge + -1 * ( @npipstop + @npipsbot )
 Parameter: NCHARGE -> "-74"
 Parameter: NPIPSTOP -> "0"
 Parameter: NPIPSBOT -> "0"
Evaluating: -74+-1*(0+0)
 Parameter: NCHARGE <- "-74"
  
 CHARMM>    calc ncharge = @ncharge + -1 * ( @npopstop + @npopsbot )
 Parameter: NCHARGE -> "-74"
 Parameter: NPOPSTOP -> "0"
 Parameter: NPOPSBOT -> "0"
Evaluating: -74+-1*(0+0)
 Parameter: NCHARGE <- "-74"
  
 CHARMM>    calc ncharge = @ncharge + -1 * ( @npqpstop + @npqpsbot )
 Parameter: NCHARGE -> "-74"
 Parameter: NPQPSTOP -> "0"
 Parameter: NPQPSBOT -> "0"
Evaluating: -74+-1*(0+0)
 Parameter: NCHARGE <- "-74"
  
 CHARMM>    calc ncharge = @ncharge + -1 * ( @nprpstop + @nprpsbot )
 Parameter: NCHARGE -> "-74"
 Parameter: NPRPSTOP -> "0"
 Parameter: NPRPSBOT -> "0"
Evaluating: -74+-1*(0+0)
 Parameter: NCHARGE <- "-74"
  
 CHARMM>    calc ncharge = @ncharge + -1 * ( @npupstop + @npupsbot )
 Parameter: NCHARGE -> "-74"
 Parameter: NPUPSTOP -> "0"
 Parameter: NPUPSBOT -> "0"
Evaluating: -74+-1*(0+0)
 Parameter: NCHARGE <- "-74"
  
 CHARMM>    calc ncharge = @ncharge + -3 * ( @ndpp1top + @ndpp1bot )
 Parameter: NCHARGE -> "-74"
 Parameter: NDPP1TOP -> "0"
 Parameter: NDPP1BOT -> "0"
Evaluating: -74+-3*(0+0)
 Parameter: NCHARGE <- "-74"
  
 CHARMM>    calc ncharge = @ncharge + -5 * ( @ndpp2top + @ndpp2bot )
 Parameter: NCHARGE -> "-74"
 Parameter: NDPP2TOP -> "0"
 Parameter: NDPP2BOT -> "0"
Evaluating: -74+-5*(0+0)
 Parameter: NCHARGE <- "-74"
  
 CHARMM>    calc ncharge = @ncharge + -1 * ( @ndppitop + @ndppibot )
 Parameter: NCHARGE -> "-74"
 Parameter: NDPPITOP -> "0"
 Parameter: NDPPIBOT -> "0"
Evaluating: -74+-1*(0+0)
 Parameter: NCHARGE <- "-74"
  
 CHARMM>    calc ncharge = @ncharge + -1 * ( @npapitop + @npapibot )
 Parameter: NCHARGE -> "-74"
 Parameter: NPAPITOP -> "0"
 Parameter: NPAPIBOT -> "0"
Evaluating: -74+-1*(0+0)
 Parameter: NCHARGE <- "-74"
  
 CHARMM>    calc ncharge = @ncharge + -1 * ( @npipitop + @npipibot )
 Parameter: NCHARGE -> "-74"
 Parameter: NPIPITOP -> "0"
 Parameter: NPIPIBOT -> "0"
Evaluating: -74+-1*(0+0)
 Parameter: NCHARGE <- "-74"
  
 CHARMM>    calc ncharge = @ncharge + -3 * ( @npop1top + @npop1bot )
 Parameter: NCHARGE -> "-74"
 Parameter: NPOP1TOP -> "0"
 Parameter: NPOP1BOT -> "0"
Evaluating: -74+-3*(0+0)
 Parameter: NCHARGE <- "-74"
  
 CHARMM>    calc ncharge = @ncharge + -5 * ( @npop2top + @npop2bot )
 Parameter: NCHARGE -> "-74"
 Parameter: NPOP2TOP -> "0"
 Parameter: NPOP2BOT -> "0"
Evaluating: -74+-5*(0+0)
 Parameter: NCHARGE <- "-74"
  
 CHARMM>    calc ncharge = @ncharge + -7 * ( @npop3top + @npop3bot )
 Parameter: NCHARGE -> "-74"
 Parameter: NPOP3TOP -> "0"
 Parameter: NPOP3BOT -> "0"
Evaluating: -74+-7*(0+0)
 Parameter: NCHARGE <- "-74"
  
 CHARMM>    calc ncharge = @ncharge + -1 * ( @npopitop + @npopibot )
 Parameter: NCHARGE -> "-74"
 Parameter: NPOPITOP -> "0"
 Parameter: NPOPIBOT -> "0"
Evaluating: -74+-1*(0+0)
 Parameter: NCHARGE <- "-74"
  
 CHARMM>    calc ncharge = @ncharge + -1 * ( @npupitop + @npupibot )
 Parameter: NCHARGE -> "-74"
 Parameter: NPUPITOP -> "0"
 Parameter: NPUPIBOT -> "0"
Evaluating: -74+-1*(0+0)
 Parameter: NCHARGE <- "-74"
  
 CHARMM>    calc ncharge = @ncharge + -3 * ( @npvp1top + @npvp1bot )
 Parameter: NCHARGE -> "-74"
 Parameter: NPVP1TOP -> "0"
 Parameter: NPVP1BOT -> "0"
Evaluating: -74+-3*(0+0)
 Parameter: NCHARGE <- "-74"
  
 CHARMM>    calc ncharge = @ncharge + -5 * ( @npvp2top + @npvp2bot )
 Parameter: NCHARGE -> "-74"
 Parameter: NPVP2TOP -> "0"
 Parameter: NPVP2BOT -> "0"
Evaluating: -74+-5*(0+0)
 Parameter: NCHARGE <- "-74"
  
 CHARMM>    calc ncharge = @ncharge + -7 * ( @npvp3top + @npvp3bot )
 Parameter: NCHARGE -> "-74"
 Parameter: NPVP3TOP -> "0"
 Parameter: NPVP3BOT -> "0"
Evaluating: -74+-7*(0+0)
 Parameter: NCHARGE <- "-74"
  
 CHARMM>    calc ncharge = @ncharge + -1 * ( @npvpitop + @npvpibot )
 Parameter: NCHARGE -> "-74"
 Parameter: NPVPITOP -> "0"
 Parameter: NPVPIBOT -> "0"
Evaluating: -74+-1*(0+0)
 Parameter: NCHARGE <- "-74"
  
 CHARMM>    calc ncharge = @ncharge + -1 * ( @ncdl1top + @ncdl1bot )
 Parameter: NCHARGE -> "-74"
 Parameter: NCDL1TOP -> "0"
 Parameter: NCDL1BOT -> "0"
Evaluating: -74+-1*(0+0)
 Parameter: NCHARGE <- "-74"
  
 CHARMM>    calc ncharge = @ncharge + -2 * ( @ncdl2top + @ncdl2bot )
 Parameter: NCHARGE -> "-74"
 Parameter: NCDL2TOP -> "16"
 Parameter: NCDL2BOT -> "16"
Evaluating: -74+-2*(16+16)
 Parameter: NCHARGE <- "-138"
  
 CHARMM>    calc ncharge = @ncharge + -1 * ( @nacntop + @nacnbot )
 Parameter: NCHARGE -> "-138"
 Parameter: NACNTOP -> "0"
 Parameter: NACNBOT -> "0"
Evaluating: -138+-1*(0+0)
 Parameter: NCHARGE <- "-138"
  
 CHARMM>    calc ncharge = @ncharge + -1 * ( @nbcntop + @nbcnbot )
 Parameter: NCHARGE -> "-138"
 Parameter: NBCNTOP -> "0"
 Parameter: NBCNBOT -> "0"
Evaluating: -138+-1*(0+0)
 Parameter: NCHARGE <- "-138"
  
 CHARMM>    calc ncharge = @ncharge + -1 * ( @nlcntop + @nlcnbot )
 Parameter: NCHARGE -> "-138"
 Parameter: NLCNTOP -> "0"
 Parameter: NLCNBOT -> "0"
Evaluating: -138+-1*(0+0)
 Parameter: NCHARGE <- "-138"
  
 CHARMM>    calc ncharge = @ncharge + -1 * ( @npcntop + @npcnbot )
 Parameter: NCHARGE -> "-138"
 Parameter: NPCNTOP -> "0"
 Parameter: NPCNBOT -> "0"
Evaluating: -138+-1*(0+0)
 Parameter: NCHARGE <- "-138"
  
 CHARMM>    calc ncharge = @ncharge + -1 * ( @nucntop + @nucnbot )
 Parameter: NCHARGE -> "-138"
 Parameter: NUCNTOP -> "0"
 Parameter: NUCNBOT -> "0"
Evaluating: -138+-1*(0+0)
 Parameter: NCHARGE <- "-138"
  
 CHARMM>    calc ncharge = @ncharge + -1 * ( @nxcntop + @nxcnbot )
 Parameter: NCHARGE -> "-138"
 Parameter: NXCNTOP -> "0"
 Parameter: NXCNBOT -> "0"
Evaluating: -138+-1*(0+0)
 Parameter: NCHARGE <- "-138"
  
 CHARMM>    calc ncharge = @ncharge + -1 * ( @nsdstop + @nsdsbot )
 Parameter: NCHARGE -> "-138"
 Parameter: NSDSTOP -> "0"
 Parameter: NSDSBOT -> "0"
Evaluating: -138+-1*(0+0)
 Parameter: NCHARGE <- "-138"
  
 CHARMM>    calc ncharge = @ncharge + -1 * ( @ndbg1top + @ndbg1bot )
 Parameter: NCHARGE -> "-138"
 Parameter: NDBG1TOP -> "0"
 Parameter: NDBG1BOT -> "0"
Evaluating: -138+-1*(0+0)
 Parameter: NCHARGE <- "-138"
  
 CHARMM>    calc ncharge = @ncharge + -1 * ( @ndbg3top + @ndbg3bot )
 Parameter: NCHARGE -> "-138"
 Parameter: NDBG3TOP -> "0"
 Parameter: NDBG3BOT -> "0"
Evaluating: -138+-1*(0+0)
 Parameter: NCHARGE <- "-138"
  
 CHARMM>    calc ncharge = @ncharge + -1 * ( @ndpg1top + @ndpg1bot )
 Parameter: NCHARGE -> "-138"
 Parameter: NDPG1TOP -> "0"
 Parameter: NDPG1BOT -> "0"
Evaluating: -138+-1*(0+0)
 Parameter: NCHARGE <- "-138"
  
 CHARMM>    calc ncharge = @ncharge + -1 * ( @ndpg3top + @ndpg3bot )
 Parameter: NCHARGE -> "-138"
 Parameter: NDPG3TOP -> "0"
 Parameter: NDPG3BOT -> "0"
Evaluating: -138+-1*(0+0)
 Parameter: NCHARGE <- "-138"
  
 CHARMM>    calc ncharge = @ncharge + -1 * ( @ndpsgtop + @ndpsgbot )
 Parameter: NCHARGE -> "-138"
 Parameter: NDPSGTOP -> "0"
 Parameter: NDPSGBOT -> "0"
Evaluating: -138+-1*(0+0)
 Parameter: NCHARGE <- "-138"
  
 CHARMM>    calc ncharge = @ncharge + -1 * ( @ndxg1top + @ndxg1bot )
 Parameter: NCHARGE -> "-138"
 Parameter: NDXG1TOP -> "0"
 Parameter: NDXG1BOT -> "0"
Evaluating: -138+-1*(0+0)
 Parameter: NCHARGE <- "-138"
  
 CHARMM>    calc ncharge = @ncharge + -1 * ( @ndxg3top + @ndxg3bot )
 Parameter: NCHARGE -> "-138"
 Parameter: NDXG3TOP -> "0"
 Parameter: NDXG3BOT -> "0"
Evaluating: -138+-1*(0+0)
 Parameter: NCHARGE <- "-138"
  
 CHARMM>    calc ncharge = @ncharge + -1 * ( @nfpsgtop + @nfpsgbot )
 Parameter: NCHARGE -> "-138"
 Parameter: NFPSGTOP -> "0"
 Parameter: NFPSGBOT -> "0"
Evaluating: -138+-1*(0+0)
 Parameter: NCHARGE <- "-138"
  
 CHARMM>    calc ncharge = @ncharge + -1 * ( @nopsgtop + @nopsgbot )
 Parameter: NCHARGE -> "-138"
 Parameter: NOPSGTOP -> "0"
 Parameter: NOPSGBOT -> "0"
Evaluating: -138+-1*(0+0)
 Parameter: NCHARGE <- "-138"
  
 CHARMM>    calc ncharge = @ncharge + -1 * ( @npng1top + @npng1bot )
 Parameter: NCHARGE -> "-138"
 Parameter: NPNG1TOP -> "0"
 Parameter: NPNG1BOT -> "0"
Evaluating: -138+-1*(0+0)
 Parameter: NCHARGE <- "-138"
  
 CHARMM>    calc ncharge = @ncharge + -1 * ( @npng3top + @npng3bot )
 Parameter: NCHARGE -> "-138"
 Parameter: NPNG3TOP -> "0"
 Parameter: NPNG3BOT -> "0"
Evaluating: -138+-1*(0+0)
 Parameter: NCHARGE <- "-138"
  
 CHARMM>    calc ncharge = @ncharge + -1 * ( @nxng1top + @nxng1bot )
 Parameter: NCHARGE -> "-138"
 Parameter: NXNG1TOP -> "0"
 Parameter: NXNG1BOT -> "0"
Evaluating: -138+-1*(0+0)
 Parameter: NCHARGE <- "-138"
  
 CHARMM>    calc ncharge = @ncharge + -1 * ( @nxng3top + @nxng3bot )
 Parameter: NCHARGE -> "-138"
 Parameter: NXNG3TOP -> "0"
 Parameter: NXNG3BOT -> "0"
Evaluating: -138+-1*(0+0)
 Parameter: NCHARGE <- "-138"
  
 CHARMM>    calc ncharge = @ncharge + -10 * ( @nramptop + @nrampbot )
 Parameter: NCHARGE -> "-138"
 Parameter: NRAMPTOP -> "0"
 Parameter: NRAMPBOT -> "0"
Evaluating: -138+-10*(0+0)
 Parameter: NCHARGE <- "-138"
  
 CHARMM>    calc ncharge = @ncharge + -6 * ( @nremptop + @nrempbot )
 Parameter: NCHARGE -> "-138"
 Parameter: NREMPTOP -> "0"
 Parameter: NREMPBOT -> "0"
Evaluating: -138+-6*(0+0)
 Parameter: NCHARGE <- "-138"
  
 CHARMM>    calc ncharge = @ncharge + -10 * ( @noanttop + @noantbot )
 Parameter: NCHARGE -> "-138"
 Parameter: NOANTTOP -> "0"
 Parameter: NOANTBOT -> "0"
Evaluating: -138+-10*(0+0)
 Parameter: NCHARGE <- "-138"
  
 CHARMM>    calc ncharge = @ncharge + -2 * ( @nmycltop + @nmyclbot )
 Parameter: NCHARGE -> "-138"
 Parameter: NMYCLTOP -> "0"
 Parameter: NMYCLBOT -> "0"
Evaluating: -138+-2*(0+0)
 Parameter: NCHARGE <- "-138"
  
 CHARMM>    calc ncharge = @ncharge + -1 * ( @nmypitop + @nmypibot )
 Parameter: NCHARGE -> "-138"
 Parameter: NMYPITOP -> "0"
 Parameter: NMYPIBOT -> "0"
Evaluating: -138+-1*(0+0)
 Parameter: NCHARGE <- "-138"
  
 CHARMM>    calc ncharge = @ncharge + -1 * ( @npim1top + @npim1bot )
 Parameter: NCHARGE -> "-138"
 Parameter: NPIM1TOP -> "0"
 Parameter: NPIM1BOT -> "0"
Evaluating: -138+-1*(0+0)
 Parameter: NCHARGE <- "-138"
  
 CHARMM>    calc ncharge = @ncharge + -1 * ( @npim2top + @npim2bot )
 Parameter: NCHARGE -> "-138"
 Parameter: NPIM2TOP -> "0"
 Parameter: NPIM2BOT -> "0"
Evaluating: -138+-1*(0+0)
 Parameter: NCHARGE <- "-138"
  
 CHARMM>     
  
 CHARMM>    open write card  unit 51 name step3_size.str
 VOPEN> Attempting to open::step3_size.str::
 OPNLGU> Unit 51 opened for WRITE access to step3_size.str
  
 CHARMM>    write title unit 51
 RDTITL> * SET BOXTYPE  = RECT
 RDTITL> * SET XTLTYPE  = TETRAGONAL
 RDTITL> * SET A        = 103.842188
 RDTITL> * SET B        = 103.842188
 RDTITL> * SET C        = 85
 RDTITL> * SET ALPHA    = 90.0
 RDTITL> * SET BETA     = 90.0
 RDTITL> * SET GAMMA    = 90.0
 RDTITL> * SET ZCEN     = 0
 RDTITL> * SET NLIPTOP  = 162
 RDTITL> * SET NLIPBOT  = 162
 RDTITL> * SET WBOXZ    = 22.5
 RDTITL> * SET WATBOXZ  = 22.5
 RDTITL> * SET NCHARGE  = -138
 RDTITL> *
  
 CHARMM>     
  
 CHARMM>    stop
 VCLOSE: Closing unit   10 with status "KEEP"
 VCLOSE: Closing unit   20 with status "KEEP"
 VCLOSE: Closing unit   51 with status "KEEP"
$$$$$$  New timer profile $$$$$
 Total time                     10.44 Other:            0.00

                    NORMAL TERMINATION BY NORMAL STOP
                    NO WARNINGS WERE ISSUED

                    $$$$$ JOB ACCOUNTING INFORMATION $$$$$
                     ELAPSED TIME:    10.44  SECONDS 
                         CPU TIME:     3.95  SECONDS 
